{"/home/peter/ESS/Spring-Security-d08a7ff3d71050f0f93a0e46e0872a682b5d79d0/src/main/resources/static/conversionTools/Angle_Conversion/angleconversion.js": {"path":"/home/peter/ESS/Spring-Security-d08a7ff3d71050f0f93a0e46e0872a682b5d79d0/src/main/resources/static/conversionTools/Angle_Conversion/angleconversion.js","statementMap":{"0":{"start":{"line":3,"column":4},"end":{"line":3,"column":32}},"1":{"start":{"line":4,"column":4},"end":{"line":4,"column":76}},"2":{"start":{"line":9,"column":4},"end":{"line":9,"column":32}},"3":{"start":{"line":10,"column":4},"end":{"line":10,"column":74}},"4":{"start":{"line":13,"column":0},"end":{"line":13,"column":53}},"5":{"start":{"line":14,"column":0},"end":{"line":14,"column":53}}},"fnMap":{"0":{"name":"degangleConverter","decl":{"start":{"line":2,"column":9},"end":{"line":2,"column":26}},"loc":{"start":{"line":2,"column":35},"end":{"line":5,"column":3}},"line":2},"1":{"name":"radangleConverter","decl":{"start":{"line":8,"column":11},"end":{"line":8,"column":28}},"loc":{"start":{"line":8,"column":37},"end":{"line":11,"column":3}},"line":8}},"branchMap":{},"s":{"0":1,"1":1,"2":1,"3":1,"4":1,"5":1},"f":{"0":1,"1":1},"b":{},"_coverageSchema":"1a1c01bbd47fc00a2c39e90264f33305004495a9","hash":"8d1692196c7eb4f6e0918554b845f9d89142889b"}
,"/home/peter/ESS/Spring-Security-d08a7ff3d71050f0f93a0e46e0872a682b5d79d0/src/main/resources/static/conversionTools/Energy/energy.js": {"path":"/home/peter/ESS/Spring-Security-d08a7ff3d71050f0f93a0e46e0872a682b5d79d0/src/main/resources/static/conversionTools/Energy/energy.js","statementMap":{"0":{"start":{"line":1,"column":16},"end":{"line":1,"column":18}},"1":{"start":{"line":2,"column":0},"end":{"line":2,"column":32}},"2":{"start":{"line":3,"column":0},"end":{"line":3,"column":29}},"3":{"start":{"line":4,"column":0},"end":{"line":4,"column":26}},"4":{"start":{"line":5,"column":0},"end":{"line":5,"column":21}},"5":{"start":{"line":6,"column":0},"end":{"line":6,"column":25}},"6":{"start":{"line":7,"column":0},"end":{"line":7,"column":28}},"7":{"start":{"line":8,"column":0},"end":{"line":8,"column":31}},"8":{"start":{"line":9,"column":0},"end":{"line":9,"column":26}},"9":{"start":{"line":10,"column":0},"end":{"line":10,"column":30}},"10":{"start":{"line":11,"column":0},"end":{"line":11,"column":33}},"11":{"start":{"line":12,"column":0},"end":{"line":12,"column":36}},"12":{"start":{"line":13,"column":0},"end":{"line":13,"column":30}},"13":{"start":{"line":14,"column":0},"end":{"line":14,"column":31}},"14":{"start":{"line":15,"column":0},"end":{"line":15,"column":29}},"15":{"start":{"line":16,"column":0},"end":{"line":16,"column":29}},"16":{"start":{"line":17,"column":0},"end":{"line":17,"column":35}},"17":{"start":{"line":18,"column":0},"end":{"line":18,"column":35}},"18":{"start":{"line":19,"column":0},"end":{"line":19,"column":36}},"19":{"start":{"line":20,"column":0},"end":{"line":20,"column":36}},"20":{"start":{"line":21,"column":0},"end":{"line":21,"column":36}},"21":{"start":{"line":22,"column":0},"end":{"line":22,"column":26}},"22":{"start":{"line":23,"column":0},"end":{"line":23,"column":22}},"23":{"start":{"line":24,"column":0},"end":{"line":24,"column":29}},"24":{"start":{"line":25,"column":0},"end":{"line":25,"column":36}},"25":{"start":{"line":26,"column":0},"end":{"line":26,"column":33}},"26":{"start":{"line":27,"column":0},"end":{"line":27,"column":36}},"27":{"start":{"line":28,"column":0},"end":{"line":28,"column":34}},"28":{"start":{"line":29,"column":0},"end":{"line":29,"column":37}},"29":{"start":{"line":30,"column":0},"end":{"line":30,"column":36}},"30":{"start":{"line":31,"column":0},"end":{"line":31,"column":37}},"31":{"start":{"line":32,"column":0},"end":{"line":32,"column":35}},"32":{"start":{"line":33,"column":0},"end":{"line":33,"column":37}},"33":{"start":{"line":34,"column":0},"end":{"line":34,"column":32}},"34":{"start":{"line":35,"column":0},"end":{"line":35,"column":32}},"35":{"start":{"line":36,"column":0},"end":{"line":36,"column":36}},"36":{"start":{"line":37,"column":0},"end":{"line":37,"column":39}},"37":{"start":{"line":41,"column":12},"end":{"line":41,"column":14}},"38":{"start":{"line":42,"column":0},"end":{"line":42,"column":21}},"39":{"start":{"line":43,"column":0},"end":{"line":43,"column":24}},"40":{"start":{"line":44,"column":0},"end":{"line":44,"column":21}},"41":{"start":{"line":45,"column":0},"end":{"line":45,"column":19}},"42":{"start":{"line":46,"column":0},"end":{"line":46,"column":21}},"43":{"start":{"line":47,"column":0},"end":{"line":47,"column":21}},"44":{"start":{"line":48,"column":0},"end":{"line":48,"column":21}},"45":{"start":{"line":49,"column":0},"end":{"line":49,"column":23}},"46":{"start":{"line":50,"column":0},"end":{"line":50,"column":25}},"47":{"start":{"line":51,"column":0},"end":{"line":51,"column":25}},"48":{"start":{"line":52,"column":0},"end":{"line":52,"column":25}},"49":{"start":{"line":53,"column":0},"end":{"line":53,"column":30}},"50":{"start":{"line":54,"column":0},"end":{"line":54,"column":32}},"51":{"start":{"line":55,"column":0},"end":{"line":55,"column":30}},"52":{"start":{"line":56,"column":0},"end":{"line":56,"column":32}},"53":{"start":{"line":57,"column":0},"end":{"line":57,"column":25}},"54":{"start":{"line":58,"column":0},"end":{"line":58,"column":21}},"55":{"start":{"line":59,"column":0},"end":{"line":59,"column":23}},"56":{"start":{"line":60,"column":0},"end":{"line":60,"column":23}},"57":{"start":{"line":61,"column":0},"end":{"line":61,"column":23}},"58":{"start":{"line":62,"column":0},"end":{"line":62,"column":23}},"59":{"start":{"line":63,"column":0},"end":{"line":63,"column":22}},"60":{"start":{"line":64,"column":0},"end":{"line":64,"column":29}},"61":{"start":{"line":65,"column":0},"end":{"line":65,"column":27}},"62":{"start":{"line":66,"column":0},"end":{"line":66,"column":25}},"63":{"start":{"line":67,"column":0},"end":{"line":67,"column":27}},"64":{"start":{"line":68,"column":0},"end":{"line":68,"column":29}},"65":{"start":{"line":69,"column":0},"end":{"line":69,"column":29}},"66":{"start":{"line":70,"column":0},"end":{"line":70,"column":29}},"67":{"start":{"line":71,"column":0},"end":{"line":71,"column":29}},"68":{"start":{"line":72,"column":0},"end":{"line":72,"column":25}},"69":{"start":{"line":73,"column":0},"end":{"line":73,"column":31}},"70":{"start":{"line":74,"column":0},"end":{"line":74,"column":31}},"71":{"start":{"line":75,"column":0},"end":{"line":75,"column":35}},"72":{"start":{"line":76,"column":0},"end":{"line":76,"column":37}},"73":{"start":{"line":77,"column":0},"end":{"line":77,"column":37}},"74":{"start":{"line":79,"column":31},"end":{"line":91,"column":1}},"75":{"start":{"line":80,"column":21},"end":{"line":80,"column":22}},"76":{"start":{"line":82,"column":4},"end":{"line":85,"column":5}},"77":{"start":{"line":83,"column":8},"end":{"line":83,"column":41}},"78":{"start":{"line":84,"column":8},"end":{"line":84,"column":56}},"79":{"start":{"line":86,"column":4},"end":{"line":89,"column":5}},"80":{"start":{"line":87,"column":20},"end":{"line":87,"column":43}},"81":{"start":{"line":88,"column":8},"end":{"line":88,"column":64}},"82":{"start":{"line":90,"column":4},"end":{"line":90,"column":22}},"83":{"start":{"line":94,"column":13},"end":{"line":94,"column":14}},"84":{"start":{"line":97,"column":18},"end":{"line":97,"column":85}},"85":{"start":{"line":98,"column":18},"end":{"line":98,"column":66}},"86":{"start":{"line":99,"column":29},"end":{"line":99,"column":102}},"87":{"start":{"line":100,"column":1},"end":{"line":100,"column":61}},"88":{"start":{"line":101,"column":1},"end":{"line":101,"column":88}},"89":{"start":{"line":102,"column":1},"end":{"line":102,"column":160}},"90":{"start":{"line":106,"column":15},"end":{"line":106,"column":82}},"91":{"start":{"line":107,"column":18},"end":{"line":107,"column":66}},"92":{"start":{"line":108,"column":29},"end":{"line":108,"column":102}},"93":{"start":{"line":109,"column":1},"end":{"line":109,"column":61}},"94":{"start":{"line":110,"column":1},"end":{"line":110,"column":88}},"95":{"start":{"line":111,"column":1},"end":{"line":111,"column":160}},"96":{"start":{"line":114,"column":1},"end":{"line":114,"column":43}},"97":{"start":{"line":115,"column":1},"end":{"line":115,"column":18}}},"fnMap":{"0":{"name":"(anonymous_0)","decl":{"start":{"line":79,"column":31},"end":{"line":79,"column":32}},"loc":{"start":{"line":79,"column":38},"end":{"line":91,"column":1}},"line":79},"1":{"name":"calculateUnit1","decl":{"start":{"line":96,"column":9},"end":{"line":96,"column":23}},"loc":{"start":{"line":96,"column":25},"end":{"line":103,"column":1}},"line":96},"2":{"name":"calculateUnit2","decl":{"start":{"line":105,"column":9},"end":{"line":105,"column":23}},"loc":{"start":{"line":105,"column":25},"end":{"line":112,"column":1}},"line":105},"3":{"name":"recalculateUnits","decl":{"start":{"line":113,"column":9},"end":{"line":113,"column":25}},"loc":{"start":{"line":113,"column":27},"end":{"line":116,"column":1}},"line":113}},"branchMap":{"0":{"loc":{"start":{"line":82,"column":4},"end":{"line":85,"column":5}},"type":"if","locations":[{"start":{"line":82,"column":4},"end":{"line":85,"column":5}},{"start":{"line":82,"column":4},"end":{"line":85,"column":5}}],"line":82},"1":{"loc":{"start":{"line":86,"column":4},"end":{"line":89,"column":5}},"type":"if","locations":[{"start":{"line":86,"column":4},"end":{"line":89,"column":5}},{"start":{"line":86,"column":4},"end":{"line":89,"column":5}}],"line":86}},"s":{"0":0,"1":0,"2":0,"3":0,"4":0,"5":0,"6":0,"7":0,"8":0,"9":0,"10":0,"11":0,"12":0,"13":0,"14":0,"15":0,"16":0,"17":0,"18":0,"19":0,"20":0,"21":0,"22":0,"23":0,"24":0,"25":0,"26":0,"27":0,"28":0,"29":0,"30":0,"31":0,"32":0,"33":0,"34":0,"35":0,"36":0,"37":0,"38":0,"39":0,"40":0,"41":0,"42":0,"43":0,"44":0,"45":0,"46":0,"47":0,"48":0,"49":0,"50":0,"51":0,"52":0,"53":0,"54":0,"55":0,"56":0,"57":0,"58":0,"59":0,"60":0,"61":0,"62":0,"63":0,"64":0,"65":0,"66":0,"67":0,"68":0,"69":0,"70":0,"71":0,"72":0,"73":0,"74":0,"75":0,"76":0,"77":0,"78":0,"79":0,"80":0,"81":0,"82":0,"83":0,"84":0,"85":0,"86":0,"87":0,"88":0,"89":0,"90":0,"91":0,"92":0,"93":0,"94":0,"95":0,"96":0,"97":0},"f":{"0":0,"1":0,"2":0,"3":0},"b":{"0":[0,0],"1":[0,0]}}
,"/home/peter/ESS/Spring-Security-d08a7ff3d71050f0f93a0e46e0872a682b5d79d0/src/main/resources/static/conversionTools/Torque/torque.js": {"path":"/home/peter/ESS/Spring-Security-d08a7ff3d71050f0f93a0e46e0872a682b5d79d0/src/main/resources/static/conversionTools/Torque/torque.js","statementMap":{"0":{"start":{"line":4,"column":22},"end":{"line":4,"column":71}},"1":{"start":{"line":5,"column":23},"end":{"line":5,"column":73}},"2":{"start":{"line":7,"column":18},"end":{"line":7,"column":63}},"3":{"start":{"line":8,"column":19},"end":{"line":8,"column":59}},"4":{"start":{"line":11,"column":15},"end":{"line":11,"column":27}},"5":{"start":{"line":16,"column":4},"end":{"line":121,"column":5}},"6":{"start":{"line":18,"column":24},"end":{"line":18,"column":47}},"7":{"start":{"line":19,"column":12},"end":{"line":19,"column":43}},"8":{"start":{"line":21,"column":6},"end":{"line":121,"column":5}},"9":{"start":{"line":23,"column":22},"end":{"line":23,"column":56}},"10":{"start":{"line":24,"column":12},"end":{"line":24,"column":43}},"11":{"start":{"line":26,"column":6},"end":{"line":121,"column":5}},"12":{"start":{"line":28,"column":18},"end":{"line":28,"column":50}},"13":{"start":{"line":29,"column":8},"end":{"line":29,"column":39}},"14":{"start":{"line":31,"column":6},"end":{"line":121,"column":5}},"15":{"start":{"line":33,"column":18},"end":{"line":33,"column":51}},"16":{"start":{"line":34,"column":8},"end":{"line":34,"column":39}},"17":{"start":{"line":38,"column":6},"end":{"line":121,"column":5}},"18":{"start":{"line":40,"column":19},"end":{"line":40,"column":50}},"19":{"start":{"line":41,"column":8},"end":{"line":41,"column":39}},"20":{"start":{"line":43,"column":6},"end":{"line":121,"column":5}},"21":{"start":{"line":45,"column":14},"end":{"line":45,"column":68}},"22":{"start":{"line":46,"column":8},"end":{"line":46,"column":39}},"23":{"start":{"line":48,"column":9},"end":{"line":121,"column":5}},"24":{"start":{"line":50,"column":19},"end":{"line":50,"column":70}},"25":{"start":{"line":51,"column":8},"end":{"line":51,"column":39}},"26":{"start":{"line":53,"column":6},"end":{"line":121,"column":5}},"27":{"start":{"line":55,"column":19},"end":{"line":55,"column":70}},"28":{"start":{"line":56,"column":8},"end":{"line":56,"column":39}},"29":{"start":{"line":61,"column":6},"end":{"line":121,"column":5}},"30":{"start":{"line":63,"column":23},"end":{"line":63,"column":46}},"31":{"start":{"line":64,"column":12},"end":{"line":64,"column":44}},"32":{"start":{"line":66,"column":6},"end":{"line":121,"column":5}},"33":{"start":{"line":68,"column":22},"end":{"line":68,"column":46}},"34":{"start":{"line":69,"column":12},"end":{"line":69,"column":44}},"35":{"start":{"line":70,"column":10},"end":{"line":121,"column":5}},"36":{"start":{"line":72,"column":13},"end":{"line":72,"column":44}},"37":{"start":{"line":73,"column":12},"end":{"line":73,"column":44}},"38":{"start":{"line":75,"column":6},"end":{"line":121,"column":5}},"39":{"start":{"line":77,"column":13},"end":{"line":77,"column":45}},"40":{"start":{"line":78,"column":12},"end":{"line":78,"column":44}},"41":{"start":{"line":82,"column":6},"end":{"line":121,"column":5}},"42":{"start":{"line":84,"column":23},"end":{"line":84,"column":48}},"43":{"start":{"line":85,"column":12},"end":{"line":85,"column":44}},"44":{"start":{"line":87,"column":6},"end":{"line":121,"column":5}},"45":{"start":{"line":89,"column":22},"end":{"line":89,"column":45}},"46":{"start":{"line":90,"column":12},"end":{"line":90,"column":44}},"47":{"start":{"line":91,"column":10},"end":{"line":121,"column":5}},"48":{"start":{"line":93,"column":13},"end":{"line":93,"column":48}},"49":{"start":{"line":94,"column":12},"end":{"line":94,"column":44}},"50":{"start":{"line":96,"column":6},"end":{"line":121,"column":5}},"51":{"start":{"line":98,"column":13},"end":{"line":98,"column":46}},"52":{"start":{"line":99,"column":12},"end":{"line":99,"column":44}},"53":{"start":{"line":103,"column":6},"end":{"line":121,"column":5}},"54":{"start":{"line":105,"column":23},"end":{"line":105,"column":47}},"55":{"start":{"line":106,"column":12},"end":{"line":106,"column":44}},"56":{"start":{"line":108,"column":6},"end":{"line":121,"column":5}},"57":{"start":{"line":110,"column":22},"end":{"line":110,"column":46}},"58":{"start":{"line":111,"column":12},"end":{"line":111,"column":44}},"59":{"start":{"line":112,"column":10},"end":{"line":121,"column":5}},"60":{"start":{"line":114,"column":13},"end":{"line":114,"column":47}},"61":{"start":{"line":115,"column":12},"end":{"line":115,"column":44}},"62":{"start":{"line":117,"column":6},"end":{"line":121,"column":5}},"63":{"start":{"line":119,"column":22},"end":{"line":119,"column":55}},"64":{"start":{"line":120,"column":12},"end":{"line":120,"column":44}},"65":{"start":{"line":125,"column":1},"end":{"line":132,"column":2}},"66":{"start":{"line":127,"column":2},"end":{"line":127,"column":45}},"67":{"start":{"line":131,"column":2},"end":{"line":131,"column":29}},"68":{"start":{"line":138,"column":20},"end":{"line":138,"column":61}},"69":{"start":{"line":139,"column":1},"end":{"line":139,"column":56}},"70":{"start":{"line":142,"column":0},"end":{"line":142,"column":7}}},"fnMap":{"0":{"name":"converttorque","decl":{"start":{"line":2,"column":9},"end":{"line":2,"column":22}},"loc":{"start":{"line":2,"column":25},"end":{"line":134,"column":1}},"line":2},"1":{"name":"main","decl":{"start":{"line":137,"column":9},"end":{"line":137,"column":13}},"loc":{"start":{"line":137,"column":24},"end":{"line":141,"column":1}},"line":137}},"branchMap":{"0":{"loc":{"start":{"line":16,"column":4},"end":{"line":121,"column":5}},"type":"if","locations":[{"start":{"line":16,"column":4},"end":{"line":121,"column":5}},{"start":{"line":16,"column":4},"end":{"line":121,"column":5}}],"line":16},"1":{"loc":{"start":{"line":16,"column":7},"end":{"line":16,"column":62}},"type":"binary-expr","locations":[{"start":{"line":16,"column":7},"end":{"line":16,"column":31}},{"start":{"line":16,"column":35},"end":{"line":16,"column":62}}],"line":16},"2":{"loc":{"start":{"line":21,"column":6},"end":{"line":121,"column":5}},"type":"if","locations":[{"start":{"line":21,"column":6},"end":{"line":121,"column":5}},{"start":{"line":21,"column":6},"end":{"line":121,"column":5}}],"line":21},"3":{"loc":{"start":{"line":21,"column":9},"end":{"line":21,"column":64}},"type":"binary-expr","locations":[{"start":{"line":21,"column":9},"end":{"line":21,"column":33}},{"start":{"line":21,"column":37},"end":{"line":21,"column":64}}],"line":21},"4":{"loc":{"start":{"line":26,"column":6},"end":{"line":121,"column":5}},"type":"if","locations":[{"start":{"line":26,"column":6},"end":{"line":121,"column":5}},{"start":{"line":26,"column":6},"end":{"line":121,"column":5}}],"line":26},"5":{"loc":{"start":{"line":26,"column":9},"end":{"line":26,"column":65}},"type":"binary-expr","locations":[{"start":{"line":26,"column":9},"end":{"line":26,"column":33}},{"start":{"line":26,"column":37},"end":{"line":26,"column":65}}],"line":26},"6":{"loc":{"start":{"line":31,"column":6},"end":{"line":121,"column":5}},"type":"if","locations":[{"start":{"line":31,"column":6},"end":{"line":121,"column":5}},{"start":{"line":31,"column":6},"end":{"line":121,"column":5}}],"line":31},"7":{"loc":{"start":{"line":31,"column":9},"end":{"line":31,"column":65}},"type":"binary-expr","locations":[{"start":{"line":31,"column":9},"end":{"line":31,"column":33}},{"start":{"line":31,"column":37},"end":{"line":31,"column":65}}],"line":31},"8":{"loc":{"start":{"line":38,"column":6},"end":{"line":121,"column":5}},"type":"if","locations":[{"start":{"line":38,"column":6},"end":{"line":121,"column":5}},{"start":{"line":38,"column":6},"end":{"line":121,"column":5}}],"line":38},"9":{"loc":{"start":{"line":38,"column":9},"end":{"line":38,"column":64}},"type":"binary-expr","locations":[{"start":{"line":38,"column":9},"end":{"line":38,"column":35}},{"start":{"line":38,"column":39},"end":{"line":38,"column":64}}],"line":38},"10":{"loc":{"start":{"line":43,"column":6},"end":{"line":121,"column":5}},"type":"if","locations":[{"start":{"line":43,"column":6},"end":{"line":121,"column":5}},{"start":{"line":43,"column":6},"end":{"line":121,"column":5}}],"line":43},"11":{"loc":{"start":{"line":43,"column":9},"end":{"line":43,"column":66}},"type":"binary-expr","locations":[{"start":{"line":43,"column":9},"end":{"line":43,"column":35}},{"start":{"line":43,"column":39},"end":{"line":43,"column":66}}],"line":43},"12":{"loc":{"start":{"line":48,"column":9},"end":{"line":121,"column":5}},"type":"if","locations":[{"start":{"line":48,"column":9},"end":{"line":121,"column":5}},{"start":{"line":48,"column":9},"end":{"line":121,"column":5}}],"line":48},"13":{"loc":{"start":{"line":48,"column":12},"end":{"line":48,"column":70}},"type":"binary-expr","locations":[{"start":{"line":48,"column":12},"end":{"line":48,"column":38}},{"start":{"line":48,"column":42},"end":{"line":48,"column":70}}],"line":48},"14":{"loc":{"start":{"line":53,"column":6},"end":{"line":121,"column":5}},"type":"if","locations":[{"start":{"line":53,"column":6},"end":{"line":121,"column":5}},{"start":{"line":53,"column":6},"end":{"line":121,"column":5}}],"line":53},"15":{"loc":{"start":{"line":53,"column":9},"end":{"line":53,"column":67}},"type":"binary-expr","locations":[{"start":{"line":53,"column":9},"end":{"line":53,"column":35}},{"start":{"line":53,"column":39},"end":{"line":53,"column":67}}],"line":53},"16":{"loc":{"start":{"line":61,"column":6},"end":{"line":121,"column":5}},"type":"if","locations":[{"start":{"line":61,"column":6},"end":{"line":121,"column":5}},{"start":{"line":61,"column":6},"end":{"line":121,"column":5}}],"line":61},"17":{"loc":{"start":{"line":61,"column":9},"end":{"line":61,"column":64}},"type":"binary-expr","locations":[{"start":{"line":61,"column":9},"end":{"line":61,"column":35}},{"start":{"line":61,"column":39},"end":{"line":61,"column":64}}],"line":61},"18":{"loc":{"start":{"line":66,"column":6},"end":{"line":121,"column":5}},"type":"if","locations":[{"start":{"line":66,"column":6},"end":{"line":121,"column":5}},{"start":{"line":66,"column":6},"end":{"line":121,"column":5}}],"line":66},"19":{"loc":{"start":{"line":66,"column":9},"end":{"line":66,"column":66}},"type":"binary-expr","locations":[{"start":{"line":66,"column":9},"end":{"line":66,"column":35}},{"start":{"line":66,"column":39},"end":{"line":66,"column":66}}],"line":66},"20":{"loc":{"start":{"line":70,"column":10},"end":{"line":121,"column":5}},"type":"if","locations":[{"start":{"line":70,"column":10},"end":{"line":121,"column":5}},{"start":{"line":70,"column":10},"end":{"line":121,"column":5}}],"line":70},"21":{"loc":{"start":{"line":70,"column":13},"end":{"line":70,"column":71}},"type":"binary-expr","locations":[{"start":{"line":70,"column":13},"end":{"line":70,"column":39}},{"start":{"line":70,"column":43},"end":{"line":70,"column":71}}],"line":70},"22":{"loc":{"start":{"line":75,"column":6},"end":{"line":121,"column":5}},"type":"if","locations":[{"start":{"line":75,"column":6},"end":{"line":121,"column":5}},{"start":{"line":75,"column":6},"end":{"line":121,"column":5}}],"line":75},"23":{"loc":{"start":{"line":75,"column":9},"end":{"line":75,"column":67}},"type":"binary-expr","locations":[{"start":{"line":75,"column":9},"end":{"line":75,"column":35}},{"start":{"line":75,"column":39},"end":{"line":75,"column":67}}],"line":75},"24":{"loc":{"start":{"line":82,"column":6},"end":{"line":121,"column":5}},"type":"if","locations":[{"start":{"line":82,"column":6},"end":{"line":121,"column":5}},{"start":{"line":82,"column":6},"end":{"line":121,"column":5}}],"line":82},"25":{"loc":{"start":{"line":82,"column":9},"end":{"line":82,"column":65}},"type":"binary-expr","locations":[{"start":{"line":82,"column":9},"end":{"line":82,"column":36}},{"start":{"line":82,"column":40},"end":{"line":82,"column":65}}],"line":82},"26":{"loc":{"start":{"line":87,"column":6},"end":{"line":121,"column":5}},"type":"if","locations":[{"start":{"line":87,"column":6},"end":{"line":121,"column":5}},{"start":{"line":87,"column":6},"end":{"line":121,"column":5}}],"line":87},"27":{"loc":{"start":{"line":87,"column":9},"end":{"line":87,"column":67}},"type":"binary-expr","locations":[{"start":{"line":87,"column":9},"end":{"line":87,"column":36}},{"start":{"line":87,"column":40},"end":{"line":87,"column":67}}],"line":87},"28":{"loc":{"start":{"line":91,"column":10},"end":{"line":121,"column":5}},"type":"if","locations":[{"start":{"line":91,"column":10},"end":{"line":121,"column":5}},{"start":{"line":91,"column":10},"end":{"line":121,"column":5}}],"line":91},"29":{"loc":{"start":{"line":91,"column":13},"end":{"line":91,"column":71}},"type":"binary-expr","locations":[{"start":{"line":91,"column":13},"end":{"line":91,"column":40}},{"start":{"line":91,"column":44},"end":{"line":91,"column":71}}],"line":91},"30":{"loc":{"start":{"line":96,"column":6},"end":{"line":121,"column":5}},"type":"if","locations":[{"start":{"line":96,"column":6},"end":{"line":121,"column":5}},{"start":{"line":96,"column":6},"end":{"line":121,"column":5}}],"line":96},"31":{"loc":{"start":{"line":96,"column":9},"end":{"line":96,"column":68}},"type":"binary-expr","locations":[{"start":{"line":96,"column":9},"end":{"line":96,"column":36}},{"start":{"line":96,"column":40},"end":{"line":96,"column":68}}],"line":96},"32":{"loc":{"start":{"line":103,"column":6},"end":{"line":121,"column":5}},"type":"if","locations":[{"start":{"line":103,"column":6},"end":{"line":121,"column":5}},{"start":{"line":103,"column":6},"end":{"line":121,"column":5}}],"line":103},"33":{"loc":{"start":{"line":103,"column":9},"end":{"line":103,"column":65}},"type":"binary-expr","locations":[{"start":{"line":103,"column":9},"end":{"line":103,"column":36}},{"start":{"line":103,"column":40},"end":{"line":103,"column":65}}],"line":103},"34":{"loc":{"start":{"line":108,"column":6},"end":{"line":121,"column":5}},"type":"if","locations":[{"start":{"line":108,"column":6},"end":{"line":121,"column":5}},{"start":{"line":108,"column":6},"end":{"line":121,"column":5}}],"line":108},"35":{"loc":{"start":{"line":108,"column":9},"end":{"line":108,"column":67}},"type":"binary-expr","locations":[{"start":{"line":108,"column":9},"end":{"line":108,"column":36}},{"start":{"line":108,"column":40},"end":{"line":108,"column":67}}],"line":108},"36":{"loc":{"start":{"line":112,"column":10},"end":{"line":121,"column":5}},"type":"if","locations":[{"start":{"line":112,"column":10},"end":{"line":121,"column":5}},{"start":{"line":112,"column":10},"end":{"line":121,"column":5}}],"line":112},"37":{"loc":{"start":{"line":112,"column":13},"end":{"line":112,"column":71}},"type":"binary-expr","locations":[{"start":{"line":112,"column":13},"end":{"line":112,"column":40}},{"start":{"line":112,"column":44},"end":{"line":112,"column":71}}],"line":112},"38":{"loc":{"start":{"line":117,"column":6},"end":{"line":121,"column":5}},"type":"if","locations":[{"start":{"line":117,"column":6},"end":{"line":121,"column":5}},{"start":{"line":117,"column":6},"end":{"line":121,"column":5}}],"line":117},"39":{"loc":{"start":{"line":117,"column":9},"end":{"line":117,"column":68}},"type":"binary-expr","locations":[{"start":{"line":117,"column":9},"end":{"line":117,"column":36}},{"start":{"line":117,"column":40},"end":{"line":117,"column":68}}],"line":117},"40":{"loc":{"start":{"line":125,"column":1},"end":{"line":132,"column":2}},"type":"if","locations":[{"start":{"line":125,"column":1},"end":{"line":132,"column":2}},{"start":{"line":125,"column":1},"end":{"line":132,"column":2}}],"line":125}},"s":{"0":0,"1":0,"2":0,"3":0,"4":0,"5":0,"6":0,"7":0,"8":0,"9":0,"10":0,"11":0,"12":0,"13":0,"14":0,"15":0,"16":0,"17":0,"18":0,"19":0,"20":0,"21":0,"22":0,"23":0,"24":0,"25":0,"26":0,"27":0,"28":0,"29":0,"30":0,"31":0,"32":0,"33":0,"34":0,"35":0,"36":0,"37":0,"38":0,"39":0,"40":0,"41":0,"42":0,"43":0,"44":0,"45":0,"46":0,"47":0,"48":0,"49":0,"50":0,"51":0,"52":0,"53":0,"54":0,"55":0,"56":0,"57":0,"58":0,"59":0,"60":0,"61":0,"62":0,"63":0,"64":0,"65":0,"66":0,"67":0,"68":0,"69":0,"70":0},"f":{"0":0,"1":0},"b":{"0":[0,0],"1":[0,0],"2":[0,0],"3":[0,0],"4":[0,0],"5":[0,0],"6":[0,0],"7":[0,0],"8":[0,0],"9":[0,0],"10":[0,0],"11":[0,0],"12":[0,0],"13":[0,0],"14":[0,0],"15":[0,0],"16":[0,0],"17":[0,0],"18":[0,0],"19":[0,0],"20":[0,0],"21":[0,0],"22":[0,0],"23":[0,0],"24":[0,0],"25":[0,0],"26":[0,0],"27":[0,0],"28":[0,0],"29":[0,0],"30":[0,0],"31":[0,0],"32":[0,0],"33":[0,0],"34":[0,0],"35":[0,0],"36":[0,0],"37":[0,0],"38":[0,0],"39":[0,0],"40":[0,0]}}
,"/home/peter/ESS/Spring-Security-d08a7ff3d71050f0f93a0e46e0872a682b5d79d0/src/main/resources/static/conversionTools/currency/currency.js": {"path":"/home/peter/ESS/Spring-Security-d08a7ff3d71050f0f93a0e46e0872a682b5d79d0/src/main/resources/static/conversionTools/currency/currency.js","statementMap":{"0":{"start":{"line":1,"column":24},"end":{"line":1,"column":64}},"1":{"start":{"line":2,"column":23},"end":{"line":2,"column":62}},"2":{"start":{"line":3,"column":22},"end":{"line":3,"column":60}},"3":{"start":{"line":4,"column":21},"end":{"line":4,"column":58}},"4":{"start":{"line":5,"column":15},"end":{"line":5,"column":46}},"5":{"start":{"line":6,"column":17},"end":{"line":6,"column":52}},"6":{"start":{"line":8,"column":0},"end":{"line":8,"column":54}},"7":{"start":{"line":9,"column":0},"end":{"line":9,"column":52}},"8":{"start":{"line":10,"column":0},"end":{"line":10,"column":52}},"9":{"start":{"line":11,"column":0},"end":{"line":11,"column":50}},"10":{"start":{"line":13,"column":0},"end":{"line":18,"column":3}},"11":{"start":{"line":14,"column":15},"end":{"line":14,"column":36}},"12":{"start":{"line":15,"column":2},"end":{"line":15,"column":46}},"13":{"start":{"line":16,"column":2},"end":{"line":16,"column":29}},"14":{"start":{"line":17,"column":2},"end":{"line":17,"column":14}},"15":{"start":{"line":21,"column":24},"end":{"line":21,"column":45}},"16":{"start":{"line":22,"column":22},"end":{"line":22,"column":41}},"17":{"start":{"line":24,"column":2},"end":{"line":30,"column":7}},"18":{"start":{"line":25,"column":19},"end":{"line":25,"column":29}},"19":{"start":{"line":27,"column":19},"end":{"line":27,"column":41}},"20":{"start":{"line":28,"column":6},"end":{"line":28,"column":71}},"21":{"start":{"line":29,"column":6},"end":{"line":29,"column":68}},"22":{"start":{"line":33,"column":0},"end":{"line":33,"column":12}}},"fnMap":{"0":{"name":"(anonymous_0)","decl":{"start":{"line":13,"column":35},"end":{"line":13,"column":36}},"loc":{"start":{"line":13,"column":41},"end":{"line":18,"column":1}},"line":13},"1":{"name":"calculate","decl":{"start":{"line":20,"column":9},"end":{"line":20,"column":18}},"loc":{"start":{"line":20,"column":21},"end":{"line":31,"column":1}},"line":20},"2":{"name":"(anonymous_2)","decl":{"start":{"line":25,"column":10},"end":{"line":25,"column":11}},"loc":{"start":{"line":25,"column":19},"end":{"line":25,"column":29}},"line":25},"3":{"name":"(anonymous_3)","decl":{"start":{"line":26,"column":10},"end":{"line":26,"column":11}},"loc":{"start":{"line":26,"column":19},"end":{"line":30,"column":5}},"line":26}},"branchMap":{},"s":{"0":0,"1":0,"2":0,"3":0,"4":0,"5":0,"6":0,"7":0,"8":0,"9":0,"10":0,"11":0,"12":0,"13":0,"14":0,"15":0,"16":0,"17":0,"18":0,"19":0,"20":0,"21":0,"22":0},"f":{"0":0,"1":0,"2":0,"3":0},"b":{}}
,"/home/peter/ESS/Spring-Security-d08a7ff3d71050f0f93a0e46e0872a682b5d79d0/src/main/resources/static/conversionTools/density/density.js": {"path":"/home/peter/ESS/Spring-Security-d08a7ff3d71050f0f93a0e46e0872a682b5d79d0/src/main/resources/static/conversionTools/density/density.js","statementMap":{"0":{"start":{"line":1,"column":6},"end":{"line":1,"column":8}},"1":{"start":{"line":2,"column":0},"end":{"line":2,"column":16}},"2":{"start":{"line":3,"column":0},"end":{"line":3,"column":20}},"3":{"start":{"line":4,"column":0},"end":{"line":4,"column":16}},"4":{"start":{"line":5,"column":0},"end":{"line":5,"column":13}},"5":{"start":{"line":6,"column":0},"end":{"line":6,"column":16}},"6":{"start":{"line":7,"column":0},"end":{"line":7,"column":12}},"7":{"start":{"line":8,"column":0},"end":{"line":8,"column":16}},"8":{"start":{"line":9,"column":0},"end":{"line":9,"column":20}},"9":{"start":{"line":10,"column":0},"end":{"line":10,"column":20}},"10":{"start":{"line":11,"column":0},"end":{"line":11,"column":23}},"11":{"start":{"line":12,"column":0},"end":{"line":12,"column":21}},"12":{"start":{"line":13,"column":0},"end":{"line":13,"column":21}},"13":{"start":{"line":14,"column":0},"end":{"line":14,"column":23}},"14":{"start":{"line":15,"column":0},"end":{"line":15,"column":23}},"15":{"start":{"line":16,"column":0},"end":{"line":16,"column":24}},"16":{"start":{"line":17,"column":0},"end":{"line":17,"column":22}},"17":{"start":{"line":18,"column":0},"end":{"line":18,"column":22}},"18":{"start":{"line":19,"column":0},"end":{"line":19,"column":20}},"19":{"start":{"line":20,"column":0},"end":{"line":20,"column":20}},"20":{"start":{"line":25,"column":9},"end":{"line":25,"column":11}},"21":{"start":{"line":26,"column":0},"end":{"line":26,"column":27}},"22":{"start":{"line":27,"column":0},"end":{"line":27,"column":29}},"23":{"start":{"line":28,"column":0},"end":{"line":28,"column":25}},"24":{"start":{"line":29,"column":0},"end":{"line":29,"column":27}},"25":{"start":{"line":30,"column":0},"end":{"line":30,"column":21}},"26":{"start":{"line":31,"column":0},"end":{"line":31,"column":19}},"27":{"start":{"line":32,"column":0},"end":{"line":32,"column":21}},"28":{"start":{"line":33,"column":0},"end":{"line":33,"column":28}},"29":{"start":{"line":34,"column":0},"end":{"line":34,"column":28}},"30":{"start":{"line":35,"column":0},"end":{"line":35,"column":28}},"31":{"start":{"line":36,"column":0},"end":{"line":36,"column":28}},"32":{"start":{"line":37,"column":0},"end":{"line":37,"column":28}},"33":{"start":{"line":38,"column":0},"end":{"line":38,"column":37}},"34":{"start":{"line":39,"column":0},"end":{"line":39,"column":39}},"35":{"start":{"line":40,"column":0},"end":{"line":40,"column":37}},"36":{"start":{"line":41,"column":0},"end":{"line":41,"column":39}},"37":{"start":{"line":42,"column":0},"end":{"line":42,"column":29}},"38":{"start":{"line":43,"column":0},"end":{"line":43,"column":30}},"39":{"start":{"line":44,"column":0},"end":{"line":44,"column":31}},"40":{"start":{"line":47,"column":13},"end":{"line":47,"column":14}},"41":{"start":{"line":50,"column":1},"end":{"line":50,"column":90}},"42":{"start":{"line":51,"column":1},"end":{"line":51,"column":88}},"43":{"start":{"line":52,"column":1},"end":{"line":52,"column":154}},"44":{"start":{"line":55,"column":1},"end":{"line":55,"column":90}},"45":{"start":{"line":56,"column":1},"end":{"line":56,"column":88}},"46":{"start":{"line":57,"column":1},"end":{"line":57,"column":154}},"47":{"start":{"line":60,"column":1},"end":{"line":60,"column":43}},"48":{"start":{"line":61,"column":1},"end":{"line":61,"column":6}}},"fnMap":{"0":{"name":"i1","decl":{"start":{"line":49,"column":9},"end":{"line":49,"column":11}},"loc":{"start":{"line":49,"column":13},"end":{"line":53,"column":1}},"line":49},"1":{"name":"i2","decl":{"start":{"line":54,"column":9},"end":{"line":54,"column":11}},"loc":{"start":{"line":54,"column":13},"end":{"line":58,"column":1}},"line":54},"2":{"name":"i1s","decl":{"start":{"line":59,"column":9},"end":{"line":59,"column":12}},"loc":{"start":{"line":59,"column":14},"end":{"line":62,"column":1}},"line":59}},"branchMap":{},"s":{"0":0,"1":0,"2":0,"3":0,"4":0,"5":0,"6":0,"7":0,"8":0,"9":0,"10":0,"11":0,"12":0,"13":0,"14":0,"15":0,"16":0,"17":0,"18":0,"19":0,"20":0,"21":0,"22":0,"23":0,"24":0,"25":0,"26":0,"27":0,"28":0,"29":0,"30":0,"31":0,"32":0,"33":0,"34":0,"35":0,"36":0,"37":0,"38":0,"39":0,"40":0,"41":0,"42":0,"43":0,"44":0,"45":0,"46":0,"47":0,"48":0},"f":{"0":0,"1":0,"2":0},"b":{}}
,"/home/peter/ESS/Spring-Security-d08a7ff3d71050f0f93a0e46e0872a682b5d79d0/src/main/resources/static/conversionTools/frequency/frequency.js": {"path":"/home/peter/ESS/Spring-Security-d08a7ff3d71050f0f93a0e46e0872a682b5d79d0/src/main/resources/static/conversionTools/frequency/frequency.js","statementMap":{"0":{"start":{"line":1,"column":22},"end":{"line":1,"column":24}},"1":{"start":{"line":2,"column":20},"end":{"line":2,"column":22}},"2":{"start":{"line":3,"column":15},"end":{"line":3,"column":17}},"3":{"start":{"line":4,"column":14},"end":{"line":4,"column":16}},"4":{"start":{"line":7,"column":11},"end":{"line":15,"column":2}},"5":{"start":{"line":22,"column":13},"end":{"line":72,"column":2}},"6":{"start":{"line":76,"column":1},"end":{"line":76,"column":52}},"7":{"start":{"line":77,"column":1},"end":{"line":77,"column":48}},"8":{"start":{"line":78,"column":1},"end":{"line":78,"column":50}},"9":{"start":{"line":80,"column":1},"end":{"line":80,"column":38}},"10":{"start":{"line":85,"column":1},"end":{"line":85,"column":46}},"11":{"start":{"line":86,"column":1},"end":{"line":86,"column":56}},"12":{"start":{"line":87,"column":1},"end":{"line":87,"column":54}},"13":{"start":{"line":92,"column":1},"end":{"line":92,"column":61}},"14":{"start":{"line":93,"column":1},"end":{"line":93,"column":29}},"15":{"start":{"line":94,"column":1},"end":{"line":94,"column":88}},"16":{"start":{"line":95,"column":1},"end":{"line":95,"column":104}},"17":{"start":{"line":96,"column":1},"end":{"line":96,"column":35}},"18":{"start":{"line":98,"column":1},"end":{"line":98,"column":11}}},"fnMap":{"0":{"name":"convert","decl":{"start":{"line":74,"column":9},"end":{"line":74,"column":16}},"loc":{"start":{"line":75,"column":0},"end":{"line":81,"column":1}},"line":75},"1":{"name":"dispRes","decl":{"start":{"line":83,"column":9},"end":{"line":83,"column":16}},"loc":{"start":{"line":84,"column":0},"end":{"line":88,"column":1}},"line":84},"2":{"name":"calcAndDisp","decl":{"start":{"line":90,"column":9},"end":{"line":90,"column":20}},"loc":{"start":{"line":91,"column":0},"end":{"line":99,"column":1}},"line":91}},"branchMap":{},"s":{"0":0,"1":0,"2":0,"3":0,"4":0,"5":0,"6":0,"7":0,"8":0,"9":0,"10":0,"11":0,"12":0,"13":0,"14":0,"15":0,"16":0,"17":0,"18":0},"f":{"0":0,"1":0,"2":0},"b":{}}
,"/home/peter/ESS/Spring-Security-d08a7ff3d71050f0f93a0e46e0872a682b5d79d0/src/main/resources/static/conversionTools/fuelEfficiency/fuel.js": {"path":"/home/peter/ESS/Spring-Security-d08a7ff3d71050f0f93a0e46e0872a682b5d79d0/src/main/resources/static/conversionTools/fuelEfficiency/fuel.js","statementMap":{"0":{"start":{"line":2,"column":14},"end":{"line":2,"column":52}},"1":{"start":{"line":3,"column":16},"end":{"line":3,"column":56}},"2":{"start":{"line":4,"column":2},"end":{"line":4,"column":20}},"3":{"start":{"line":7,"column":2},"end":{"line":18,"column":3}},"4":{"start":{"line":8,"column":2},"end":{"line":8,"column":50}},"5":{"start":{"line":10,"column":7},"end":{"line":18,"column":3}},"6":{"start":{"line":11,"column":2},"end":{"line":11,"column":52}},"7":{"start":{"line":14,"column":14},"end":{"line":14,"column":29}},"8":{"start":{"line":16,"column":4},"end":{"line":16,"column":63}},"9":{"start":{"line":17,"column":4},"end":{"line":17,"column":22}},"10":{"start":{"line":21,"column":0},"end":{"line":21,"column":43}}},"fnMap":{"0":{"name":"calculateMPG","decl":{"start":{"line":1,"column":9},"end":{"line":1,"column":21}},"loc":{"start":{"line":1,"column":24},"end":{"line":19,"column":1}},"line":1}},"branchMap":{"0":{"loc":{"start":{"line":7,"column":2},"end":{"line":18,"column":3}},"type":"if","locations":[{"start":{"line":7,"column":2},"end":{"line":18,"column":3}},{"start":{"line":7,"column":2},"end":{"line":18,"column":3}}],"line":7},"1":{"loc":{"start":{"line":10,"column":7},"end":{"line":18,"column":3}},"type":"if","locations":[{"start":{"line":10,"column":7},"end":{"line":18,"column":3}},{"start":{"line":10,"column":7},"end":{"line":18,"column":3}}],"line":10}},"s":{"0":4,"1":4,"2":4,"3":4,"4":2,"5":2,"6":1,"7":1,"8":1,"9":1,"10":1},"f":{"0":4},"b":{"0":[2,2],"1":[1,1]},"_coverageSchema":"1a1c01bbd47fc00a2c39e90264f33305004495a9","hash":"b8c45f9b495797fe0b2ec1187df28c0754881937"}
,"/home/peter/ESS/Spring-Security-d08a7ff3d71050f0f93a0e46e0872a682b5d79d0/src/main/resources/static/conversionTools/image/image.js": {"path":"/home/peter/ESS/Spring-Security-d08a7ff3d71050f0f93a0e46e0872a682b5d79d0/src/main/resources/static/conversionTools/image/image.js","statementMap":{"0":{"start":{"line":2,"column":16},"end":{"line":2,"column":23}},"1":{"start":{"line":5,"column":2},"end":{"line":57,"column":3}},"2":{"start":{"line":6,"column":4},"end":{"line":6,"column":36}},"3":{"start":{"line":7,"column":21},"end":{"line":7,"column":44}},"4":{"start":{"line":8,"column":4},"end":{"line":55,"column":5}},"5":{"start":{"line":11,"column":19},"end":{"line":11,"column":35}},"6":{"start":{"line":13,"column":6},"end":{"line":52,"column":8}},"7":{"start":{"line":15,"column":20},"end":{"line":15,"column":25}},"8":{"start":{"line":16,"column":8},"end":{"line":24,"column":9}},"9":{"start":{"line":17,"column":10},"end":{"line":17,"column":23}},"10":{"start":{"line":18,"column":23},"end":{"line":18,"column":40}},"11":{"start":{"line":19,"column":10},"end":{"line":19,"column":39}},"12":{"start":{"line":21,"column":23},"end":{"line":21,"column":40}},"13":{"start":{"line":23,"column":10},"end":{"line":23,"column":39}},"14":{"start":{"line":25,"column":20},"end":{"line":25,"column":31}},"15":{"start":{"line":26,"column":8},"end":{"line":37,"column":9}},"16":{"start":{"line":28,"column":23},"end":{"line":28,"column":63}},"17":{"start":{"line":29,"column":20},"end":{"line":29,"column":43}},"18":{"start":{"line":30,"column":10},"end":{"line":30,"column":36}},"19":{"start":{"line":31,"column":10},"end":{"line":31,"column":38}},"20":{"start":{"line":32,"column":10},"end":{"line":35,"column":11}},"21":{"start":{"line":33,"column":12},"end":{"line":33,"column":36}},"22":{"start":{"line":34,"column":12},"end":{"line":34,"column":60}},"23":{"start":{"line":36,"column":10},"end":{"line":36,"column":35}},"24":{"start":{"line":38,"column":8},"end":{"line":38,"column":33}},"25":{"start":{"line":41,"column":10},"end":{"line":42,"column":46}},"26":{"start":{"line":43,"column":26},"end":{"line":43,"column":43}},"27":{"start":{"line":44,"column":26},"end":{"line":44,"column":44}},"28":{"start":{"line":45,"column":22},"end":{"line":45,"column":71}},"29":{"start":{"line":47,"column":8},"end":{"line":47,"column":44}},"30":{"start":{"line":48,"column":8},"end":{"line":48,"column":42}},"31":{"start":{"line":49,"column":8},"end":{"line":49,"column":24}},"32":{"start":{"line":50,"column":8},"end":{"line":50,"column":36}},"33":{"start":{"line":54,"column":6},"end":{"line":54,"column":43}},"34":{"start":{"line":62,"column":10},"end":{"line":62,"column":37}},"35":{"start":{"line":63,"column":2},"end":{"line":63,"column":35}},"36":{"start":{"line":64,"column":2},"end":{"line":64,"column":33}},"37":{"start":{"line":65,"column":2},"end":{"line":65,"column":37}},"38":{"start":{"line":67,"column":2},"end":{"line":67,"column":12}},"39":{"start":{"line":68,"column":2},"end":{"line":68,"column":13}},"40":{"start":{"line":72,"column":0},"end":{"line":74,"column":3}},"41":{"start":{"line":73,"column":2},"end":{"line":73,"column":17}},"42":{"start":{"line":76,"column":0},"end":{"line":80,"column":3}},"43":{"start":{"line":77,"column":2},"end":{"line":77,"column":21}},"44":{"start":{"line":78,"column":2},"end":{"line":78,"column":22}},"45":{"start":{"line":79,"column":2},"end":{"line":79,"column":31}},"46":{"start":{"line":82,"column":0},"end":{"line":86,"column":3}},"47":{"start":{"line":83,"column":2},"end":{"line":83,"column":21}},"48":{"start":{"line":84,"column":2},"end":{"line":84,"column":22}},"49":{"start":{"line":85,"column":2},"end":{"line":85,"column":34}},"50":{"start":{"line":88,"column":0},"end":{"line":101,"column":3}},"51":{"start":{"line":89,"column":16},"end":{"line":89,"column":66}},"52":{"start":{"line":90,"column":20},"end":{"line":90,"column":52}},"53":{"start":{"line":91,"column":17},"end":{"line":91,"column":65}},"54":{"start":{"line":92,"column":2},"end":{"line":92,"column":18}},"55":{"start":{"line":93,"column":2},"end":{"line":93,"column":33}},"56":{"start":{"line":95,"column":18},"end":{"line":95,"column":35}},"57":{"start":{"line":96,"column":2},"end":{"line":96,"column":31}},"58":{"start":{"line":98,"column":18},"end":{"line":98,"column":35}},"59":{"start":{"line":99,"column":2},"end":{"line":99,"column":31}},"60":{"start":{"line":100,"column":2},"end":{"line":100,"column":35}},"61":{"start":{"line":103,"column":0},"end":{"line":108,"column":3}},"62":{"start":{"line":104,"column":15},"end":{"line":104,"column":55}},"63":{"start":{"line":105,"column":15},"end":{"line":106,"column":27}},"64":{"start":{"line":107,"column":2},"end":{"line":107,"column":46}},"65":{"start":{"line":110,"column":0},"end":{"line":116,"column":3}},"66":{"start":{"line":111,"column":15},"end":{"line":111,"column":55}},"67":{"start":{"line":113,"column":15},"end":{"line":114,"column":33}},"68":{"start":{"line":115,"column":2},"end":{"line":115,"column":46}}},"fnMap":{"0":{"name":"readFile","decl":{"start":{"line":4,"column":9},"end":{"line":4,"column":17}},"loc":{"start":{"line":4,"column":25},"end":{"line":58,"column":1}},"line":4},"1":{"name":"(anonymous_1)","decl":{"start":{"line":13,"column":22},"end":{"line":13,"column":23}},"loc":{"start":{"line":13,"column":35},"end":{"line":52,"column":7}},"line":13},"2":{"name":"(anonymous_2)","decl":{"start":{"line":26,"column":21},"end":{"line":26,"column":22}},"loc":{"start":{"line":26,"column":33},"end":{"line":37,"column":9}},"line":26},"3":{"name":"triggerDownload","decl":{"start":{"line":61,"column":9},"end":{"line":61,"column":24}},"loc":{"start":{"line":61,"column":39},"end":{"line":69,"column":1}},"line":61},"4":{"name":"(anonymous_4)","decl":{"start":{"line":72,"column":22},"end":{"line":72,"column":23}},"loc":{"start":{"line":72,"column":34},"end":{"line":74,"column":1}},"line":72},"5":{"name":"(anonymous_5)","decl":{"start":{"line":76,"column":38},"end":{"line":76,"column":39}},"loc":{"start":{"line":76,"column":51},"end":{"line":80,"column":1}},"line":76},"6":{"name":"(anonymous_6)","decl":{"start":{"line":82,"column":39},"end":{"line":82,"column":40}},"loc":{"start":{"line":82,"column":52},"end":{"line":86,"column":1}},"line":82},"7":{"name":"(anonymous_7)","decl":{"start":{"line":88,"column":33},"end":{"line":88,"column":34}},"loc":{"start":{"line":88,"column":45},"end":{"line":101,"column":1}},"line":88},"8":{"name":"(anonymous_8)","decl":{"start":{"line":103,"column":30},"end":{"line":103,"column":31}},"loc":{"start":{"line":103,"column":42},"end":{"line":108,"column":1}},"line":103},"9":{"name":"(anonymous_9)","decl":{"start":{"line":110,"column":30},"end":{"line":110,"column":31}},"loc":{"start":{"line":110,"column":42},"end":{"line":116,"column":1}},"line":110}},"branchMap":{"0":{"loc":{"start":{"line":5,"column":2},"end":{"line":57,"column":3}},"type":"if","locations":[{"start":{"line":5,"column":2},"end":{"line":57,"column":3}},{"start":{"line":5,"column":2},"end":{"line":57,"column":3}}],"line":5},"1":{"loc":{"start":{"line":5,"column":6},"end":{"line":5,"column":58}},"type":"binary-expr","locations":[{"start":{"line":5,"column":6},"end":{"line":5,"column":17}},{"start":{"line":5,"column":21},"end":{"line":5,"column":35}},{"start":{"line":5,"column":39},"end":{"line":5,"column":58}}],"line":5},"2":{"loc":{"start":{"line":8,"column":4},"end":{"line":55,"column":5}},"type":"if","locations":[{"start":{"line":8,"column":4},"end":{"line":55,"column":5}},{"start":{"line":8,"column":4},"end":{"line":55,"column":5}}],"line":8},"3":{"loc":{"start":{"line":8,"column":8},"end":{"line":10,"column":34}},"type":"binary-expr","locations":[{"start":{"line":8,"column":8},"end":{"line":8,"column":35}},{"start":{"line":9,"column":6},"end":{"line":9,"column":33}},{"start":{"line":10,"column":6},"end":{"line":10,"column":34}}],"line":8},"4":{"loc":{"start":{"line":16,"column":8},"end":{"line":24,"column":9}},"type":"if","locations":[{"start":{"line":16,"column":8},"end":{"line":24,"column":9}},{"start":{"line":16,"column":8},"end":{"line":24,"column":9}}],"line":16},"5":{"loc":{"start":{"line":32,"column":10},"end":{"line":35,"column":11}},"type":"if","locations":[{"start":{"line":32,"column":10},"end":{"line":35,"column":11}},{"start":{"line":32,"column":10},"end":{"line":35,"column":11}}],"line":32}},"s":{"0":0,"1":0,"2":0,"3":0,"4":0,"5":0,"6":0,"7":0,"8":0,"9":0,"10":0,"11":0,"12":0,"13":0,"14":0,"15":0,"16":0,"17":0,"18":0,"19":0,"20":0,"21":0,"22":0,"23":0,"24":0,"25":0,"26":0,"27":0,"28":0,"29":0,"30":0,"31":0,"32":0,"33":0,"34":0,"35":0,"36":0,"37":0,"38":0,"39":0,"40":0,"41":0,"42":0,"43":0,"44":0,"45":0,"46":0,"47":0,"48":0,"49":0,"50":0,"51":0,"52":0,"53":0,"54":0,"55":0,"56":0,"57":0,"58":0,"59":0,"60":0,"61":0,"62":0,"63":0,"64":0,"65":0,"66":0,"67":0,"68":0},"f":{"0":0,"1":0,"2":0,"3":0,"4":0,"5":0,"6":0,"7":0,"8":0,"9":0},"b":{"0":[0,0],"1":[0,0,0],"2":[0,0],"3":[0,0,0],"4":[0,0],"5":[0,0]}}
,"/home/peter/ESS/Spring-Security-d08a7ff3d71050f0f93a0e46e0872a682b5d79d0/src/main/resources/static/conversionTools/length/length.js": {"path":"/home/peter/ESS/Spring-Security-d08a7ff3d71050f0f93a0e46e0872a682b5d79d0/src/main/resources/static/conversionTools/length/length.js","statementMap":{"0":{"start":{"line":1,"column":14},"end":{"line":1,"column":46}},"1":{"start":{"line":2,"column":15},"end":{"line":2,"column":48}},"2":{"start":{"line":3,"column":18},"end":{"line":3,"column":54}},"3":{"start":{"line":4,"column":19},"end":{"line":4,"column":56}},"4":{"start":{"line":11,"column":2},"end":{"line":11,"column":35}},"5":{"start":{"line":12,"column":2},"end":{"line":12,"column":37}},"6":{"start":{"line":16,"column":3},"end":{"line":16,"column":36}},"7":{"start":{"line":17,"column":3},"end":{"line":17,"column":38}},"8":{"start":{"line":19,"column":3},"end":{"line":54,"column":4}},"9":{"start":{"line":21,"column":4},"end":{"line":21,"column":47}},"10":{"start":{"line":23,"column":8},"end":{"line":54,"column":4}},"11":{"start":{"line":25,"column":4},"end":{"line":25,"column":45}},"12":{"start":{"line":27,"column":8},"end":{"line":54,"column":4}},"13":{"start":{"line":29,"column":4},"end":{"line":29,"column":39}},"14":{"start":{"line":31,"column":8},"end":{"line":54,"column":4}},"15":{"start":{"line":33,"column":4},"end":{"line":33,"column":46}},"16":{"start":{"line":35,"column":8},"end":{"line":54,"column":4}},"17":{"start":{"line":37,"column":4},"end":{"line":37,"column":61}},"18":{"start":{"line":39,"column":8},"end":{"line":54,"column":4}},"19":{"start":{"line":41,"column":4},"end":{"line":41,"column":57}},"20":{"start":{"line":43,"column":8},"end":{"line":54,"column":4}},"21":{"start":{"line":45,"column":4},"end":{"line":45,"column":57}},"22":{"start":{"line":47,"column":8},"end":{"line":54,"column":4}},"23":{"start":{"line":49,"column":4},"end":{"line":49,"column":57}},"24":{"start":{"line":51,"column":8},"end":{"line":54,"column":4}},"25":{"start":{"line":53,"column":4},"end":{"line":53,"column":61}},"26":{"start":{"line":58,"column":3},"end":{"line":93,"column":4}},"27":{"start":{"line":60,"column":4},"end":{"line":60,"column":46}},"28":{"start":{"line":62,"column":8},"end":{"line":93,"column":4}},"29":{"start":{"line":64,"column":4},"end":{"line":64,"column":48}},"30":{"start":{"line":66,"column":8},"end":{"line":93,"column":4}},"31":{"start":{"line":68,"column":4},"end":{"line":68,"column":39}},"32":{"start":{"line":70,"column":8},"end":{"line":93,"column":4}},"33":{"start":{"line":72,"column":4},"end":{"line":72,"column":49}},"34":{"start":{"line":74,"column":8},"end":{"line":93,"column":4}},"35":{"start":{"line":76,"column":4},"end":{"line":76,"column":59}},"36":{"start":{"line":78,"column":8},"end":{"line":93,"column":4}},"37":{"start":{"line":80,"column":4},"end":{"line":80,"column":57}},"38":{"start":{"line":82,"column":8},"end":{"line":93,"column":4}},"39":{"start":{"line":84,"column":4},"end":{"line":84,"column":57}},"40":{"start":{"line":86,"column":8},"end":{"line":93,"column":4}},"41":{"start":{"line":88,"column":4},"end":{"line":88,"column":57}},"42":{"start":{"line":90,"column":8},"end":{"line":93,"column":4}},"43":{"start":{"line":92,"column":4},"end":{"line":92,"column":58}},"44":{"start":{"line":97,"column":3},"end":{"line":132,"column":4}},"45":{"start":{"line":99,"column":4},"end":{"line":99,"column":46}},"46":{"start":{"line":101,"column":8},"end":{"line":132,"column":4}},"47":{"start":{"line":103,"column":4},"end":{"line":103,"column":49}},"48":{"start":{"line":105,"column":8},"end":{"line":132,"column":4}},"49":{"start":{"line":107,"column":4},"end":{"line":107,"column":39}},"50":{"start":{"line":109,"column":8},"end":{"line":132,"column":4}},"51":{"start":{"line":111,"column":4},"end":{"line":111,"column":44}},"52":{"start":{"line":113,"column":8},"end":{"line":132,"column":4}},"53":{"start":{"line":115,"column":4},"end":{"line":115,"column":63}},"54":{"start":{"line":117,"column":8},"end":{"line":132,"column":4}},"55":{"start":{"line":119,"column":4},"end":{"line":119,"column":59}},"56":{"start":{"line":121,"column":8},"end":{"line":132,"column":4}},"57":{"start":{"line":123,"column":4},"end":{"line":123,"column":59}},"58":{"start":{"line":125,"column":8},"end":{"line":132,"column":4}},"59":{"start":{"line":127,"column":4},"end":{"line":127,"column":58}},"60":{"start":{"line":129,"column":8},"end":{"line":132,"column":4}},"61":{"start":{"line":131,"column":4},"end":{"line":131,"column":63}},"62":{"start":{"line":135,"column":3},"end":{"line":170,"column":4}},"63":{"start":{"line":137,"column":4},"end":{"line":137,"column":47}},"64":{"start":{"line":139,"column":8},"end":{"line":170,"column":4}},"65":{"start":{"line":141,"column":4},"end":{"line":141,"column":50}},"66":{"start":{"line":143,"column":8},"end":{"line":170,"column":4}},"67":{"start":{"line":145,"column":4},"end":{"line":145,"column":45}},"68":{"start":{"line":147,"column":8},"end":{"line":170,"column":4}},"69":{"start":{"line":149,"column":4},"end":{"line":149,"column":39}},"70":{"start":{"line":151,"column":8},"end":{"line":170,"column":4}},"71":{"start":{"line":153,"column":4},"end":{"line":153,"column":64}},"72":{"start":{"line":155,"column":8},"end":{"line":170,"column":4}},"73":{"start":{"line":157,"column":4},"end":{"line":157,"column":60}},"74":{"start":{"line":159,"column":8},"end":{"line":170,"column":4}},"75":{"start":{"line":161,"column":4},"end":{"line":161,"column":60}},"76":{"start":{"line":163,"column":8},"end":{"line":170,"column":4}},"77":{"start":{"line":165,"column":4},"end":{"line":165,"column":59}},"78":{"start":{"line":167,"column":8},"end":{"line":170,"column":4}},"79":{"start":{"line":169,"column":4},"end":{"line":169,"column":64}},"80":{"start":{"line":174,"column":3},"end":{"line":209,"column":4}},"81":{"start":{"line":176,"column":4},"end":{"line":176,"column":50}},"82":{"start":{"line":178,"column":8},"end":{"line":209,"column":4}},"83":{"start":{"line":180,"column":4},"end":{"line":180,"column":50}},"84":{"start":{"line":182,"column":8},"end":{"line":209,"column":4}},"85":{"start":{"line":184,"column":4},"end":{"line":184,"column":50}},"86":{"start":{"line":186,"column":8},"end":{"line":209,"column":4}},"87":{"start":{"line":188,"column":4},"end":{"line":188,"column":49}},"88":{"start":{"line":190,"column":8},"end":{"line":209,"column":4}},"89":{"start":{"line":192,"column":4},"end":{"line":192,"column":39}},"90":{"start":{"line":194,"column":8},"end":{"line":209,"column":4}},"91":{"start":{"line":196,"column":4},"end":{"line":196,"column":46}},"92":{"start":{"line":198,"column":8},"end":{"line":209,"column":4}},"93":{"start":{"line":200,"column":4},"end":{"line":200,"column":46}},"94":{"start":{"line":202,"column":8},"end":{"line":209,"column":4}},"95":{"start":{"line":204,"column":4},"end":{"line":204,"column":47}},"96":{"start":{"line":206,"column":8},"end":{"line":209,"column":4}},"97":{"start":{"line":208,"column":4},"end":{"line":208,"column":58}},"98":{"start":{"line":213,"column":3},"end":{"line":248,"column":4}},"99":{"start":{"line":215,"column":4},"end":{"line":215,"column":48}},"100":{"start":{"line":217,"column":8},"end":{"line":248,"column":4}},"101":{"start":{"line":219,"column":4},"end":{"line":219,"column":51}},"102":{"start":{"line":221,"column":8},"end":{"line":248,"column":4}},"103":{"start":{"line":223,"column":4},"end":{"line":223,"column":47}},"104":{"start":{"line":225,"column":8},"end":{"line":248,"column":4}},"105":{"start":{"line":227,"column":4},"end":{"line":227,"column":47}},"106":{"start":{"line":229,"column":8},"end":{"line":248,"column":4}},"107":{"start":{"line":231,"column":4},"end":{"line":231,"column":61}},"108":{"start":{"line":233,"column":8},"end":{"line":248,"column":4}},"109":{"start":{"line":235,"column":4},"end":{"line":235,"column":39}},"110":{"start":{"line":237,"column":8},"end":{"line":248,"column":4}},"111":{"start":{"line":239,"column":4},"end":{"line":239,"column":43}},"112":{"start":{"line":241,"column":8},"end":{"line":248,"column":4}},"113":{"start":{"line":243,"column":4},"end":{"line":243,"column":44}},"114":{"start":{"line":245,"column":8},"end":{"line":248,"column":4}},"115":{"start":{"line":247,"column":4},"end":{"line":247,"column":61}},"116":{"start":{"line":252,"column":3},"end":{"line":287,"column":4}},"117":{"start":{"line":254,"column":4},"end":{"line":254,"column":48}},"118":{"start":{"line":256,"column":8},"end":{"line":287,"column":4}},"119":{"start":{"line":258,"column":4},"end":{"line":258,"column":51}},"120":{"start":{"line":260,"column":8},"end":{"line":287,"column":4}},"121":{"start":{"line":262,"column":4},"end":{"line":262,"column":47}},"122":{"start":{"line":264,"column":8},"end":{"line":287,"column":4}},"123":{"start":{"line":266,"column":4},"end":{"line":266,"column":47}},"124":{"start":{"line":268,"column":8},"end":{"line":287,"column":4}},"125":{"start":{"line":270,"column":4},"end":{"line":270,"column":61}},"126":{"start":{"line":272,"column":8},"end":{"line":287,"column":4}},"127":{"start":{"line":274,"column":4},"end":{"line":274,"column":58}},"128":{"start":{"line":276,"column":8},"end":{"line":287,"column":4}},"129":{"start":{"line":278,"column":4},"end":{"line":278,"column":39}},"130":{"start":{"line":280,"column":8},"end":{"line":287,"column":4}},"131":{"start":{"line":282,"column":4},"end":{"line":282,"column":44}},"132":{"start":{"line":284,"column":8},"end":{"line":287,"column":4}},"133":{"start":{"line":286,"column":4},"end":{"line":286,"column":60}},"134":{"start":{"line":291,"column":3},"end":{"line":326,"column":4}},"135":{"start":{"line":293,"column":4},"end":{"line":293,"column":48}},"136":{"start":{"line":295,"column":8},"end":{"line":326,"column":4}},"137":{"start":{"line":297,"column":4},"end":{"line":297,"column":51}},"138":{"start":{"line":299,"column":8},"end":{"line":326,"column":4}},"139":{"start":{"line":301,"column":4},"end":{"line":301,"column":46}},"140":{"start":{"line":303,"column":8},"end":{"line":326,"column":4}},"141":{"start":{"line":305,"column":4},"end":{"line":305,"column":46}},"142":{"start":{"line":307,"column":8},"end":{"line":326,"column":4}},"143":{"start":{"line":309,"column":4},"end":{"line":309,"column":62}},"144":{"start":{"line":311,"column":8},"end":{"line":326,"column":4}},"145":{"start":{"line":313,"column":4},"end":{"line":313,"column":59}},"146":{"start":{"line":315,"column":8},"end":{"line":326,"column":4}},"147":{"start":{"line":317,"column":4},"end":{"line":317,"column":59}},"148":{"start":{"line":319,"column":8},"end":{"line":326,"column":4}},"149":{"start":{"line":321,"column":4},"end":{"line":321,"column":39}},"150":{"start":{"line":323,"column":8},"end":{"line":326,"column":4}},"151":{"start":{"line":325,"column":4},"end":{"line":325,"column":62}},"152":{"start":{"line":329,"column":3},"end":{"line":364,"column":4}},"153":{"start":{"line":331,"column":4},"end":{"line":331,"column":46}},"154":{"start":{"line":333,"column":8},"end":{"line":364,"column":4}},"155":{"start":{"line":335,"column":4},"end":{"line":335,"column":47}},"156":{"start":{"line":337,"column":8},"end":{"line":364,"column":4}},"157":{"start":{"line":339,"column":4},"end":{"line":339,"column":48}},"158":{"start":{"line":341,"column":8},"end":{"line":364,"column":4}},"159":{"start":{"line":343,"column":4},"end":{"line":343,"column":49}},"160":{"start":{"line":345,"column":8},"end":{"line":364,"column":4}},"161":{"start":{"line":347,"column":4},"end":{"line":347,"column":57}},"162":{"start":{"line":349,"column":8},"end":{"line":364,"column":4}},"163":{"start":{"line":351,"column":4},"end":{"line":351,"column":57}},"164":{"start":{"line":353,"column":8},"end":{"line":364,"column":4}},"165":{"start":{"line":355,"column":4},"end":{"line":355,"column":57}},"166":{"start":{"line":357,"column":8},"end":{"line":364,"column":4}},"167":{"start":{"line":359,"column":4},"end":{"line":359,"column":57}},"168":{"start":{"line":361,"column":8},"end":{"line":364,"column":4}},"169":{"start":{"line":363,"column":4},"end":{"line":363,"column":39}},"170":{"start":{"line":368,"column":2},"end":{"line":368,"column":37}}},"fnMap":{"0":{"name":"myResult","decl":{"start":{"line":14,"column":11},"end":{"line":14,"column":19}},"loc":{"start":{"line":15,"column":2},"end":{"line":366,"column":3}},"line":15}},"branchMap":{"0":{"loc":{"start":{"line":19,"column":3},"end":{"line":54,"column":4}},"type":"if","locations":[{"start":{"line":19,"column":3},"end":{"line":54,"column":4}},{"start":{"line":19,"column":3},"end":{"line":54,"column":4}}],"line":19},"1":{"loc":{"start":{"line":19,"column":7},"end":{"line":19,"column":68}},"type":"binary-expr","locations":[{"start":{"line":19,"column":7},"end":{"line":19,"column":33}},{"start":{"line":19,"column":37},"end":{"line":19,"column":68}}],"line":19},"2":{"loc":{"start":{"line":23,"column":8},"end":{"line":54,"column":4}},"type":"if","locations":[{"start":{"line":23,"column":8},"end":{"line":54,"column":4}},{"start":{"line":23,"column":8},"end":{"line":54,"column":4}}],"line":23},"3":{"loc":{"start":{"line":23,"column":12},"end":{"line":23,"column":74}},"type":"binary-expr","locations":[{"start":{"line":23,"column":12},"end":{"line":23,"column":38}},{"start":{"line":23,"column":42},"end":{"line":23,"column":74}}],"line":23},"4":{"loc":{"start":{"line":27,"column":8},"end":{"line":54,"column":4}},"type":"if","locations":[{"start":{"line":27,"column":8},"end":{"line":54,"column":4}},{"start":{"line":27,"column":8},"end":{"line":54,"column":4}}],"line":27},"5":{"loc":{"start":{"line":27,"column":12},"end":{"line":27,"column":69}},"type":"binary-expr","locations":[{"start":{"line":27,"column":12},"end":{"line":27,"column":38}},{"start":{"line":27,"column":42},"end":{"line":27,"column":69}}],"line":27},"6":{"loc":{"start":{"line":31,"column":8},"end":{"line":54,"column":4}},"type":"if","locations":[{"start":{"line":31,"column":8},"end":{"line":54,"column":4}},{"start":{"line":31,"column":8},"end":{"line":54,"column":4}}],"line":31},"7":{"loc":{"start":{"line":31,"column":12},"end":{"line":31,"column":74}},"type":"binary-expr","locations":[{"start":{"line":31,"column":12},"end":{"line":31,"column":38}},{"start":{"line":31,"column":42},"end":{"line":31,"column":74}}],"line":31},"8":{"loc":{"start":{"line":35,"column":8},"end":{"line":54,"column":4}},"type":"if","locations":[{"start":{"line":35,"column":8},"end":{"line":54,"column":4}},{"start":{"line":35,"column":8},"end":{"line":54,"column":4}}],"line":35},"9":{"loc":{"start":{"line":35,"column":12},"end":{"line":35,"column":68}},"type":"binary-expr","locations":[{"start":{"line":35,"column":12},"end":{"line":35,"column":38}},{"start":{"line":35,"column":42},"end":{"line":35,"column":68}}],"line":35},"10":{"loc":{"start":{"line":39,"column":8},"end":{"line":54,"column":4}},"type":"if","locations":[{"start":{"line":39,"column":8},"end":{"line":54,"column":4}},{"start":{"line":39,"column":8},"end":{"line":54,"column":4}}],"line":39},"11":{"loc":{"start":{"line":39,"column":12},"end":{"line":39,"column":68}},"type":"binary-expr","locations":[{"start":{"line":39,"column":12},"end":{"line":39,"column":38}},{"start":{"line":39,"column":42},"end":{"line":39,"column":68}}],"line":39},"12":{"loc":{"start":{"line":43,"column":8},"end":{"line":54,"column":4}},"type":"if","locations":[{"start":{"line":43,"column":8},"end":{"line":54,"column":4}},{"start":{"line":43,"column":8},"end":{"line":54,"column":4}}],"line":43},"13":{"loc":{"start":{"line":43,"column":12},"end":{"line":43,"column":68}},"type":"binary-expr","locations":[{"start":{"line":43,"column":12},"end":{"line":43,"column":38}},{"start":{"line":43,"column":42},"end":{"line":43,"column":68}}],"line":43},"14":{"loc":{"start":{"line":47,"column":8},"end":{"line":54,"column":4}},"type":"if","locations":[{"start":{"line":47,"column":8},"end":{"line":54,"column":4}},{"start":{"line":47,"column":8},"end":{"line":54,"column":4}}],"line":47},"15":{"loc":{"start":{"line":47,"column":12},"end":{"line":47,"column":68}},"type":"binary-expr","locations":[{"start":{"line":47,"column":12},"end":{"line":47,"column":38}},{"start":{"line":47,"column":42},"end":{"line":47,"column":68}}],"line":47},"16":{"loc":{"start":{"line":51,"column":8},"end":{"line":54,"column":4}},"type":"if","locations":[{"start":{"line":51,"column":8},"end":{"line":54,"column":4}},{"start":{"line":51,"column":8},"end":{"line":54,"column":4}}],"line":51},"17":{"loc":{"start":{"line":51,"column":12},"end":{"line":51,"column":77}},"type":"binary-expr","locations":[{"start":{"line":51,"column":12},"end":{"line":51,"column":38}},{"start":{"line":51,"column":42},"end":{"line":51,"column":77}}],"line":51},"18":{"loc":{"start":{"line":58,"column":3},"end":{"line":93,"column":4}},"type":"if","locations":[{"start":{"line":58,"column":3},"end":{"line":93,"column":4}},{"start":{"line":58,"column":3},"end":{"line":93,"column":4}}],"line":58},"19":{"loc":{"start":{"line":58,"column":7},"end":{"line":58,"column":68}},"type":"binary-expr","locations":[{"start":{"line":58,"column":7},"end":{"line":58,"column":37}},{"start":{"line":58,"column":41},"end":{"line":58,"column":68}}],"line":58},"20":{"loc":{"start":{"line":62,"column":8},"end":{"line":93,"column":4}},"type":"if","locations":[{"start":{"line":62,"column":8},"end":{"line":93,"column":4}},{"start":{"line":62,"column":8},"end":{"line":93,"column":4}}],"line":62},"21":{"loc":{"start":{"line":62,"column":12},"end":{"line":62,"column":78}},"type":"binary-expr","locations":[{"start":{"line":62,"column":12},"end":{"line":62,"column":42}},{"start":{"line":62,"column":46},"end":{"line":62,"column":78}}],"line":62},"22":{"loc":{"start":{"line":66,"column":8},"end":{"line":93,"column":4}},"type":"if","locations":[{"start":{"line":66,"column":8},"end":{"line":93,"column":4}},{"start":{"line":66,"column":8},"end":{"line":93,"column":4}}],"line":66},"23":{"loc":{"start":{"line":66,"column":12},"end":{"line":66,"column":77}},"type":"binary-expr","locations":[{"start":{"line":66,"column":12},"end":{"line":66,"column":42}},{"start":{"line":66,"column":46},"end":{"line":66,"column":77}}],"line":66},"24":{"loc":{"start":{"line":70,"column":8},"end":{"line":93,"column":4}},"type":"if","locations":[{"start":{"line":70,"column":8},"end":{"line":93,"column":4}},{"start":{"line":70,"column":8},"end":{"line":93,"column":4}}],"line":70},"25":{"loc":{"start":{"line":70,"column":12},"end":{"line":70,"column":78}},"type":"binary-expr","locations":[{"start":{"line":70,"column":12},"end":{"line":70,"column":42}},{"start":{"line":70,"column":46},"end":{"line":70,"column":78}}],"line":70},"26":{"loc":{"start":{"line":74,"column":8},"end":{"line":93,"column":4}},"type":"if","locations":[{"start":{"line":74,"column":8},"end":{"line":93,"column":4}},{"start":{"line":74,"column":8},"end":{"line":93,"column":4}}],"line":74},"27":{"loc":{"start":{"line":74,"column":12},"end":{"line":74,"column":72}},"type":"binary-expr","locations":[{"start":{"line":74,"column":12},"end":{"line":74,"column":42}},{"start":{"line":74,"column":46},"end":{"line":74,"column":72}}],"line":74},"28":{"loc":{"start":{"line":78,"column":8},"end":{"line":93,"column":4}},"type":"if","locations":[{"start":{"line":78,"column":8},"end":{"line":93,"column":4}},{"start":{"line":78,"column":8},"end":{"line":93,"column":4}}],"line":78},"29":{"loc":{"start":{"line":78,"column":12},"end":{"line":78,"column":72}},"type":"binary-expr","locations":[{"start":{"line":78,"column":12},"end":{"line":78,"column":42}},{"start":{"line":78,"column":46},"end":{"line":78,"column":72}}],"line":78},"30":{"loc":{"start":{"line":82,"column":8},"end":{"line":93,"column":4}},"type":"if","locations":[{"start":{"line":82,"column":8},"end":{"line":93,"column":4}},{"start":{"line":82,"column":8},"end":{"line":93,"column":4}}],"line":82},"31":{"loc":{"start":{"line":82,"column":12},"end":{"line":82,"column":72}},"type":"binary-expr","locations":[{"start":{"line":82,"column":12},"end":{"line":82,"column":42}},{"start":{"line":82,"column":46},"end":{"line":82,"column":72}}],"line":82},"32":{"loc":{"start":{"line":86,"column":8},"end":{"line":93,"column":4}},"type":"if","locations":[{"start":{"line":86,"column":8},"end":{"line":93,"column":4}},{"start":{"line":86,"column":8},"end":{"line":93,"column":4}}],"line":86},"33":{"loc":{"start":{"line":86,"column":12},"end":{"line":86,"column":72}},"type":"binary-expr","locations":[{"start":{"line":86,"column":12},"end":{"line":86,"column":42}},{"start":{"line":86,"column":46},"end":{"line":86,"column":72}}],"line":86},"34":{"loc":{"start":{"line":90,"column":8},"end":{"line":93,"column":4}},"type":"if","locations":[{"start":{"line":90,"column":8},"end":{"line":93,"column":4}},{"start":{"line":90,"column":8},"end":{"line":93,"column":4}}],"line":90},"35":{"loc":{"start":{"line":90,"column":12},"end":{"line":90,"column":81}},"type":"binary-expr","locations":[{"start":{"line":90,"column":12},"end":{"line":90,"column":42}},{"start":{"line":90,"column":46},"end":{"line":90,"column":81}}],"line":90},"36":{"loc":{"start":{"line":97,"column":3},"end":{"line":132,"column":4}},"type":"if","locations":[{"start":{"line":97,"column":3},"end":{"line":132,"column":4}},{"start":{"line":97,"column":3},"end":{"line":132,"column":4}}],"line":97},"37":{"loc":{"start":{"line":97,"column":7},"end":{"line":97,"column":69}},"type":"binary-expr","locations":[{"start":{"line":97,"column":7},"end":{"line":97,"column":38}},{"start":{"line":97,"column":42},"end":{"line":97,"column":69}}],"line":97},"38":{"loc":{"start":{"line":101,"column":8},"end":{"line":132,"column":4}},"type":"if","locations":[{"start":{"line":101,"column":8},"end":{"line":132,"column":4}},{"start":{"line":101,"column":8},"end":{"line":132,"column":4}}],"line":101},"39":{"loc":{"start":{"line":101,"column":12},"end":{"line":101,"column":78}},"type":"binary-expr","locations":[{"start":{"line":101,"column":12},"end":{"line":101,"column":43}},{"start":{"line":101,"column":47},"end":{"line":101,"column":78}}],"line":101},"40":{"loc":{"start":{"line":105,"column":8},"end":{"line":132,"column":4}},"type":"if","locations":[{"start":{"line":105,"column":8},"end":{"line":132,"column":4}},{"start":{"line":105,"column":8},"end":{"line":132,"column":4}}],"line":105},"41":{"loc":{"start":{"line":105,"column":12},"end":{"line":105,"column":79}},"type":"binary-expr","locations":[{"start":{"line":105,"column":12},"end":{"line":105,"column":43}},{"start":{"line":105,"column":47},"end":{"line":105,"column":79}}],"line":105},"42":{"loc":{"start":{"line":109,"column":8},"end":{"line":132,"column":4}},"type":"if","locations":[{"start":{"line":109,"column":8},"end":{"line":132,"column":4}},{"start":{"line":109,"column":8},"end":{"line":132,"column":4}}],"line":109},"43":{"loc":{"start":{"line":109,"column":12},"end":{"line":109,"column":79}},"type":"binary-expr","locations":[{"start":{"line":109,"column":12},"end":{"line":109,"column":43}},{"start":{"line":109,"column":47},"end":{"line":109,"column":79}}],"line":109},"44":{"loc":{"start":{"line":113,"column":8},"end":{"line":132,"column":4}},"type":"if","locations":[{"start":{"line":113,"column":8},"end":{"line":132,"column":4}},{"start":{"line":113,"column":8},"end":{"line":132,"column":4}}],"line":113},"45":{"loc":{"start":{"line":113,"column":12},"end":{"line":113,"column":73}},"type":"binary-expr","locations":[{"start":{"line":113,"column":12},"end":{"line":113,"column":43}},{"start":{"line":113,"column":47},"end":{"line":113,"column":73}}],"line":113},"46":{"loc":{"start":{"line":117,"column":8},"end":{"line":132,"column":4}},"type":"if","locations":[{"start":{"line":117,"column":8},"end":{"line":132,"column":4}},{"start":{"line":117,"column":8},"end":{"line":132,"column":4}}],"line":117},"47":{"loc":{"start":{"line":117,"column":12},"end":{"line":117,"column":73}},"type":"binary-expr","locations":[{"start":{"line":117,"column":12},"end":{"line":117,"column":43}},{"start":{"line":117,"column":47},"end":{"line":117,"column":73}}],"line":117},"48":{"loc":{"start":{"line":121,"column":8},"end":{"line":132,"column":4}},"type":"if","locations":[{"start":{"line":121,"column":8},"end":{"line":132,"column":4}},{"start":{"line":121,"column":8},"end":{"line":132,"column":4}}],"line":121},"49":{"loc":{"start":{"line":121,"column":12},"end":{"line":121,"column":73}},"type":"binary-expr","locations":[{"start":{"line":121,"column":12},"end":{"line":121,"column":43}},{"start":{"line":121,"column":47},"end":{"line":121,"column":73}}],"line":121},"50":{"loc":{"start":{"line":125,"column":8},"end":{"line":132,"column":4}},"type":"if","locations":[{"start":{"line":125,"column":8},"end":{"line":132,"column":4}},{"start":{"line":125,"column":8},"end":{"line":132,"column":4}}],"line":125},"51":{"loc":{"start":{"line":125,"column":12},"end":{"line":125,"column":73}},"type":"binary-expr","locations":[{"start":{"line":125,"column":12},"end":{"line":125,"column":43}},{"start":{"line":125,"column":47},"end":{"line":125,"column":73}}],"line":125},"52":{"loc":{"start":{"line":129,"column":8},"end":{"line":132,"column":4}},"type":"if","locations":[{"start":{"line":129,"column":8},"end":{"line":132,"column":4}},{"start":{"line":129,"column":8},"end":{"line":132,"column":4}}],"line":129},"53":{"loc":{"start":{"line":129,"column":12},"end":{"line":129,"column":82}},"type":"binary-expr","locations":[{"start":{"line":129,"column":12},"end":{"line":129,"column":43}},{"start":{"line":129,"column":47},"end":{"line":129,"column":82}}],"line":129},"54":{"loc":{"start":{"line":135,"column":3},"end":{"line":170,"column":4}},"type":"if","locations":[{"start":{"line":135,"column":3},"end":{"line":170,"column":4}},{"start":{"line":135,"column":3},"end":{"line":170,"column":4}}],"line":135},"55":{"loc":{"start":{"line":135,"column":7},"end":{"line":135,"column":69}},"type":"binary-expr","locations":[{"start":{"line":135,"column":7},"end":{"line":135,"column":38}},{"start":{"line":135,"column":42},"end":{"line":135,"column":69}}],"line":135},"56":{"loc":{"start":{"line":139,"column":8},"end":{"line":170,"column":4}},"type":"if","locations":[{"start":{"line":139,"column":8},"end":{"line":170,"column":4}},{"start":{"line":139,"column":8},"end":{"line":170,"column":4}}],"line":139},"57":{"loc":{"start":{"line":139,"column":12},"end":{"line":139,"column":78}},"type":"binary-expr","locations":[{"start":{"line":139,"column":12},"end":{"line":139,"column":43}},{"start":{"line":139,"column":47},"end":{"line":139,"column":78}}],"line":139},"58":{"loc":{"start":{"line":143,"column":8},"end":{"line":170,"column":4}},"type":"if","locations":[{"start":{"line":143,"column":8},"end":{"line":170,"column":4}},{"start":{"line":143,"column":8},"end":{"line":170,"column":4}}],"line":143},"59":{"loc":{"start":{"line":143,"column":12},"end":{"line":143,"column":79}},"type":"binary-expr","locations":[{"start":{"line":143,"column":12},"end":{"line":143,"column":43}},{"start":{"line":143,"column":47},"end":{"line":143,"column":79}}],"line":143},"60":{"loc":{"start":{"line":147,"column":8},"end":{"line":170,"column":4}},"type":"if","locations":[{"start":{"line":147,"column":8},"end":{"line":170,"column":4}},{"start":{"line":147,"column":8},"end":{"line":170,"column":4}}],"line":147},"61":{"loc":{"start":{"line":147,"column":12},"end":{"line":147,"column":79}},"type":"binary-expr","locations":[{"start":{"line":147,"column":12},"end":{"line":147,"column":43}},{"start":{"line":147,"column":47},"end":{"line":147,"column":79}}],"line":147},"62":{"loc":{"start":{"line":151,"column":8},"end":{"line":170,"column":4}},"type":"if","locations":[{"start":{"line":151,"column":8},"end":{"line":170,"column":4}},{"start":{"line":151,"column":8},"end":{"line":170,"column":4}}],"line":151},"63":{"loc":{"start":{"line":151,"column":12},"end":{"line":151,"column":73}},"type":"binary-expr","locations":[{"start":{"line":151,"column":12},"end":{"line":151,"column":43}},{"start":{"line":151,"column":47},"end":{"line":151,"column":73}}],"line":151},"64":{"loc":{"start":{"line":155,"column":8},"end":{"line":170,"column":4}},"type":"if","locations":[{"start":{"line":155,"column":8},"end":{"line":170,"column":4}},{"start":{"line":155,"column":8},"end":{"line":170,"column":4}}],"line":155},"65":{"loc":{"start":{"line":155,"column":12},"end":{"line":155,"column":73}},"type":"binary-expr","locations":[{"start":{"line":155,"column":12},"end":{"line":155,"column":43}},{"start":{"line":155,"column":47},"end":{"line":155,"column":73}}],"line":155},"66":{"loc":{"start":{"line":159,"column":8},"end":{"line":170,"column":4}},"type":"if","locations":[{"start":{"line":159,"column":8},"end":{"line":170,"column":4}},{"start":{"line":159,"column":8},"end":{"line":170,"column":4}}],"line":159},"67":{"loc":{"start":{"line":159,"column":12},"end":{"line":159,"column":73}},"type":"binary-expr","locations":[{"start":{"line":159,"column":12},"end":{"line":159,"column":43}},{"start":{"line":159,"column":47},"end":{"line":159,"column":73}}],"line":159},"68":{"loc":{"start":{"line":163,"column":8},"end":{"line":170,"column":4}},"type":"if","locations":[{"start":{"line":163,"column":8},"end":{"line":170,"column":4}},{"start":{"line":163,"column":8},"end":{"line":170,"column":4}}],"line":163},"69":{"loc":{"start":{"line":163,"column":12},"end":{"line":163,"column":73}},"type":"binary-expr","locations":[{"start":{"line":163,"column":12},"end":{"line":163,"column":43}},{"start":{"line":163,"column":47},"end":{"line":163,"column":73}}],"line":163},"70":{"loc":{"start":{"line":167,"column":8},"end":{"line":170,"column":4}},"type":"if","locations":[{"start":{"line":167,"column":8},"end":{"line":170,"column":4}},{"start":{"line":167,"column":8},"end":{"line":170,"column":4}}],"line":167},"71":{"loc":{"start":{"line":167,"column":12},"end":{"line":167,"column":82}},"type":"binary-expr","locations":[{"start":{"line":167,"column":12},"end":{"line":167,"column":43}},{"start":{"line":167,"column":47},"end":{"line":167,"column":82}}],"line":167},"72":{"loc":{"start":{"line":174,"column":3},"end":{"line":209,"column":4}},"type":"if","locations":[{"start":{"line":174,"column":3},"end":{"line":209,"column":4}},{"start":{"line":174,"column":3},"end":{"line":209,"column":4}}],"line":174},"73":{"loc":{"start":{"line":174,"column":7},"end":{"line":174,"column":63}},"type":"binary-expr","locations":[{"start":{"line":174,"column":7},"end":{"line":174,"column":32}},{"start":{"line":174,"column":36},"end":{"line":174,"column":63}}],"line":174},"74":{"loc":{"start":{"line":178,"column":8},"end":{"line":209,"column":4}},"type":"if","locations":[{"start":{"line":178,"column":8},"end":{"line":209,"column":4}},{"start":{"line":178,"column":8},"end":{"line":209,"column":4}}],"line":178},"75":{"loc":{"start":{"line":178,"column":12},"end":{"line":178,"column":72}},"type":"binary-expr","locations":[{"start":{"line":178,"column":12},"end":{"line":178,"column":37}},{"start":{"line":178,"column":41},"end":{"line":178,"column":72}}],"line":178},"76":{"loc":{"start":{"line":182,"column":8},"end":{"line":209,"column":4}},"type":"if","locations":[{"start":{"line":182,"column":8},"end":{"line":209,"column":4}},{"start":{"line":182,"column":8},"end":{"line":209,"column":4}}],"line":182},"77":{"loc":{"start":{"line":182,"column":12},"end":{"line":182,"column":73}},"type":"binary-expr","locations":[{"start":{"line":182,"column":12},"end":{"line":182,"column":37}},{"start":{"line":182,"column":41},"end":{"line":182,"column":73}}],"line":182},"78":{"loc":{"start":{"line":186,"column":8},"end":{"line":209,"column":4}},"type":"if","locations":[{"start":{"line":186,"column":8},"end":{"line":209,"column":4}},{"start":{"line":186,"column":8},"end":{"line":209,"column":4}}],"line":186},"79":{"loc":{"start":{"line":186,"column":12},"end":{"line":186,"column":73}},"type":"binary-expr","locations":[{"start":{"line":186,"column":12},"end":{"line":186,"column":37}},{"start":{"line":186,"column":41},"end":{"line":186,"column":73}}],"line":186},"80":{"loc":{"start":{"line":190,"column":8},"end":{"line":209,"column":4}},"type":"if","locations":[{"start":{"line":190,"column":8},"end":{"line":209,"column":4}},{"start":{"line":190,"column":8},"end":{"line":209,"column":4}}],"line":190},"81":{"loc":{"start":{"line":190,"column":12},"end":{"line":190,"column":67}},"type":"binary-expr","locations":[{"start":{"line":190,"column":12},"end":{"line":190,"column":37}},{"start":{"line":190,"column":41},"end":{"line":190,"column":67}}],"line":190},"82":{"loc":{"start":{"line":194,"column":8},"end":{"line":209,"column":4}},"type":"if","locations":[{"start":{"line":194,"column":8},"end":{"line":209,"column":4}},{"start":{"line":194,"column":8},"end":{"line":209,"column":4}}],"line":194},"83":{"loc":{"start":{"line"
[...]
"start":{"line":37,"column":6},"end":{"line":202,"column":2}},{"start":{"line":37,"column":6},"end":{"line":202,"column":2}}],"line":37},"11":{"loc":{"start":{"line":37,"column":9},"end":{"line":37,"column":71}},"type":"binary-expr","locations":[{"start":{"line":37,"column":9},"end":{"line":37,"column":35}},{"start":{"line":37,"column":39},"end":{"line":37,"column":71}}],"line":37},"12":{"loc":{"start":{"line":43,"column":6},"end":{"line":202,"column":2}},"type":"if","locations":[{"start":{"line":43,"column":6},"end":{"line":202,"column":2}},{"start":{"line":43,"column":6},"end":{"line":202,"column":2}}],"line":43},"13":{"loc":{"start":{"line":43,"column":9},"end":{"line":43,"column":81}},"type":"binary-expr","locations":[{"start":{"line":43,"column":9},"end":{"line":43,"column":40}},{"start":{"line":43,"column":44},"end":{"line":43,"column":81}}],"line":43},"14":{"loc":{"start":{"line":47,"column":6},"end":{"line":202,"column":2}},"type":"if","locations":[{"start":{"line":47,"column":6},"end":{"line":202,"column":2}},{"start":{"line":47,"column":6},"end":{"line":202,"column":2}}],"line":47},"15":{"loc":{"start":{"line":47,"column":9},"end":{"line":47,"column":80}},"type":"binary-expr","locations":[{"start":{"line":47,"column":9},"end":{"line":47,"column":40}},{"start":{"line":47,"column":44},"end":{"line":47,"column":80}}],"line":47},"16":{"loc":{"start":{"line":51,"column":6},"end":{"line":202,"column":2}},"type":"if","locations":[{"start":{"line":51,"column":6},"end":{"line":202,"column":2}},{"start":{"line":51,"column":6},"end":{"line":202,"column":2}}],"line":51},"17":{"loc":{"start":{"line":51,"column":9},"end":{"line":51,"column":76}},"type":"binary-expr","locations":[{"start":{"line":51,"column":9},"end":{"line":51,"column":40}},{"start":{"line":51,"column":44},"end":{"line":51,"column":76}}],"line":51},"18":{"loc":{"start":{"line":55,"column":6},"end":{"line":202,"column":2}},"type":"if","locations":[{"start":{"line":55,"column":6},"end":{"line":202,"column":2}},{"start":{"line":55,"column":6},"end":{"line":202,"column":2}}],"line":55},"19":{"loc":{"start":{"line":55,"column":9},"end":{"line":55,"column":77}},"type":"binary-expr","locations":[{"start":{"line":55,"column":9},"end":{"line":55,"column":40}},{"start":{"line":55,"column":44},"end":{"line":55,"column":77}}],"line":55},"20":{"loc":{"start":{"line":59,"column":6},"end":{"line":202,"column":2}},"type":"if","locations":[{"start":{"line":59,"column":6},"end":{"line":202,"column":2}},{"start":{"line":59,"column":6},"end":{"line":202,"column":2}}],"line":59},"21":{"loc":{"start":{"line":59,"column":9},"end":{"line":59,"column":76}},"type":"binary-expr","locations":[{"start":{"line":59,"column":9},"end":{"line":59,"column":40}},{"start":{"line":59,"column":44},"end":{"line":59,"column":76}}],"line":59},"22":{"loc":{"start":{"line":63,"column":6},"end":{"line":202,"column":2}},"type":"if","locations":[{"start":{"line":63,"column":6},"end":{"line":202,"column":2}},{"start":{"line":63,"column":6},"end":{"line":202,"column":2}}],"line":63},"23":{"loc":{"start":{"line":63,"column":9},"end":{"line":63,"column":71}},"type":"binary-expr","locations":[{"start":{"line":63,"column":9},"end":{"line":63,"column":40}},{"start":{"line":63,"column":44},"end":{"line":63,"column":71}}],"line":63},"24":{"loc":{"start":{"line":69,"column":6},"end":{"line":202,"column":2}},"type":"if","locations":[{"start":{"line":69,"column":6},"end":{"line":202,"column":2}},{"start":{"line":69,"column":6},"end":{"line":202,"column":2}}],"line":69},"25":{"loc":{"start":{"line":69,"column":9},"end":{"line":69,"column":81}},"type":"binary-expr","locations":[{"start":{"line":69,"column":9},"end":{"line":69,"column":45}},{"start":{"line":69,"column":49},"end":{"line":69,"column":81}}],"line":69},"26":{"loc":{"start":{"line":73,"column":6},"end":{"line":202,"column":2}},"type":"if","locations":[{"start":{"line":73,"column":6},"end":{"line":202,"column":2}},{"start":{"line":73,"column":6},"end":{"line":202,"column":2}}],"line":73},"27":{"loc":{"start":{"line":73,"column":9},"end":{"line":73,"column":85}},"type":"binary-expr","locations":[{"start":{"line":73,"column":9},"end":{"line":73,"column":45}},{"start":{"line":73,"column":49},"end":{"line":73,"column":85}}],"line":73},"28":{"loc":{"start":{"line":77,"column":6},"end":{"line":202,"column":2}},"type":"if","locations":[{"start":{"line":77,"column":6},"end":{"line":202,"column":2}},{"start":{"line":77,"column":6},"end":{"line":202,"column":2}}],"line":77},"29":{"loc":{"start":{"line":77,"column":9},"end":{"line":77,"column":82}},"type":"binary-expr","locations":[{"start":{"line":77,"column":9},"end":{"line":77,"column":45}},{"start":{"line":77,"column":49},"end":{"line":77,"column":82}}],"line":77},"30":{"loc":{"start":{"line":81,"column":6},"end":{"line":202,"column":2}},"type":"if","locations":[{"start":{"line":81,"column":6},"end":{"line":202,"column":2}},{"start":{"line":81,"column":6},"end":{"line":202,"column":2}}],"line":81},"31":{"loc":{"start":{"line":81,"column":9},"end":{"line":81,"column":81}},"type":"binary-expr","locations":[{"start":{"line":81,"column":9},"end":{"line":81,"column":45}},{"start":{"line":81,"column":49},"end":{"line":81,"column":81}}],"line":81},"32":{"loc":{"start":{"line":85,"column":6},"end":{"line":202,"column":2}},"type":"if","locations":[{"start":{"line":85,"column":6},"end":{"line":202,"column":2}},{"start":{"line":85,"column":6},"end":{"line":202,"column":2}}],"line":85},"33":{"loc":{"start":{"line":85,"column":9},"end":{"line":85,"column":76}},"type":"binary-expr","locations":[{"start":{"line":85,"column":9},"end":{"line":85,"column":45}},{"start":{"line":85,"column":49},"end":{"line":85,"column":76}}],"line":85},"34":{"loc":{"start":{"line":89,"column":6},"end":{"line":202,"column":2}},"type":"if","locations":[{"start":{"line":89,"column":6},"end":{"line":202,"column":2}},{"start":{"line":89,"column":6},"end":{"line":202,"column":2}}],"line":89},"35":{"loc":{"start":{"line":89,"column":9},"end":{"line":89,"column":81}},"type":"binary-expr","locations":[{"start":{"line":89,"column":9},"end":{"line":89,"column":45}},{"start":{"line":89,"column":49},"end":{"line":89,"column":81}}],"line":89},"36":{"loc":{"start":{"line":95,"column":6},"end":{"line":202,"column":2}},"type":"if","locations":[{"start":{"line":95,"column":6},"end":{"line":202,"column":2}},{"start":{"line":95,"column":6},"end":{"line":202,"column":2}}],"line":95},"37":{"loc":{"start":{"line":95,"column":9},"end":{"line":95,"column":80}},"type":"binary-expr","locations":[{"start":{"line":95,"column":9},"end":{"line":95,"column":44}},{"start":{"line":95,"column":48},"end":{"line":95,"column":80}}],"line":95},"38":{"loc":{"start":{"line":99,"column":6},"end":{"line":202,"column":2}},"type":"if","locations":[{"start":{"line":99,"column":6},"end":{"line":202,"column":2}},{"start":{"line":99,"column":6},"end":{"line":202,"column":2}}],"line":99},"39":{"loc":{"start":{"line":99,"column":9},"end":{"line":99,"column":80}},"type":"binary-expr","locations":[{"start":{"line":99,"column":9},"end":{"line":99,"column":44}},{"start":{"line":99,"column":48},"end":{"line":99,"column":80}}],"line":99},"40":{"loc":{"start":{"line":103,"column":6},"end":{"line":202,"column":2}},"type":"if","locations":[{"start":{"line":103,"column":6},"end":{"line":202,"column":2}},{"start":{"line":103,"column":6},"end":{"line":202,"column":2}}],"line":103},"41":{"loc":{"start":{"line":103,"column":9},"end":{"line":103,"column":81}},"type":"binary-expr","locations":[{"start":{"line":103,"column":9},"end":{"line":103,"column":44}},{"start":{"line":103,"column":48},"end":{"line":103,"column":81}}],"line":103},"42":{"loc":{"start":{"line":107,"column":6},"end":{"line":202,"column":2}},"type":"if","locations":[{"start":{"line":107,"column":6},"end":{"line":202,"column":2}},{"start":{"line":107,"column":6},"end":{"line":202,"column":2}}],"line":107},"43":{"loc":{"start":{"line":107,"column":9},"end":{"line":107,"column":80}},"type":"binary-expr","locations":[{"start":{"line":107,"column":9},"end":{"line":107,"column":44}},{"start":{"line":107,"column":48},"end":{"line":107,"column":80}}],"line":107},"44":{"loc":{"start":{"line":111,"column":6},"end":{"line":202,"column":2}},"type":"if","locations":[{"start":{"line":111,"column":6},"end":{"line":202,"column":2}},{"start":{"line":111,"column":6},"end":{"line":202,"column":2}}],"line":111},"45":{"loc":{"start":{"line":111,"column":9},"end":{"line":111,"column":75}},"type":"binary-expr","locations":[{"start":{"line":111,"column":9},"end":{"line":111,"column":44}},{"start":{"line":111,"column":48},"end":{"line":111,"column":75}}],"line":111},"46":{"loc":{"start":{"line":115,"column":6},"end":{"line":202,"column":2}},"type":"if","locations":[{"start":{"line":115,"column":6},"end":{"line":202,"column":2}},{"start":{"line":115,"column":6},"end":{"line":202,"column":2}}],"line":115},"47":{"loc":{"start":{"line":115,"column":9},"end":{"line":115,"column":85}},"type":"binary-expr","locations":[{"start":{"line":115,"column":9},"end":{"line":115,"column":44}},{"start":{"line":115,"column":48},"end":{"line":115,"column":85}}],"line":115},"48":{"loc":{"start":{"line":121,"column":6},"end":{"line":202,"column":2}},"type":"if","locations":[{"start":{"line":121,"column":6},"end":{"line":202,"column":2}},{"start":{"line":121,"column":6},"end":{"line":202,"column":2}}],"line":121},"49":{"loc":{"start":{"line":121,"column":9},"end":{"line":121,"column":81}},"type":"binary-expr","locations":[{"start":{"line":121,"column":9},"end":{"line":121,"column":40}},{"start":{"line":121,"column":44},"end":{"line":121,"column":81}}],"line":121},"50":{"loc":{"start":{"line":125,"column":6},"end":{"line":202,"column":2}},"type":"if","locations":[{"start":{"line":125,"column":6},"end":{"line":202,"column":2}},{"start":{"line":125,"column":6},"end":{"line":202,"column":2}}],"line":125},"51":{"loc":{"start":{"line":125,"column":9},"end":{"line":125,"column":80}},"type":"binary-expr","locations":[{"start":{"line":125,"column":9},"end":{"line":125,"column":40}},{"start":{"line":125,"column":44},"end":{"line":125,"column":80}}],"line":125},"52":{"loc":{"start":{"line":129,"column":6},"end":{"line":202,"column":2}},"type":"if","locations":[{"start":{"line":129,"column":6},"end":{"line":202,"column":2}},{"start":{"line":129,"column":6},"end":{"line":202,"column":2}}],"line":129},"53":{"loc":{"start":{"line":129,"column":9},"end":{"line":129,"column":77}},"type":"binary-expr","locations":[{"start":{"line":129,"column":9},"end":{"line":129,"column":40}},{"start":{"line":129,"column":44},"end":{"line":129,"column":77}}],"line":129},"54":{"loc":{"start":{"line":133,"column":6},"end":{"line":202,"column":2}},"type":"if","locations":[{"start":{"line":133,"column":6},"end":{"line":202,"column":2}},{"start":{"line":133,"column":6},"end":{"line":202,"column":2}}],"line":133},"55":{"loc":{"start":{"line":133,"column":9},"end":{"line":133,"column":76}},"type":"binary-expr","locations":[{"start":{"line":133,"column":9},"end":{"line":133,"column":40}},{"start":{"line":133,"column":44},"end":{"line":133,"column":76}}],"line":133},"56":{"loc":{"start":{"line":137,"column":6},"end":{"line":202,"column":2}},"type":"if","locations":[{"start":{"line":137,"column":6},"end":{"line":202,"column":2}},{"start":{"line":137,"column":6},"end":{"line":202,"column":2}}],"line":137},"57":{"loc":{"start":{"line":137,"column":9},"end":{"line":137,"column":71}},"type":"binary-expr","locations":[{"start":{"line":137,"column":9},"end":{"line":137,"column":40}},{"start":{"line":137,"column":44},"end":{"line":137,"column":71}}],"line":137},"58":{"loc":{"start":{"line":141,"column":6},"end":{"line":202,"column":2}},"type":"if","locations":[{"start":{"line":141,"column":6},"end":{"line":202,"column":2}},{"start":{"line":141,"column":6},"end":{"line":202,"column":2}}],"line":141},"59":{"loc":{"start":{"line":141,"column":9},"end":{"line":141,"column":76}},"type":"binary-expr","locations":[{"start":{"line":141,"column":9},"end":{"line":141,"column":40}},{"start":{"line":141,"column":44},"end":{"line":141,"column":76}}],"line":141},"60":{"loc":{"start":{"line":147,"column":6},"end":{"line":202,"column":2}},"type":"if","locations":[{"start":{"line":147,"column":6},"end":{"line":202,"column":2}},{"start":{"line":147,"column":6},"end":{"line":202,"column":2}}],"line":147},"61":{"loc":{"start":{"line":147,"column":9},"end":{"line":147,"column":77}},"type":"binary-expr","locations":[{"start":{"line":147,"column":9},"end":{"line":147,"column":41}},{"start":{"line":147,"column":45},"end":{"line":147,"column":77}}],"line":147},"62":{"loc":{"start":{"line":151,"column":6},"end":{"line":202,"column":2}},"type":"if","locations":[{"start":{"line":151,"column":6},"end":{"line":202,"column":2}},{"start":{"line":151,"column":6},"end":{"line":202,"column":2}}],"line":151},"63":{"loc":{"start":{"line":151,"column":9},"end":{"line":151,"column":81}},"type":"binary-expr","locations":[{"start":{"line":151,"column":9},"end":{"line":151,"column":41}},{"start":{"line":151,"column":45},"end":{"line":151,"column":81}}],"line":151},"64":{"loc":{"start":{"line":155,"column":6},"end":{"line":202,"column":2}},"type":"if","locations":[{"start":{"line":155,"column":6},"end":{"line":202,"column":2}},{"start":{"line":155,"column":6},"end":{"line":202,"column":2}}],"line":155},"65":{"loc":{"start":{"line":155,"column":9},"end":{"line":155,"column":77}},"type":"binary-expr","locations":[{"start":{"line":155,"column":9},"end":{"line":155,"column":41}},{"start":{"line":155,"column":45},"end":{"line":155,"column":77}}],"line":155},"66":{"loc":{"start":{"line":159,"column":6},"end":{"line":202,"column":2}},"type":"if","locations":[{"start":{"line":159,"column":6},"end":{"line":202,"column":2}},{"start":{"line":159,"column":6},"end":{"line":202,"column":2}}],"line":159},"67":{"loc":{"start":{"line":159,"column":9},"end":{"line":159,"column":72}},"type":"binary-expr","locations":[{"start":{"line":159,"column":9},"end":{"line":159,"column":41}},{"start":{"line":159,"column":45},"end":{"line":159,"column":72}}],"line":159},"68":{"loc":{"start":{"line":163,"column":6},"end":{"line":202,"column":2}},"type":"if","locations":[{"start":{"line":163,"column":6},"end":{"line":202,"column":2}},{"start":{"line":163,"column":6},"end":{"line":202,"column":2}}],"line":163},"69":{"loc":{"start":{"line":163,"column":9},"end":{"line":163,"column":82}},"type":"binary-expr","locations":[{"start":{"line":163,"column":9},"end":{"line":163,"column":41}},{"start":{"line":163,"column":45},"end":{"line":163,"column":82}}],"line":163},"70":{"loc":{"start":{"line":167,"column":6},"end":{"line":202,"column":2}},"type":"if","locations":[{"start":{"line":167,"column":6},"end":{"line":202,"column":2}},{"start":{"line":167,"column":6},"end":{"line":202,"column":2}}],"line":167},"71":{"loc":{"start":{"line":167,"column":9},"end":{"line":167,"column":77}},"type":"binary-expr","locations":[{"start":{"line":167,"column":9},"end":{"line":167,"column":41}},{"start":{"line":167,"column":45},"end":{"line":167,"column":77}}],"line":167},"72":{"loc":{"start":{"line":173,"column":6},"end":{"line":202,"column":2}},"type":"if","locations":[{"start":{"line":173,"column":6},"end":{"line":202,"column":2}},{"start":{"line":173,"column":6},"end":{"line":202,"column":2}}],"line":173},"73":{"loc":{"start":{"line":173,"column":9},"end":{"line":173,"column":76}},"type":"binary-expr","locations":[{"start":{"line":173,"column":9},"end":{"line":173,"column":40}},{"start":{"line":173,"column":44},"end":{"line":173,"column":76}}],"line":173},"74":{"loc":{"start":{"line":177,"column":6},"end":{"line":202,"column":2}},"type":"if","locations":[{"start":{"line":177,"column":6},"end":{"line":202,"column":2}},{"start":{"line":177,"column":6},"end":{"line":202,"column":2}}],"line":177},"75":{"loc":{"start":{"line":177,"column":9},"end":{"line":177,"column":80}},"type":"binary-expr","locations":[{"start":{"line":177,"column":9},"end":{"line":177,"column":40}},{"start":{"line":177,"column":44},"end":{"line":177,"column":80}}],"line":177},"76":{"loc":{"start":{"line":181,"column":6},"end":{"line":202,"column":2}},"type":"if","locations":[{"start":{"line":181,"column":6},"end":{"line":202,"column":2}},{"start":{"line":181,"column":6},"end":{"line":202,"column":2}}],"line":181},"77":{"loc":{"start":{"line":181,"column":9},"end":{"line":181,"column":77}},"type":"binary-expr","locations":[{"start":{"line":181,"column":9},"end":{"line":181,"column":40}},{"start":{"line":181,"column":44},"end":{"line":181,"column":77}}],"line":181},"78":{"loc":{"start":{"line":185,"column":6},"end":{"line":202,"column":2}},"type":"if","locations":[{"start":{"line":185,"column":6},"end":{"line":202,"column":2}},{"start":{"line":185,"column":6},"end":{"line":202,"column":2}}],"line":185},"79":{"loc":{"start":{"line":185,"column":9},"end":{"line":185,"column":71}},"type":"binary-expr","locations":[{"start":{"line":185,"column":9},"end":{"line":185,"column":40}},{"start":{"line":185,"column":44},"end":{"line":185,"column":71}}],"line":185},"80":{"loc":{"start":{"line":189,"column":6},"end":{"line":202,"column":2}},"type":"if","locations":[{"start":{"line":189,"column":6},"end":{"line":202,"column":2}},{"start":{"line":189,"column":6},"end":{"line":202,"column":2}}],"line":189},"81":{"loc":{"start":{"line":189,"column":9},"end":{"line":189,"column":76}},"type":"binary-expr","locations":[{"start":{"line":189,"column":9},"end":{"line":189,"column":40}},{"start":{"line":189,"column":44},"end":{"line":189,"column":76}}],"line":189},"82":{"loc":{"start":{"line":194,"column":6},"end":{"line":202,"column":2}},"type":"if","locations":[{"start":{"line":194,"column":6},"end":{"line":202,"column":2}},{"start":{"line":194,"column":6},"end":{"line":202,"column":2}}],"line":194},"83":{"loc":{"start":{"line":194,"column":9},"end":{"line":194,"column":81}},"type":"binary-expr","locations":[{"start":{"line":194,"column":9},"end":{"line":194,"column":40}},{"start":{"line":194,"column":44},"end":{"line":194,"column":81}}],"line":194},"84":{"loc":{"start":{"line":206,"column":1},"end":{"line":213,"column":2}},"type":"if","locations":[{"start":{"line":206,"column":1},"end":{"line":213,"column":2}},{"start":{"line":206,"column":1},"end":{"line":213,"column":2}}],"line":206}},"s":{"0":0,"1":0,"2":0,"3":0,"4":0,"5":0,"6":0,"7":0,"8":0,"9":0,"10":0,"11":0,"12":0,"13":0,"14":0,"15":0,"16":0,"17":0,"18":0,"19":0,"20":0,"21":0,"22":0,"23":0,"24":0,"25":0,"26":0,"27":0,"28":0,"29":0,"30":0,"31":0,"32":0,"33":0,"34":0,"35":0,"36":0,"37":0,"38":0,"39":0,"40":0,"41":0,"42":0,"43":0,"44":0,"45":0,"46":0,"47":0,"48":0,"49":0,"50":0,"51":0,"52":0,"53":0,"54":0,"55":0,"56":0,"57":0,"58":0,"59":0,"60":0,"61":0,"62":0,"63":0,"64":0,"65":0,"66":0,"67":0,"68":0,"69":0,"70":0,"71":0,"72":0,"73":0,"74":0,"75":0,"76":0,"77":0,"78":0,"79":0,"80":0,"81":0,"82":0,"83":0,"84":0,"85":0,"86":0,"87":0,"88":0,"89":0,"90":0,"91":0,"92":0,"93":0,"94":0,"95":0,"96":0,"97":0},"f":{"0":0,"1":0},"b":{"0":[0,0],"1":[0,0],"2":[0,0],"3":[0,0],"4":[0,0],"5":[0,0],"6":[0,0],"7":[0,0],"8":[0,0],"9":[0,0],"10":[0,0],"11":[0,0],"12":[0,0],"13":[0,0],"14":[0,0],"15":[0,0],"16":[0,0],"17":[0,0],"18":[0,0],"19":[0,0],"20":[0,0],"21":[0,0],"22":[0,0],"23":[0,0],"24":[0,0],"25":[0,0],"26":[0,0],"27":[0,0],"28":[0,0],"29":[0,0],"30":[0,0],"31":[0,0],"32":[0,0],"33":[0,0],"34":[0,0],"35":[0,0],"36":[0,0],"37":[0,0],"38":[0,0],"39":[0,0],"40":[0,0],"41":[0,0],"42":[0,0],"43":[0,0],"44":[0,0],"45":[0,0],"46":[0,0],"47":[0,0],"48":[0,0],"49":[0,0],"50":[0,0],"51":[0,0],"52":[0,0],"53":[0,0],"54":[0,0],"55":[0,0],"56":[0,0],"57":[0,0],"58":[0,0],"59":[0,0],"60":[0,0],"61":[0,0],"62":[0,0],"63":[0,0],"64":[0,0],"65":[0,0],"66":[0,0],"67":[0,0],"68":[0,0],"69":[0,0],"70":[0,0],"71":[0,0],"72":[0,0],"73":[0,0],"74":[0,0],"75":[0,0],"76":[0,0],"77":[0,0],"78":[0,0],"79":[0,0],"80":[0,0],"81":[0,0],"82":[0,0],"83":[0,0],"84":[0,0]}}
}
