TN:
SF:conversionTools/Angle_Conversion/angleconversion.js
FN:2,degangleConverter
FN:8,radangleConverter
FNF:2
FNH:2
FNDA:1,degangleConverter
FNDA:1,radangleConverter
DA:3,1
DA:4,1
DA:9,1
DA:10,1
DA:13,1
DA:14,1
LF:6
LH:6
BRF:0
BRH:0
end_of_record
TN:
SF:conversionTools/Energy/energy.js
FN:79,(anonymous_0)
FN:96,calculateUnit1
FN:105,calculateUnit2
FN:113,recalculateUnits
FNF:4
FNH:0
FNDA:0,(anonymous_0)
FNDA:0,calculateUnit1
FNDA:0,calculateUnit2
FNDA:0,recalculateUnits
DA:1,0
DA:2,0
DA:3,0
DA:4,0
DA:5,0
DA:6,0
DA:7,0
DA:8,0
DA:9,0
DA:10,0
DA:11,0
DA:12,0
DA:13,0
DA:14,0
DA:15,0
DA:16,0
DA:17,0
DA:18,0
DA:19,0
DA:20,0
DA:21,0
DA:22,0
DA:23,0
DA:24,0
DA:25,0
DA:26,0
DA:27,0
DA:28,0
DA:29,0
DA:30,0
DA:31,0
DA:32,0
DA:33,0
DA:34,0
DA:35,0
DA:36,0
DA:37,0
DA:41,0
DA:42,0
DA:43,0
DA:44,0
DA:45,0
DA:46,0
DA:47,0
DA:48,0
DA:49,0
DA:50,0
DA:51,0
DA:52,0
DA:53,0
DA:54,0
DA:55,0
DA:56,0
DA:57,0
DA:58,0
DA:59,0
DA:60,0
DA:61,0
DA:62,0
DA:63,0
DA:64,0
DA:65,0
DA:66,0
DA:67,0
DA:68,0
DA:69,0
DA:70,0
DA:71,0
DA:72,0
DA:73,0
DA:74,0
DA:75,0
DA:76,0
DA:77,0
DA:79,0
DA:80,0
DA:82,0
DA:83,0
DA:84,0
DA:86,0
DA:87,0
DA:88,0
DA:90,0
DA:94,0
DA:97,0
DA:98,0
DA:99,0
DA:100,0
DA:101,0
DA:102,0
DA:106,0
DA:107,0
DA:108,0
DA:109,0
DA:110,0
DA:111,0
DA:114,0
DA:115,0
LF:98
LH:0
BRDA:82,0,0,0
BRDA:82,0,1,0
BRDA:86,1,0,0
BRDA:86,1,1,0
BRF:4
BRH:0
end_of_record
TN:
SF:conversionTools/Torque/torque.js
FN:2,converttorque
FN:137,main
FNF:2
FNH:0
FNDA:0,converttorque
FNDA:0,main
DA:4,0
DA:5,0
DA:7,0
DA:8,0
DA:11,0
DA:16,0
DA:18,0
DA:19,0
DA:21,0
DA:23,0
DA:24,0
DA:26,0
DA:28,0
DA:29,0
DA:31,0
DA:33,0
DA:34,0
DA:38,0
DA:40,0
DA:41,0
DA:43,0
DA:45,0
DA:46,0
DA:48,0
DA:50,0
DA:51,0
DA:53,0
DA:55,0
DA:56,0
DA:61,0
DA:63,0
DA:64,0
DA:66,0
DA:68,0
DA:69,0
DA:70,0
DA:72,0
DA:73,0
DA:75,0
DA:77,0
DA:78,0
DA:82,0
DA:84,0
DA:85,0
DA:87,0
DA:89,0
DA:90,0
DA:91,0
DA:93,0
DA:94,0
DA:96,0
DA:98,0
DA:99,0
DA:103,0
DA:105,0
DA:106,0
DA:108,0
DA:110,0
DA:111,0
DA:112,0
DA:114,0
DA:115,0
DA:117,0
DA:119,0
DA:120,0
DA:125,0
DA:127,0
DA:131,0
DA:138,0
DA:139,0
DA:142,0
LF:71
LH:0
BRDA:16,0,0,0
BRDA:16,0,1,0
BRDA:16,1,0,0
BRDA:16,1,1,0
BRDA:21,2,0,0
BRDA:21,2,1,0
BRDA:21,3,0,0
BRDA:21,3,1,0
BRDA:26,4,0,0
BRDA:26,4,1,0
BRDA:26,5,0,0
BRDA:26,5,1,0
BRDA:31,6,0,0
BRDA:31,6,1,0
BRDA:31,7,0,0
BRDA:31,7,1,0
BRDA:38,8,0,0
BRDA:38,8,1,0
BRDA:38,9,0,0
BRDA:38,9,1,0
BRDA:43,10,0,0
BRDA:43,10,1,0
BRDA:43,11,0,0
BRDA:43,11,1,0
BRDA:48,12,0,0
BRDA:48,12,1,0
BRDA:48,13,0,0
BRDA:48,13,1,0
BRDA:53,14,0,0
BRDA:53,14,1,0
BRDA:53,15,0,0
BRDA:53,15,1,0
BRDA:61,16,0,0
BRDA:61,16,1,0
BRDA:61,17,0,0
BRDA:61,17,1,0
BRDA:66,18,0,0
BRDA:66,18,1,0
BRDA:66,19,0,0
BRDA:66,19,1,0
BRDA:70,20,0,0
BRDA:70,20,1,0
BRDA:70,21,0,0
BRDA:70,21,1,0
BRDA:75,22,0,0
BRDA:75,22,1,0
BRDA:75,23,0,0
BRDA:75,23,1,0
BRDA:82,24,0,0
BRDA:82,24,1,0
BRDA:82,25,0,0
BRDA:82,25,1,0
BRDA:87,26,0,0
BRDA:87,26,1,0
BRDA:87,27,0,0
BRDA:87,27,1,0
BRDA:91,28,0,0
BRDA:91,28,1,0
BRDA:91,29,0,0
BRDA:91,29,1,0
BRDA:96,30,0,0
BRDA:96,30,1,0
BRDA:96,31,0,0
BRDA:96,31,1,0
BRDA:103,32,0,0
BRDA:103,32,1,0
BRDA:103,33,0,0
BRDA:103,33,1,0
BRDA:108,34,0,0
BRDA:108,34,1,0
BRDA:108,35,0,0
BRDA:108,35,1,0
BRDA:112,36,0,0
BRDA:112,36,1,0
BRDA:112,37,0,0
BRDA:112,37,1,0
BRDA:117,38,0,0
BRDA:117,38,1,0
BRDA:117,39,0,0
BRDA:117,39,1,0
BRDA:125,40,0,0
BRDA:125,40,1,0
BRF:82
BRH:0
end_of_record
TN:
SF:conversionTools/currency/currency.js
FN:13,(anonymous_0)
FN:20,calculate
FN:25,(anonymous_2)
FN:26,(anonymous_3)
FNF:4
FNH:0
FNDA:0,(anonymous_0)
FNDA:0,calculate
FNDA:0,(anonymous_2)
FNDA:0,(anonymous_3)
DA:1,0
DA:2,0
DA:3,0
DA:4,0
DA:5,0
DA:6,0
DA:8,0
DA:9,0
DA:10,0
DA:11,0
DA:13,0
DA:14,0
DA:15,0
DA:16,0
DA:17,0
DA:21,0
DA:22,0
DA:24,0
DA:25,0
DA:27,0
DA:28,0
DA:29,0
DA:33,0
LF:23
LH:0
BRF:0
BRH:0
end_of_record
TN:
SF:conversionTools/density/density.js
FN:49,i1
FN:54,i2
FN:59,i1s
FNF:3
FNH:0
FNDA:0,i1
FNDA:0,i2
FNDA:0,i1s
DA:1,0
DA:2,0
DA:3,0
DA:4,0
DA:5,0
DA:6,0
DA:7,0
DA:8,0
DA:9,0
DA:10,0
DA:11,0
DA:12,0
DA:13,0
DA:14,0
DA:15,0
DA:16,0
DA:17,0
DA:18,0
DA:19,0
DA:20,0
DA:25,0
DA:26,0
DA:27,0
DA:28,0
DA:29,0
DA:30,0
DA:31,0
DA:32,0
DA:33,0
DA:34,0
DA:35,0
DA:36,0
DA:37,0
DA:38,0
DA:39,0
DA:40,0
DA:41,0
DA:42,0
DA:43,0
DA:44,0
DA:47,0
DA:50,0
DA:51,0
DA:52,0
DA:55,0
DA:56,0
DA:57,0
DA:60,0
DA:61,0
LF:49
LH:0
BRF:0
BRH:0
end_of_record
TN:
SF:conversionTools/frequency/frequency.js
FN:74,convert
FN:83,dispRes
FN:90,calcAndDisp
FNF:3
FNH:0
FNDA:0,convert
FNDA:0,dispRes
FNDA:0,calcAndDisp
DA:1,0
DA:2,0
DA:3,0
DA:4,0
DA:7,0
DA:22,0
DA:76,0
DA:77,0
DA:78,0
DA:80,0
DA:85,0
DA:86,0
DA:87,0
DA:92,0
DA:93,0
DA:94,0
DA:95,0
DA:96,0
DA:98,0
LF:19
LH:0
BRF:0
BRH:0
end_of_record
TN:
SF:conversionTools/fuelEfficiency/fuel.js
FN:1,calculateMPG
FNF:1
FNH:1
FNDA:4,calculateMPG
DA:2,4
DA:3,4
DA:4,4
DA:7,4
DA:8,2
DA:10,2
DA:11,1
DA:14,1
DA:16,1
DA:17,1
DA:21,1
LF:11
LH:11
BRDA:7,0,0,2
BRDA:7,0,1,2
BRDA:10,1,0,1
BRDA:10,1,1,1
BRF:4
BRH:4
end_of_record
TN:
SF:conversionTools/image/image.js
FN:4,readFile
FN:13,(anonymous_1)
FN:26,(anonymous_2)
FN:61,triggerDownload
FN:72,(anonymous_4)
FN:76,(anonymous_5)
FN:82,(anonymous_6)
FN:88,(anonymous_7)
FN:103,(anonymous_8)
FN:110,(anonymous_9)
FNF:10
FNH:0
FNDA:0,readFile
FNDA:0,(anonymous_1)
FNDA:0,(anonymous_2)
FNDA:0,triggerDownload
FNDA:0,(anonymous_4)
FNDA:0,(anonymous_5)
FNDA:0,(anonymous_6)
FNDA:0,(anonymous_7)
FNDA:0,(anonymous_8)
FNDA:0,(anonymous_9)
DA:2,0
DA:5,0
DA:6,0
DA:7,0
DA:8,0
DA:11,0
DA:13,0
DA:15,0
DA:16,0
DA:17,0
DA:18,0
DA:19,0
DA:21,0
DA:23,0
DA:25,0
DA:26,0
DA:28,0
DA:29,0
DA:30,0
DA:31,0
DA:32,0
DA:33,0
DA:34,0
DA:36,0
DA:38,0
DA:41,0
DA:43,0
DA:44,0
DA:45,0
DA:47,0
DA:48,0
DA:49,0
DA:50,0
DA:54,0
DA:62,0
DA:63,0
DA:64,0
DA:65,0
DA:67,0
DA:68,0
DA:72,0
DA:73,0
DA:76,0
DA:77,0
DA:78,0
DA:79,0
DA:82,0
DA:83,0
DA:84,0
DA:85,0
DA:88,0
DA:89,0
DA:90,0
DA:91,0
DA:92,0
DA:93,0
DA:95,0
DA:96,0
DA:98,0
DA:99,0
DA:100,0
DA:103,0
DA:104,0
DA:105,0
DA:107,0
DA:110,0
DA:111,0
DA:113,0
DA:115,0
LF:69
LH:0
BRDA:5,0,0,0
BRDA:5,0,1,0
BRDA:5,1,0,0
BRDA:5,1,1,0
BRDA:5,1,2,0
BRDA:8,2,0,0
BRDA:8,2,1,0
BRDA:8,3,0,0
BRDA:8,3,1,0
BRDA:8,3,2,0
BRDA:16,4,0,0
BRDA:16,4,1,0
BRDA:32,5,0,0
BRDA:32,5,1,0
BRF:14
BRH:0
end_of_record
TN:
SF:conversionTools/length/length.js
FN:14,myResult
FNF:1
FNH:0
FNDA:0,myResult
DA:1,0
DA:2,0
DA:3,0
DA:4,0
DA:11,0
DA:12,0
DA:16,0
DA:17,0
DA:19,0
DA:21,0
DA:23,0
DA:25,0
DA:27,0
DA:29,0
DA:31,0
DA:33,0
DA:35,0
DA:37,0
DA:39,0
DA:41,0
DA:43,0
DA:45,0
DA:47,0
DA:49,0
DA:51,0
DA:53,0
DA:58,0
DA:60,0
DA:62,0
DA:64,0
DA:66,0
DA:68,0
DA:70,0
DA:72,0
DA:74,0
DA:76,0
DA:78,0
DA:80,0
DA:82,0
DA:84,0
DA:86,0
DA:88,0
DA:90,0
DA:92,0
DA:97,0
DA:99,0
DA:101,0
DA:103,0
DA:105,0
DA:107,0
DA:109,0
DA:111,0
DA:113,0
DA:115,0
DA:117,0
DA:119,0
DA:121,0
DA:123,0
DA:125,0
DA:127,0
DA:129,0
DA:131,0
DA:135,0
DA:137,0
DA:139,0
DA:141,0
DA:143,0
DA:145,0
DA:147,0
DA:149,0
DA:151,0
DA:153,0
DA:155,0
DA:157,0
DA:159,0
DA:161,0
DA:163,0
DA:165,0
DA:167,0
DA:169,0
DA:174,0
DA:176,0
DA:178,0
DA:180,0
DA:182,0
DA:184,0
DA:186,0
DA:188,0
DA:190,0
DA:192,0
DA:194,0
DA:196,0
DA:198,0
DA:200,0
DA:202,0
DA:204,0
DA:206,0
DA:208,0
DA:213,0
DA:215,0
DA:217,0
DA:219,0
DA:221,0
DA:223,0
DA:225,0
DA:227,0
DA:229,0
DA:231,0
DA:233,0
DA:235,0
DA:237,0
DA:239,0
DA:241,0
DA:243,0
DA:245,0
DA:247,0
DA:252,0
DA:254,0
DA:256,0
DA:258,0
DA:260,0
DA:262,0
DA:264,0
DA:266,0
DA:268,0
DA:270,0
DA:272,0
DA:274,0
DA:276,0
DA:278,0
DA:280,0
DA:282,0
DA:284,0
DA:286,0
DA:291,0
DA:293,0
DA:295,0
DA:297,0
DA:299,0
DA:301,0
DA:303,0
DA:305,0
DA:307,0
DA:309,0
DA:311,0
DA:313,0
DA:315,0
DA:317,0
DA:319,0
DA:321,0
DA:323,0
DA:325,0
DA:329,0
DA:331,0
DA:333,0
DA:335,0
DA:337,0
DA:339,0
DA:341,0
DA:343,0
DA:345,0
DA:347,0
DA:349,0
DA:351,0
DA:353,0
DA:355,0
DA:357,0
DA:359,0
DA:361,0
DA:363,0
DA:368,0
LF:171
LH:0
BRDA:19,0,0,0
BRDA:19,0,1,0
BRDA:19,1,0,0
BRDA:19,1,1,0
BRDA:23,2,0,0
BRDA:23,2,1,0
BRDA:23,3,0,0
BRDA:23,3,1,0
BRDA:27,4,0,0
BRDA:27,4,1,0
BRDA:27,5,0,0
BRDA:27,5,1,0
BRDA:31,6,0,0
BRDA:31,6,1,0
BRDA:31,7,0,0
BRDA:31,7,1,0
BRDA:35,8,0,0
BRDA:35,8,1,0
BRDA:35,9,0,0
BRDA:35,9,1,0
BRDA:39,10,0,0
BRDA:39,10,1,0
BRDA:39,11,0,0
BRDA:39,11,1,0
BRDA:43,12,0,0
BRDA:43,12,1,0
BRDA:43,13,0,0
BRDA:43,13,1,0
BRDA:47,14,0,0
BRDA:47,14,1,0
BRDA:47,15,0,0
BRDA:47,15,1,0
BRDA:51,16,0,0
BRDA:51,16,1,0
BRDA:51,17,0,0
BRDA:51,17,1,0
BRDA:58,18,0,0
BRDA:58,18,1,0
BRDA:58,19,0,0
BRDA:58,19,1,0
BRDA:62,20,0,0
BRDA:62,20,1,0
BRDA:62,21,0,0
BRDA:62,21,1,0
BRDA:66,22,0,0
BRDA:66,22,1,0
BRDA:66,23,0,0
BRDA:66,23,1,0
BRDA:70,24,0,0
BRDA:70,24,1,0
BRDA:70,25,0,0
BRDA:70,25,1,0
BRDA:74,26,0,0
BRDA:74,26,1,0
BRDA:74,27,0,0
BRDA:74,27,1,0
BRDA:78,28,0,0
BRDA:78,28,1,0
BRDA:78,29,0,0
BRDA:78,29,1,0
BRDA:82,30,0,0
BRDA:82,30,1,0
BRDA:82,31,0,0
BRDA:82,31,1,0
BRDA:86,32,0,0
BRDA:86,32,1,0
BRDA:86,33,0,0
BRDA:86,33,1,0
BRDA:90,34,0,0
BRDA:90,34,1,0
BRDA:90,35,0,0
BRDA:90,35,1,0
BRDA:97,36,0,0
BRDA:97,36,1,0
BRDA:97,37,0,0
BRDA:97,37,1,0
BRDA:101,38,0,0
BRDA:101,38,1,0
BRDA:101,39,0,0
BRDA:101,39,1,0
BRDA:105,40,0,0
BRDA:105,40,1,0
BRDA:105,41,0,0
BRDA:105,41,1,0
BRDA:109,42,0,0
BRDA:109,42,1,0
BRDA:109,43,0,0
BRDA:109,43,1,0
BRDA:113,44,0,0
BRDA:113,44,1,0
BRDA:113,45,0,0
BRDA:113,45,1,0
BRDA:117,46,0,0
BRDA:117,46,1,0
BRDA:117,47,0,0
BRDA:117,47,1,0
BRDA:121,48,0,0
BRDA:121,48,1,0
BRDA:121,49,0,0
BRDA:121,49,1,0
BRDA:125,50,0,0
BRDA:125,50,1,0
BRDA:125,51,0,0
BRDA:125,51,1,0
BRDA:129,52,0,0
BRDA:129,52,1,0
BRDA:129,53,0,0
BRDA:129,53,1,0
BRDA:135,54,0,0
BRDA:135,54,1,0
BRDA:135,55,0,0
BRDA:135,55,1,0
BRDA:139,56,0,0
BRDA:139,56,1,0
BRDA:139,57,0,0
BRDA:139,57,1,0
BRDA:143,58,0,0
BRDA:143,58,1,0
BRDA:143,59,0,0
BRDA:143,59,1,0
BRDA:147,60,0,0
BRDA:147,60,1,0
BRDA:147,61,0,0
BRDA:147,61,1,0
BRDA:151,62,0,0
BRDA:151,62,1,0
BRDA:151,63,0,0
BRDA:151,63,1,0
BRDA:155,64,0,0
BRDA:155,64,1,0
BRDA:155,65,0,0
BRDA:155,65,1,0
BRDA:159,66,0,0
BRDA:159,66,1,0
BRDA:159,67,0,0
BRDA:159,67,1,0
BRDA:163,68,0,0
BRDA:163,68,1,0
BRDA:163,69,0,0
BRDA:163,69,1,0
BRDA:167,70,0,0
BRDA:167,70,1,0
BRDA:167,71,0,0
BRDA:167,71,1,0
BRDA:174,72,0,0
BRDA:174,72,1,0
BRDA:174,73,0,0
BRDA:174,73,1,0
BRDA:178,74,0,0
BRDA:178,74,1,0
BRDA:178,75,0,0
BRDA:178,75,1,0
BRDA:182,76,0,0
BRDA:182,76,1,0
BRDA:182,77,0,0
BRDA:182,77,1,0
BRDA:186,78,0,0
BRDA:186,78,1,0
BRDA:186,79,0,0
BRDA:186,79,1,0
BRDA:190,80,0,0
BRDA:190,80,1,0
BRDA:190,81,0,0
BRDA:190,81,1,0
BRDA:194,82,0,0
BRDA:194,82,1,0
BRDA:194,83,0,0
BRDA:194,83,1,0
BRDA:198,84,0,0
BRDA:198,84,1,0
BRDA:198,85,0,0
BRDA:198,85,1,0
BRDA:202,86,0,0
BRDA:202,86,1,0
BRDA:202,87,0,0
BRDA:202,87,1,0
BRDA:206,88,0,0
BRDA:206,88,1,0
BRDA:206,89,0,0
BRDA:206,89,1,0
BRDA:213,90,0,0
BRDA:213,90,1,0
BRDA:213,91,0,0
BRDA:213,91,1,0
BRDA:217,92,0,0
BRDA:217,92,1,0
BRDA:217,93,0,0
BRDA:217,93,1,0
BRDA:221,94,0,0
BRDA:221,94,1,0
BRDA:221,95,0,0
BRDA:221,95,1,0
BRDA:225,96,0,0
BRDA:225,96,1,0
BRDA:225,97,0,0
BRDA:225,97,1,0
BRDA:229,98,0,0
BRDA:229,98,1,0
BRDA:229,99,0,0
BRDA:229,99,1,0
BRDA:233,100,0,0
BRDA:233,100,1,0
BRDA:233,101,0,0
BRDA:233,101,1,0
BRDA:237,102,0,0
BRDA:237,102,1,0
BRDA:237,103,0,0
BRDA:237,103,1,0
BRDA:241,104,0,0
BRDA:241,104,1,0
BRDA:241,105,0,0
BRDA:241,105,1,0
BRDA:245,106,0,0
BRDA:245,106,1,0
BRDA:245,107,0,0
BRDA:245,107,1,0
BRDA:252,108,0,0
BRDA:252,108,1,0
BRDA:252,109,0,0
BRDA:252,109,1,0
BRDA:256,110,0,0
BRDA:256,110,1,0
BRDA:256,111,0,0
BRDA:256,111,1,0
BRDA:260,112,0,0
BRDA:260,112,1,0
BRDA:260,113,0,0
BRDA:260,113,1,0
BRDA:264,114,0,0
BRDA:264,114,1,0
BRDA:264,115,0,0
BRDA:264,115,1,0
BRDA:268,116,0,0
BRDA:268,116,1,0
BRDA:268,117,0,0
BRDA:268,117,1,0
BRDA:272,118,0,0
BRDA:272,118,1,0
BRDA:272,119,0,0
BRDA:272,119,1,0
BRDA:276,120,0,0
BRDA:276,120,1,0
BRDA:276,121,0,0
BRDA:276,121,1,0
BRDA:280,122,0,0
BRDA:280,122,1,0
BRDA:280,123,0,0
BRDA:280,123,1,0
BRDA:284,124,0,0
BRDA:284,124,1,0
BRDA:284,125,0,0
BRDA:284,125,1,0
BRDA:291,126,0,0
BRDA:291,126,1,0
BRDA:291,127,0,0
BRDA:291,127,1,0
BRDA:295,128,0,0
BRDA:295,128,1,0
BRDA:295,129,0,0
BRDA:295,129,1,0
BRDA:299,130,0,0
BRDA:299,130,1,0
BRDA:299,131,0,0
BRDA:299,131,1,0
BRDA:303,132,0,0
BRDA:303,132,1,0
BRDA:303,133,0,0
BRDA:303,133,1,0
BRDA:307,134,0,0
BRDA:307,134,1,0
BRDA:307,135,0,0
BRDA:307,135,1,0
BRDA:311,136,0,0
BRDA:311,136,1,0
BRDA:311,137,0,0
BRDA:311,137,1,0
BRDA:315,138,0,0
BRDA:315,138,1,0
BRDA:315,139,0,0
BRDA:315,139,1,0
BRDA:319,140,0,0
BRDA:319,140,1,0
BRDA:319,141,0,0
BRDA:319,141,1,0
BRDA:323,142,0,0
BRDA:323,142,1,0
BRDA:323,143,0,0
BRDA:323,143,1,0
BRDA:329,144,0,0
BRDA:329,144,1,0
BRDA:329,145,0,0
BRDA:329,145,1,0
BRDA:333,146,0,0
BRDA:333,146,1,0
BRDA:333,147,0,0
BRDA:333,147,1,0
BRDA:337,148,0,0
BRDA:337,148,1,0
BRDA:337,149,0,0
BRDA:337,149,1,0
BRDA:341,150,0,0
BRDA:341,150,1,0
BRDA:341,151,0,0
BRDA:341,151,1,0
BRDA:345,152,0,0
BRDA:345,152,1,0
BRDA:345,153,0,0
BRDA:345,153,1,0
BRDA:349,154,0,0
BRDA:349,154,1,0
BRDA:349,155,0,0
BRDA:349,155,1,0
BRDA:353,156,0,0
BRDA:353,156,1,0
BRDA:353,157,0,0
BRDA:353,157,1,0
BRDA:357,158,0,0
BRDA:357,158,1,0
BRDA:357,159,0,0
BRDA:357,159,1,0
BRDA:361,160,0,0
BRDA:361,160,1,0
BRDA:361,161,0,0
BRDA:361,161,1,0
BRF:324
BRH:0
end_of_record
TN:
SF:conversionTools/power/power.js
FN:3,powercalc
FN:10,resultdisplay
FN:34,calculate
FNF:3
FNH:0
FNDA:0,powercalc
FNDA:0,resultdisplay
FNDA:0,calculate
DA:1,0
DA:5,0
DA:6,0
DA:7,0
DA:8,0
DA:12,0
DA:13,0
DA:14,0
DA:15,0
DA:16,0
DA:17,0
DA:18,0
DA:19,0
DA:20,0
DA:21,0
DA:22,0
DA:23,0
DA:26,0
DA:27,0
DA:29,0
DA:30,0
DA:31,0
DA:36,0
DA:38,0
DA:40,0
DA:42,0
DA:43,0
DA:45,0
DA:47,0
DA:48,0
DA:50,0
DA:52,0
DA:53,0
DA:55,0
DA:57,0
DA:58,0
DA:60,0
DA:62,0
DA:63,0
DA:65,0
DA:67,0
DA:68,0
DA:72,0
DA:74,0
DA:76,0
DA:78,0
DA:79,0
DA:81,0
DA:83,0
DA:84,0
DA:86,0
DA:88,0
DA:89,0
DA:91,0
DA:93,0
DA:94,0
DA:96,0
DA:98,0
DA:99,0
DA:101,0
DA:103,0
DA:104,0
DA:108,0
DA:110,0
DA:112,0
DA:114,0
DA:115,0
DA:117,0
DA:119,0
DA:120,0
DA:122,0
DA:124,0
DA:125,0
DA:127,0
DA:129,0
DA:130,0
DA:132,0
DA:134,0
DA:135,0
DA:137,0
DA:139,0
DA:140,0
DA:144,0
DA:146,0
DA:148,0
DA:150,0
DA:151,0
DA:153,0
DA:155,0
DA:156,0
DA:158,0
DA:160,0
DA:161,0
DA:163,0
DA:165,0
DA:166,0
DA:168,0
DA:170,0
DA:171,0
DA:173,0
DA:175,0
DA:176,0
DA:180,0
DA:182,0
DA:184,0
DA:186,0
DA:187,0
DA:189,0
DA:191,0
DA:192,0
DA:194,0
DA:196,0
DA:197,0
DA:199,0
DA:201,0
DA:202,0
DA:204,0
DA:206,0
DA:207,0
DA:209,0
DA:211,0
DA:212,0
DA:216,0
DA:218,0
DA:220,0
DA:222,0
DA:223,0
DA:225,0
DA:227,0
DA:228,0
DA:230,0
DA:232,0
DA:233,0
DA:235,0
DA:237,0
DA:238,0
DA:240,0
DA:242,0
DA:243,0
DA:245,0
DA:247,0
DA:248,0
DA:253,0
LF:143
LH:0
BRDA:12,0,0,0
BRDA:12,0,1,0
BRDA:14,1,0,0
BRDA:14,1,1,0
BRDA:16,2,0,0
BRDA:16,2,1,0
BRDA:18,3,0,0
BRDA:18,3,1,0
BRDA:20,4,0,0
BRDA:20,4,1,0
BRDA:22,5,0,0
BRDA:22,5,1,0
BRDA:26,6,0,0
BRDA:26,6,1,0
BRDA:36,7,0,0
BRDA:36,7,1,0
BRDA:40,8,0,0
BRDA:40,8,1,0
BRDA:45,9,0,0
BRDA:45,9,1,0
BRDA:50,10,0,0
BRDA:50,10,1,0
BRDA:55,11,0,0
BRDA:55,11,1,0
BRDA:60,12,0,0
BRDA:60,12,1,0
BRDA:65,13,0,0
BRDA:65,13,1,0
BRDA:72,14,0,0
BRDA:72,14,1,0
BRDA:76,15,0,0
BRDA:76,15,1,0
BRDA:81,16,0,0
BRDA:81,16,1,0
BRDA:86,17,0,0
BRDA:86,17,1,0
BRDA:91,18,0,0
BRDA:91,18,1,0
BRDA:96,19,0,0
BRDA:96,19,1,0
BRDA:101,20,0,0
BRDA:101,20,1,0
BRDA:108,21,0,0
BRDA:108,21,1,0
BRDA:112,22,0,0
BRDA:112,22,1,0
BRDA:117,23,0,0
BRDA:117,23,1,0
BRDA:122,24,0,0
BRDA:122,24,1,0
BRDA:127,25,0,0
BRDA:127,25,1,0
BRDA:132,26,0,0
BRDA:132,26,1,0
BRDA:137,27,0,0
BRDA:137,27,1,0
BRDA:144,28,0,0
BRDA:144,28,1,0
BRDA:148,29,0,0
BRDA:148,29,1,0
BRDA:153,30,0,0
BRDA:153,30,1,0
BRDA:158,31,0,0
BRDA:158,31,1,0
BRDA:163,32,0,0
BRDA:163,32,1,0
BRDA:168,33,0,0
BRDA:168,33,1,0
BRDA:173,34,0,0
BRDA:173,34,1,0
BRDA:180,35,0,0
BRDA:180,35,1,0
BRDA:184,36,0,0
BRDA:184,36,1,0
BRDA:189,37,0,0
BRDA:189,37,1,0
BRDA:194,38,0,0
BRDA:194,38,1,0
BRDA:199,39,0,0
BRDA:199,39,1,0
BRDA:204,40,0,0
BRDA:204,40,1,0
BRDA:209,41,0,0
BRDA:209,41,1,0
BRDA:216,42,0,0
BRDA:216,42,1,0
BRDA:220,43,0,0
BRDA:220,43,1,0
BRDA:225,44,0,0
BRDA:225,44,1,0
BRDA:230,45,0,0
BRDA:230,45,1,0
BRDA:235,46,0,0
BRDA:235,46,1,0
BRDA:240,47,0,0
BRDA:240,47,1,0
BRDA:245,48,0,0
BRDA:245,48,1,0
BRF:98
BRH:0
end_of_record
TN:
SF:conversionTools/pressure/pressure.js
FN:3,presscalc
FN:10,resultdisplay
FN:29,calculate
FNF:3
FNH:0
FNDA:0,presscalc
FNDA:0,resultdisplay
FNDA:0,calculate
DA:1,0
DA:5,0
DA:6,0
DA:7,0
DA:8,0
DA:12,0
DA:13,0
DA:14,0
DA:15,0
DA:16,0
DA:17,0
DA:18,0
DA:19,0
DA:20,0
DA:21,0
DA:22,0
DA:23,0
DA:24,0
DA:25,0
DA:26,0
DA:31,0
DA:33,0
DA:35,0
DA:37,0
DA:38,0
DA:40,0
DA:42,0
DA:43,0
DA:45,0
DA:47,0
DA:48,0
DA:50,0
DA:52,0
DA:53,0
DA:55,0
DA:57,0
DA:58,0
DA:64,0
DA:66,0
DA:68,0
DA:70,0
DA:71,0
DA:73,0
DA:75,0
DA:76,0
DA:78,0
DA:80,0
DA:81,0
DA:83,0
DA:85,0
DA:86,0
DA:88,0
DA:90,0
DA:91,0
DA:98,0
DA:100,0
DA:102,0
DA:104,0
DA:105,0
DA:107,0
DA:109,0
DA:110,0
DA:112,0
DA:114,0
DA:115,0
DA:117,0
DA:119,0
DA:120,0
DA:122,0
DA:124,0
DA:125,0
DA:129,0
DA:131,0
DA:133,0
DA:135,0
DA:136,0
DA:138,0
DA:140,0
DA:141,0
DA:143,0
DA:145,0
DA:146,0
DA:148,0
DA:150,0
DA:151,0
DA:153,0
DA:155,0
DA:156,0
DA:160,0
DA:162,0
DA:164,0
DA:166,0
DA:167,0
DA:169,0
DA:171,0
DA:172,0
DA:174,0
DA:176,0
DA:177,0
DA:179,0
DA:181,0
DA:182,0
DA:184,0
DA:186,0
DA:187,0
DA:190,0
LF:106
LH:0
BRDA:12,0,0,0
BRDA:12,0,1,0
BRDA:14,1,0,0
BRDA:14,1,1,0
BRDA:16,2,0,0
BRDA:16,2,1,0
BRDA:18,3,0,0
BRDA:18,3,1,0
BRDA:20,4,0,0
BRDA:20,4,1,0
BRDA:22,5,0,0
BRDA:22,5,1,0
BRDA:31,6,0,0
BRDA:31,6,1,0
BRDA:35,7,0,0
BRDA:35,7,1,0
BRDA:40,8,0,0
BRDA:40,8,1,0
BRDA:45,9,0,0
BRDA:45,9,1,0
BRDA:50,10,0,0
BRDA:50,10,1,0
BRDA:55,11,0,0
BRDA:55,11,1,0
BRDA:64,12,0,0
BRDA:64,12,1,0
BRDA:68,13,0,0
BRDA:68,13,1,0
BRDA:73,14,0,0
BRDA:73,14,1,0
BRDA:78,15,0,0
BRDA:78,15,1,0
BRDA:83,16,0,0
BRDA:83,16,1,0
BRDA:88,17,0,0
BRDA:88,17,1,0
BRDA:98,18,0,0
BRDA:98,18,1,0
BRDA:102,19,0,0
BRDA:102,19,1,0
BRDA:107,20,0,0
BRDA:107,20,1,0
BRDA:112,21,0,0
BRDA:112,21,1,0
BRDA:117,22,0,0
BRDA:117,22,1,0
BRDA:122,23,0,0
BRDA:122,23,1,0
BRDA:129,24,0,0
BRDA:129,24,1,0
BRDA:133,25,0,0
BRDA:133,25,1,0
BRDA:138,26,0,0
BRDA:138,26,1,0
BRDA:143,27,0,0
BRDA:143,27,1,0
BRDA:148,28,0,0
BRDA:148,28,1,0
BRDA:153,29,0,0
BRDA:153,29,1,0
BRDA:160,30,0,0
BRDA:160,30,1,0
BRDA:164,31,0,0
BRDA:164,31,1,0
BRDA:169,32,0,0
BRDA:169,32,1,0
BRDA:174,33,0,0
BRDA:174,33,1,0
BRDA:179,34,0,0
BRDA:179,34,1,0
BRDA:184,35,0,0
BRDA:184,35,1,0
BRF:72
BRH:0
end_of_record
TN:
SF:conversionTools/resistance/resistance.js
FN:3,resistancecalc
FN:10,resultdisplay
FN:38,calculate
FNF:3
FNH:0
FNDA:0,resistancecalc
FNDA:0,resultdisplay
FNDA:0,calculate
DA:1,0
DA:5,0
DA:6,0
DA:7,0
DA:8,0
DA:12,0
DA:13,0
DA:14,0
DA:15,0
DA:16,0
DA:17,0
DA:18,0
DA:19,0
DA:20,0
DA:21,0
DA:22,0
DA:23,0
DA:24,0
DA:25,0
DA:26,0
DA:27,0
DA:33,0
DA:34,0
DA:35,0
DA:40,0
DA:42,0
DA:44,0
DA:46,0
DA:47,0
DA:49,0
DA:51,0
DA:52,0
DA:54,0
DA:56,0
DA:57,0
DA:59,0
DA:61,0
DA:62,0
DA:64,0
DA:66,0
DA:67,0
DA:69,0
DA:71,0
DA:72,0
DA:74,0
DA:76,0
DA:77,0
DA:79,0
DA:81,0
DA:82,0
DA:86,0
DA:88,0
DA:90,0
DA:92,0
DA:93,0
DA:95,0
DA:97,0
DA:98,0
DA:100,0
DA:102,0
DA:103,0
DA:105,0
DA:107,0
DA:108,0
DA:110,0
DA:112,0
DA:113,0
DA:115,0
DA:117,0
DA:118,0
DA:120,0
DA:122,0
DA:123,0
DA:125,0
DA:127,0
DA:128,0
DA:132,0
DA:134,0
DA:136,0
DA:138,0
DA:139,0
DA:141,0
DA:143,0
DA:144,0
DA:146,0
DA:148,0
DA:149,0
DA:151,0
DA:153,0
DA:154,0
DA:156,0
DA:158,0
DA:159,0
DA:161,0
DA:163,0
DA:164,0
DA:166,0
DA:168,0
DA:169,0
DA:171,0
DA:173,0
DA:174,0
DA:178,0
DA:180,0
DA:182,0
DA:184,0
DA:185,0
DA:187,0
DA:189,0
DA:190,0
DA:192,0
DA:194,0
DA:195,0
DA:197,0
DA:199,0
DA:200,0
DA:202,0
DA:204,0
DA:205,0
DA:207,0
DA:209,0
DA:210,0
DA:212,0
DA:214,0
DA:215,0
DA:217,0
DA:219,0
DA:220,0
DA:224,0
DA:226,0
DA:228,0
DA:230,0
DA:231,0
DA:233,0
DA:235,0
DA:236,0
DA:238,0
DA:240,0
DA:241,0
DA:243,0
DA:245,0
DA:246,0
DA:248,0
DA:250,0
DA:251,0
DA:253,0
DA:255,0
DA:256,0
DA:258,0
DA:260,0
DA:261,0
DA:263,0
DA:265,0
DA:266,0
DA:269,0
DA:271,0
DA:273,0
DA:275,0
DA:276,0
DA:278,0
DA:280,0
DA:281,0
DA:283,0
DA:285,0
DA:286,0
DA:288,0
DA:290,0
DA:291,0
DA:293,0
DA:295,0
DA:296,0
DA:298,0
DA:300,0
DA:301,0
DA:303,0
DA:305,0
DA:306,0
DA:308,0
DA:310,0
DA:311,0
DA:315,0
DA:317,0
DA:319,0
DA:321,0
DA:322,0
DA:324,0
DA:326,0
DA:327,0
DA:329,0
DA:331,0
DA:332,0
DA:334,0
DA:336,0
DA:337,0
DA:339,0
DA:341,0
DA:342,0
DA:344,0
DA:346,0
DA:347,0
DA:349,0
DA:351,0
DA:352,0
DA:354,0
DA:356,0
DA:357,0
DA:361,0
DA:363,0
DA:365,0
DA:367,0
DA:368,0
DA:370,0
DA:372,0
DA:373,0
DA:375,0
DA:377,0
DA:378,0
DA:380,0
DA:382,0
DA:383,0
DA:385,0
DA:387,0
DA:388,0
DA:390,0
DA:392,0
DA:393,0
DA:395,0
DA:397,0
DA:398,0
DA:400,0
DA:402,0
DA:403,0
DA:407,0
LF:233
LH:0
BRDA:12,0,0,0
BRDA:12,0,1,0
BRDA:14,1,0,0
BRDA:14,1,1,0
BRDA:16,2,0,0
BRDA:16,2,1,0
BRDA:18,3,0,0
BRDA:18,3,1,0
BRDA:20,4,0,0
BRDA:20,4,1,0
BRDA:22,5,0,0
BRDA:22,5,1,0
BRDA:24,6,0,0
BRDA:24,6,1,0
BRDA:26,7,0,0
BRDA:26,7,1,0
BRDA:40,8,0,0
BRDA:40,8,1,0
BRDA:44,9,0,0
BRDA:44,9,1,0
BRDA:49,10,0,0
BRDA:49,10,1,0
BRDA:54,11,0,0
BRDA:54,11,1,0
BRDA:59,12,0,0
BRDA:59,12,1,0
BRDA:64,13,0,0
BRDA:64,13,1,0
BRDA:69,14,0,0
BRDA:69,14,1,0
BRDA:74,15,0,0
BRDA:74,15,1,0
BRDA:79,16,0,0
BRDA:79,16,1,0
BRDA:86,17,0,0
BRDA:86,17,1,0
BRDA:90,18,0,0
BRDA:90,18,1,0
BRDA:95,19,0,0
BRDA:95,19,1,0
BRDA:100,20,0,0
BRDA:100,20,1,0
BRDA:105,21,0,0
BRDA:105,21,1,0
BRDA:110,22,0,0
BRDA:110,22,1,0
BRDA:115,23,0,0
BRDA:115,23,1,0
BRDA:120,24,0,0
BRDA:120,24,1,0
BRDA:125,25,0,0
BRDA:125,25,1,0
BRDA:132,26,0,0
BRDA:132,26,1,0
BRDA:136,27,0,0
BRDA:136,27,1,0
BRDA:141,28,0,0
BRDA:141,28,1,0
BRDA:146,29,0,0
BRDA:146,29,1,0
BRDA:151,30,0,0
BRDA:151,30,1,0
BRDA:156,31,0,0
BRDA:156,31,1,0
BRDA:161,32,0,0
BRDA:161,32,1,0
BRDA:166,33,0,0
BRDA:166,33,1,0
BRDA:171,34,0,0
BRDA:171,34,1,0
BRDA:178,35,0,0
BRDA:178,35,1,0
BRDA:182,36,0,0
BRDA:182,36,1,0
BRDA:187,37,0,0
BRDA:187,37,1,0
BRDA:192,38,0,0
BRDA:192,38,1,0
BRDA:197,39,0,0
BRDA:197,39,1,0
BRDA:202,40,0,0
BRDA:202,40,1,0
BRDA:207,41,0,0
BRDA:207,41,1,0
BRDA:212,42,0,0
BRDA:212,42,1,0
BRDA:217,43,0,0
BRDA:217,43,1,0
BRDA:224,44,0,0
BRDA:224,44,1,0
BRDA:228,45,0,0
BRDA:228,45,1,0
BRDA:233,46,0,0
BRDA:233,46,1,0
BRDA:238,47,0,0
BRDA:238,47,1,0
BRDA:243,48,0,0
BRDA:243,48,1,0
BRDA:248,49,0,0
BRDA:248,49,1,0
BRDA:253,50,0,0
BRDA:253,50,1,0
BRDA:258,51,0,0
BRDA:258,51,1,0
BRDA:263,52,0,0
BRDA:263,52,1,0
BRDA:269,53,0,0
BRDA:269,53,1,0
BRDA:273,54,0,0
BRDA:273,54,1,0
BRDA:278,55,0,0
BRDA:278,55,1,0
BRDA:283,56,0,0
BRDA:283,56,1,0
BRDA:288,57,0,0
BRDA:288,57,1,0
BRDA:293,58,0,0
BRDA:293,58,1,0
BRDA:298,59,0,0
BRDA:298,59,1,0
BRDA:303,60,0,0
BRDA:303,60,1,0
BRDA:308,61,0,0
BRDA:308,61,1,0
BRDA:315,62,0,0
BRDA:315,62,1,0
BRDA:319,63,0,0
BRDA:319,63,1,0
BRDA:324,64,0,0
BRDA:324,64,1,0
BRDA:329,65,0,0
BRDA:329,65,1,0
BRDA:334,66,0,0
BRDA:334,66,1,0
BRDA:339,67,0,0
BRDA:339,67,1,0
BRDA:344,68,0,0
BRDA:344,68,1,0
BRDA:349,69,0,0
BRDA:349,69,1,0
BRDA:354,70,0,0
BRDA:354,70,1,0
BRDA:361,71,0,0
BRDA:361,71,1,0
BRDA:365,72,0,0
BRDA:365,72,1,0
BRDA:370,73,0,0
BRDA:370,73,1,0
BRDA:375,74,0,0
BRDA:375,74,1,0
BRDA:380,75,0,0
BRDA:380,75,1,0
BRDA:385,76,0,0
BRDA:385,76,1,0
BRDA:390,77,0,0
BRDA:390,77,1,0
BRDA:395,78,0,0
BRDA:395,78,1,0
BRDA:400,79,0,0
BRDA:400,79,1,0
BRF:160
BRH:0
end_of_record
TN:
SF:conversionTools/speed/speed.js
FN:1,convertSpeed
FNF:1
FNH:1
FNDA:6,convertSpeed
DA:3,6
DA:4,6
DA:5,6
DA:6,6
DA:8,6
DA:10,3
DA:11,1
DA:12,2
DA:13,2
DA:14,0
DA:15,0
DA:16,0
DA:17,0
DA:18,0
DA:19,0
DA:21,3
DA:23,2
DA:24,1
DA:25,1
DA:26,0
DA:27,1
DA:28,0
DA:29,1
DA:30,1
DA:31,0
DA:32,0
DA:34,2
DA:36,1
DA:37,0
DA:38,1
DA:39,0
DA:40,1
DA:41,0
DA:42,1
DA:43,1
DA:44,0
DA:45,0
DA:47,1
DA:50,0
DA:51,0
DA:52,0
DA:53,0
DA:54,0
DA:55,0
DA:56,0
DA:57,0
DA:58,0
DA:59,0
DA:61,0
DA:64,0
DA:65,0
DA:66,0
DA:67,0
DA:68,0
DA:69,0
DA:70,0
DA:71,0
DA:72,0
DA:73,0
DA:75,0
DA:78,6
DA:82,1
LF:62
LH:25
BRDA:8,0,0,3
BRDA:8,0,1,2
BRDA:8,0,2,1
BRDA:8,0,3,0
BRDA:8,0,4,0
BRDA:10,1,0,1
BRDA:10,1,1,2
BRDA:12,2,0,2
BRDA:12,2,1,0
BRDA:14,3,0,0
BRDA:14,3,1,0
BRDA:16,4,0,0
BRDA:16,4,1,0
BRDA:18,5,0,0
BRDA:18,5,1,0
BRDA:23,6,0,1
BRDA:23,6,1,1
BRDA:25,7,0,0
BRDA:25,7,1,1
BRDA:27,8,0,0
BRDA:27,8,1,1
BRDA:29,9,0,1
BRDA:29,9,1,0
BRDA:31,10,0,0
BRDA:31,10,1,0
BRDA:36,11,0,0
BRDA:36,11,1,1
BRDA:38,12,0,0
BRDA:38,12,1,1
BRDA:40,13,0,0
BRDA:40,13,1,1
BRDA:42,14,0,1
BRDA:42,14,1,0
BRDA:44,15,0,0
BRDA:44,15,1,0
BRDA:50,16,0,0
BRDA:50,16,1,0
BRDA:52,17,0,0
BRDA:52,17,1,0
BRDA:54,18,0,0
BRDA:54,18,1,0
BRDA:56,19,0,0
BRDA:56,19,1,0
BRDA:58,20,0,0
BRDA:58,20,1,0
BRDA:64,21,0,0
BRDA:64,21,1,0
BRDA:66,22,0,0
BRDA:66,22,1,0
BRDA:68,23,0,0
BRDA:68,23,1,0
BRDA:70,24,0,0
BRDA:70,24,1,0
BRDA:72,25,0,0
BRDA:72,25,1,0
BRF:55
BRH:15
end_of_record
TN:
SF:conversionTools/storage/storage.js
FN:6,map_set
FN:46,print_option_values
FN:52,(anonymous_2)
FN:54,(anonymous_3)
FN:56,(anonymous_4)
FN:58,(anonymous_5)
FN:75,fill
FN:87,convertStorage
FN:137,get_map_position
FN:154,(anonymous_9)
FN:166,(anonymous_10)
FN:178,(anonymous_11)
FN:190,(anonymous_12)
FN:201,main
FN:205,(anonymous_14)
FNF:15
FNH:14
FNDA:1,map_set
FNDA:1,print_option_values
FNDA:8,(anonymous_2)
FNDA:64,(anonymous_3)
FNDA:512,(anonymous_4)
FNDA:4096,(anonymous_5)
FNDA:32,fill
FNDA:2,convertStorage
FNDA:10,get_map_position
FNDA:8,(anonymous_9)
FNDA:8,(anonymous_10)
FNDA:8,(anonymous_11)
FNDA:8,(anonymous_12)
FNDA:1,main
FNDA:0,(anonymous_14)
DA:1,1
DA:2,1
DA:3,1
DA:4,1
DA:8,1
DA:9,1
DA:10,1
DA:11,1
DA:12,1
DA:13,1
DA:14,1
DA:15,1
DA:17,1
DA:18,1
DA:19,1
DA:20,1
DA:21,1
DA:22,1
DA:23,1
DA:24,1
DA:26,1
DA:27,1
DA:28,1
DA:29,1
DA:30,1
DA:31,1
DA:32,1
DA:33,1
DA:35,1
DA:36,1
DA:37,1
DA:38,1
DA:39,1
DA:40,1
DA:41,1
DA:42,1
DA:47,1
DA:48,1
DA:49,1
DA:50,1
DA:52,1
DA:53,8
DA:54,8
DA:55,64
DA:56,64
DA:57,512
DA:58,512
DA:59,4096
DA:60,8
DA:61,8
DA:62,8
DA:63,8
DA:65,4096
DA:67,512
DA:69,64
DA:71,8
DA:76,32
DA:77,32
DA:79,32
DA:80,0
DA:81,0
DA:82,0
DA:83,0
DA:89,2
DA:90,2
DA:92,2
DA:93,2
DA:95,2
DA:96,2
DA:100,2
DA:101,2
DA:103,0
DA:104,0
DA:108,2
DA:110,1
DA:111,1
DA:113,1
DA:115,1
DA:116,1
DA:120,2
DA:121,2
DA:123,0
DA:124,0
DA:128,2
DA:129,0
DA:132,2
DA:141,10
DA:142,3
DA:145,7
DA:146,3
DA:151,4
DA:152,1
DA:153,1
DA:154,1
DA:155,8
DA:156,1
DA:158,8
DA:160,1
DA:163,3
DA:164,1
DA:165,1
DA:166,1
DA:167,8
DA:168,1
DA:170,8
DA:172,1
DA:175,2
DA:176,1
DA:177,1
DA:178,1
DA:179,8
DA:180,1
DA:182,8
DA:184,1
DA:187,1
DA:188,1
DA:189,1
DA:190,1
DA:191,8
DA:192,1
DA:194,8
DA:196,1
DA:202,1
DA:203,1
DA:204,1
DA:205,1
DA:206,0
DA:209,1
DA:211,1
DA:212,1
DA:213,1
DA:214,1
DA:215,1
LF:133
LH:123
BRDA:59,0,0,8
BRDA:59,0,1,4088
BRDA:59,1,0,4096
BRDA:59,1,1,512
BRDA:59,1,2,64
BRDA:100,2,0,2
BRDA:100,2,1,0
BRDA:100,3,0,2
BRDA:100,3,1,1
BRDA:103,4,0,0
BRDA:103,4,1,0
BRDA:103,5,0,0
BRDA:103,5,1,0
BRDA:108,6,0,1
BRDA:108,6,1,1
BRDA:108,7,0,2
BRDA:108,7,1,1
BRDA:108,7,2,1
BRDA:108,7,3,0
BRDA:110,8,0,1
BRDA:110,8,1,0
BRDA:113,9,0,1
BRDA:113,9,1,0
BRDA:113,10,0,1
BRDA:113,10,1,0
BRDA:113,10,2,1
BRDA:113,10,3,0
BRDA:115,11,0,1
BRDA:115,11,1,0
BRDA:120,12,0,2
BRDA:120,12,1,0
BRDA:120,13,0,2
BRDA:120,13,1,1
BRDA:123,14,0,0
BRDA:123,14,1,0
BRDA:123,15,0,0
BRDA:123,15,1,0
BRDA:128,16,0,0
BRDA:128,16,1,2
BRDA:141,17,0,3
BRDA:141,17,1,7
BRDA:145,18,0,3
BRDA:145,18,1,4
BRDA:151,19,0,1
BRDA:151,19,1,3
BRDA:155,20,0,1
BRDA:155,20,1,7
BRDA:163,21,0,1
BRDA:163,21,1,2
BRDA:167,22,0,1
BRDA:167,22,1,7
BRDA:175,23,0,1
BRDA:175,23,1,1
BRDA:179,24,0,1
BRDA:179,24,1,7
BRDA:187,25,0,1
BRDA:187,25,1,0
BRDA:191,26,0,1
BRDA:191,26,1,7
BRF:59
BRH:41
end_of_record
TN:
SF:conversionTools/temperture/temperture.js
FN:2,converttemperture
FN:53,main
FN:55,(anonymous_2)
FNF:3
FNH:2
FNDA:10,converttemperture
FNDA:1,main
FNDA:0,(anonymous_2)
DA:4,10
DA:5,10
DA:7,10
DA:8,10
DA:10,10
DA:12,10
DA:14,10
DA:16,1
DA:18,9
DA:20,2
DA:22,7
DA:24,1
DA:26,6
DA:28,1
DA:30,5
DA:32,1
DA:34,4
DA:36,1
DA:39,10
DA:41,10
DA:43,1
DA:47,9
DA:54,1
DA:55,1
DA:56,0
DA:59,1
DA:61,1
LF:27
LH:26
BRDA:14,0,0,1
BRDA:14,0,1,9
BRDA:14,1,0,10
BRDA:14,1,1,4
BRDA:18,2,0,2
BRDA:18,2,1,7
BRDA:18,3,0,9
BRDA:18,3,1,3
BRDA:22,4,0,1
BRDA:22,4,1,6
BRDA:22,5,0,7
BRDA:22,5,1,3
BRDA:26,6,0,1
BRDA:26,6,1,5
BRDA:26,7,0,6
BRDA:26,7,1,2
BRDA:30,8,0,1
BRDA:30,8,1,4
BRDA:30,9,0,5
BRDA:30,9,1,3
BRDA:34,10,0,1
BRDA:34,10,1,3
BRDA:34,11,0,4
BRDA:34,11,1,2
BRDA:41,12,0,1
BRDA:41,12,1,9
BRF:26
BRH:26
end_of_record
TN:
SF:conversionTools/weight/weight.js
FN:2,convertweight
FN:160,main
FN:162,(anonymous_2)
FNF:3
FNH:2
FNDA:5,convertweight
FNDA:1,main
FNDA:0,(anonymous_2)
DA:4,5
DA:5,5
DA:7,5
DA:8,5
DA:10,5
DA:12,5
DA:16,5
DA:18,1
DA:20,4
DA:22,0
DA:24,4
DA:26,0
DA:28,4
DA:30,0
DA:32,4
DA:34,0
DA:37,4
DA:39,1
DA:41,3
DA:43,0
DA:45,3
DA:47,0
DA:49,3
DA:51,1
DA:53,2
DA:55,1
DA:58,1
DA:60,0
DA:62,1
DA:64,0
DA:66,1
DA:68,0
DA:70,1
DA:72,0
DA:74,1
DA:76,0
DA:79,1
DA:81,0
DA:83,1
DA:85,0
DA:87,1
DA:89,0
DA:91,1
DA:93,1
DA:95,0
DA:97,0
DA:100,0
DA:102,0
DA:104,0
DA:106,0
DA:108,0
DA:110,0
DA:112,0
DA:114,0
DA:116,0
DA:118,0
DA:121,0
DA:123,0
DA:125,0
DA:127,0
DA:129,0
DA:131,0
DA:133,0
DA:135,0
DA:137,0
DA:139,0
DA:143,0
DA:146,5
DA:148,5
DA:150,1
DA:154,4
DA:161,1
DA:162,1
DA:163,0
DA:167,1
DA:170,1
LF:76
LH:38
BRDA:16,0,0,1
BRDA:16,0,1,4
BRDA:16,1,0,5
BRDA:16,1,1,1
BRDA:20,2,0,0
BRDA:20,2,1,4
BRDA:20,3,0,4
BRDA:20,3,1,0
BRDA:24,4,0,0
BRDA:24,4,1,4
BRDA:24,5,0,4
BRDA:24,5,1,0
BRDA:28,6,0,0
BRDA:28,6,1,4
BRDA:28,7,0,4
BRDA:28,7,1,0
BRDA:32,8,0,0
BRDA:32,8,1,4
BRDA:32,9,0,4
BRDA:32,9,1,0
BRDA:37,10,0,1
BRDA:37,10,1,3
BRDA:37,11,0,4
BRDA:37,11,1,3
BRDA:41,12,0,0
BRDA:41,12,1,3
BRDA:41,13,0,3
BRDA:41,13,1,2
BRDA:45,14,0,0
BRDA:45,14,1,3
BRDA:45,15,0,3
BRDA:45,15,1,2
BRDA:49,16,0,1
BRDA:49,16,1,2
BRDA:49,17,0,3
BRDA:49,17,1,2
BRDA:53,18,0,1
BRDA:53,18,1,1
BRDA:53,19,0,2
BRDA:53,19,1,1
BRDA:58,20,0,0
BRDA:58,20,1,1
BRDA:58,21,0,1
BRDA:58,21,1,0
BRDA:62,22,0,0
BRDA:62,22,1,1
BRDA:62,23,0,1
BRDA:62,23,1,0
BRDA:66,24,0,0
BRDA:66,24,1,1
BRDA:66,25,0,1
BRDA:66,25,1,0
BRDA:70,26,0,0
BRDA:70,26,1,1
BRDA:70,27,0,1
BRDA:70,27,1,0
BRDA:74,28,0,0
BRDA:74,28,1,1
BRDA:74,29,0,1
BRDA:74,29,1,0
BRDA:79,30,0,0
BRDA:79,30,1,1
BRDA:79,31,0,1
BRDA:79,31,1,1
BRDA:83,32,0,0
BRDA:83,32,1,1
BRDA:83,33,0,1
BRDA:83,33,1,1
BRDA:87,34,0,0
BRDA:87,34,1,1
BRDA:87,35,0,1
BRDA:87,35,1,1
BRDA:91,36,0,1
BRDA:91,36,1,0
BRDA:91,37,0,1
BRDA:91,37,1,1
BRDA:95,38,0,0
BRDA:95,38,1,0
BRDA:95,39,0,0
BRDA:95,39,1,0
BRDA:100,40,0,0
BRDA:100,40,1,0
BRDA:100,41,0,0
BRDA:100,41,1,0
BRDA:104,42,0,0
BRDA:104,42,1,0
BRDA:104,43,0,0
BRDA:104,43,1,0
BRDA:108,44,0,0
BRDA:108,44,1,0
BRDA:108,45,0,0
BRDA:108,45,1,0
BRDA:112,46,0,0
BRDA:112,46,1,0
BRDA:112,47,0,0
BRDA:112,47,1,0
BRDA:116,48,0,0
BRDA:116,48,1,0
BRDA:116,49,0,0
BRDA:116,49,1,0
BRDA:121,50,0,0
BRDA:121,50,1,0
BRDA:121,51,0,0
BRDA:121,51,1,0
BRDA:125,52,0,0
BRDA:125,52,1,0
BRDA:125,53,0,0
BRDA:125,53,1,0
BRDA:129,54,0,0
BRDA:129,54,1,0
BRDA:129,55,0,0
BRDA:129,55,1,0
BRDA:133,56,0,0
BRDA:133,56,1,0
BRDA:133,57,0,0
BRDA:133,57,1,0
BRDA:137,58,0,0
BRDA:137,58,1,0
BRDA:137,59,0,0
BRDA:137,59,1,0
BRDA:148,60,0,1
BRDA:148,60,1,4
BRF:122
BRH:54
end_of_record
TN:
SF:dailyUseTools/compass/CompassMain.js
FN:9,init
FN:18,startCompass
FN:21,(anonymous_2)
FN:28,(anonymous_3)
FN:32,handler
FN:51,locationHandler
FN:60,calcDegreeToPoint
FNF:7
FNH:0
FNDA:0,init
FNDA:0,startCompass
FNDA:0,(anonymous_2)
FNDA:0,(anonymous_3)
FNDA:0,handler
FNDA:0,locationHandler
FNDA:0,calcDegreeToPoint
DA:2,0
DA:3,0
DA:4,0
DA:6,0
DA:10,0
DA:11,0
DA:13,0
DA:14,0
DA:19,0
DA:20,0
DA:22,0
DA:23,0
DA:25,0
DA:28,0
DA:33,0
DA:34,0
DA:37,0
DA:43,0
DA:44,0
DA:45,0
DA:52,0
DA:53,0
DA:55,0
DA:56,0
DA:62,0
DA:67,0
DA:68,0
DA:69,0
DA:70,0
DA:72,0
DA:78,0
DA:81,0
LF:32
LH:0
BRDA:6,0,0,0
BRDA:6,0,1,0
BRDA:13,1,0,0
BRDA:13,1,1,0
BRDA:19,2,0,0
BRDA:19,2,1,0
BRDA:22,3,0,0
BRDA:22,3,1,0
BRDA:33,4,0,0
BRDA:33,4,1,0
BRDA:37,5,0,0
BRDA:37,5,1,0
BRDA:38,6,0,0
BRDA:38,6,1,0
BRDA:38,6,2,0
BRDA:38,6,3,0
BRDA:44,7,0,0
BRDA:44,7,1,0
BRDA:55,8,0,0
BRDA:55,8,1,0
BRF:20
BRH:0
end_of_record
TN:
SF:dailyUseTools/morseConverter/morse.js
FN:62,morseConv
FN:77,play
FN:90,(anonymous_2)
FNF:3
FNH:0
FNDA:0,morseConv
FNDA:0,play
FNDA:0,(anonymous_2)
DA:2,0
DA:64,0
DA:65,0
DA:66,0
DA:67,0
DA:69,0
DA:71,0
DA:74,0
DA:78,0
DA:79,0
DA:80,0
DA:81,0
DA:83,0
DA:84,0
DA:85,0
DA:87,0
DA:88,0
DA:90,0
DA:91,0
DA:94,0
DA:95,0
DA:96,0
DA:97,0
DA:98,0
DA:100,0
DA:101,0
DA:102,0
DA:103,0
DA:104,0
DA:106,0
DA:107,0
DA:109,0
DA:113,0
DA:114,0
DA:116,0
DA:118,0
LF:36
LH:0
BRDA:66,0,0,0
BRDA:66,0,1,0
BRDA:78,1,0,0
BRDA:78,1,1,0
BRDA:91,2,0,0
BRDA:91,2,1,0
BRDA:91,2,2,0
BRDA:91,2,3,0
BRF:8
BRH:0
end_of_record
TN:
SF:dailyUseTools/notes/notes.js
FN:1,(anonymous_0)
FN:3,(anonymous_1)
FN:9,(anonymous_2)
FN:11,(anonymous_3)
FN:18,(anonymous_4)
FN:44,(anonymous_5)
FN:48,(anonymous_6)
FN:55,(anonymous_7)
FN:58,(anonymous_8)
FN:62,(anonymous_9)
FN:69,(anonymous_10)
FN:80,(anonymous_11)
FN:83,(anonymous_12)
FN:86,(anonymous_13)
FN:93,(anonymous_14)
FNF:15
FNH:0
FNDA:0,(anonymous_0)
FNDA:0,(anonymous_1)
FNDA:0,(anonymous_2)
FNDA:0,(anonymous_3)
FNDA:0,(anonymous_4)
FNDA:0,(anonymous_5)
FNDA:0,(anonymous_6)
FNDA:0,(anonymous_7)
FNDA:0,(anonymous_8)
FNDA:0,(anonymous_9)
FNDA:0,(anonymous_10)
FNDA:0,(anonymous_11)
FNDA:0,(anonymous_12)
FNDA:0,(anonymous_13)
FNDA:0,(anonymous_14)
DA:1,0
DA:3,0
DA:7,0
DA:13,0
DA:18,0
DA:19,0
DA:20,0
DA:21,0
DA:43,0
DA:44,0
DA:45,0
DA:46,0
DA:48,0
DA:49,0
DA:50,0
DA:55,0
DA:57,0
DA:60,0
DA:61,0
DA:64,0
DA:69,0
DA:70,0
DA:71,0
DA:73,0
DA:77,0
DA:80,0
DA:82,0
DA:85,0
DA:88,0
DA:93,0
DA:94,0
DA:95,0
DA:96,0
DA:97,0
DA:101,0
DA:102,0
DA:103,0
LF:37
LH:0
BRF:0
BRH:0
end_of_record
TN:
SF:financeTools/compound-interest-calculator/compoundinterestcalculator.js
FN:1,compoundInterest
FNF:1
FNH:0
FNDA:0,compoundInterest
DA:2,0
DA:3,0
DA:4,0
DA:5,0
DA:7,0
DA:8,0
DA:9,0
DA:10,0
DA:12,0
DA:13,0
DA:14,0
DA:15,0
LF:12
LH:0
BRF:0
BRH:0
end_of_record
TN:
SF:financeTools/discountcalculator/discount.js
FN:1,findPart
FNF:1
FNH:0
FNDA:0,findPart
DA:2,0
DA:3,0
DA:4,0
DA:5,0
DA:6,0
DA:7,0
DA:10,0
DA:11,0
DA:12,0
DA:13,0
DA:16,0
DA:17,0
DA:18,0
DA:19,0
DA:22,0
DA:23,0
DA:24,0
DA:25,0
LF:18
LH:0
BRDA:4,0,0,0
BRDA:4,0,1,0
BRDA:10,1,0,0
BRDA:10,1,1,0
BRDA:16,2,0,0
BRDA:16,2,1,0
BRF:6
BRH:0
end_of_record
TN:
SF:financeTools/mortgageCalculator/mortgageCalc.js
FN:1,(anonymous_0)
FN:40,(anonymous_1)
FNF:2
FNH:0
FNDA:0,(anonymous_0)
FNDA:0,(anonymous_1)
DA:1,0
DA:9,0
DA:10,0
DA:11,0
DA:14,0
DA:16,0
DA:17,0
DA:18,0
DA:19,0
DA:22,0
DA:23,0
DA:25,0
DA:28,0
DA:29,0
DA:30,0
DA:31,0
DA:33,0
DA:36,0
DA:40,0
DA:41,0
DA:42,0
DA:43,0
DA:44,0
DA:45,0
DA:46,0
DA:49,0
DA:50,0
DA:54,0
DA:57,0
LF:29
LH:0
BRDA:16,0,0,0
BRDA:16,0,1,0
BRDA:16,1,0,0
BRDA:16,1,1,0
BRDA:18,2,0,0
BRDA:18,2,1,0
BRDA:22,3,0,0
BRDA:22,3,1,0
BRF:8
BRH:0
end_of_record
TN:
SF:financeTools/retirementcalaculator/retirement.js
FN:2,(anonymous_0)
FN:34,numberWithCommas
FN:38,(anonymous_2)
FNF:3
FNH:0
FNDA:0,(anonymous_0)
FNDA:0,numberWithCommas
FNDA:0,(anonymous_2)
DA:1,0
DA:2,0
DA:3,0
DA:4,0
DA:6,0
DA:7,0
DA:10,0
DA:11,0
DA:12,0
DA:13,0
DA:14,0
DA:15,0
DA:16,0
DA:17,0
DA:19,0
DA:20,0
DA:21,0
DA:22,0
DA:26,0
DA:27,0
DA:31,0
DA:35,0
DA:38,0
DA:39,0
DA:40,0
DA:41,0
DA:42,0
DA:43,0
DA:44,0
DA:46,0
DA:48,0
DA:49,0
DA:51,0
DA:52,0
DA:55,0
LF:35
LH:0
BRDA:6,0,0,0
BRDA:6,0,1,0
BRDA:14,1,0,0
BRDA:14,1,1,0
BRDA:19,2,0,0
BRDA:19,2,1,0
BRDA:19,3,0,0
BRDA:19,3,1,0
BRDA:26,4,0,0
BRDA:26,4,1,0
BRDA:48,5,0,0
BRDA:48,5,1,0
BRDA:52,6,0,0
BRDA:52,6,1,0
BRDA:53,7,0,0
BRDA:53,7,1,0
BRF:16
BRH:0
end_of_record
TN:
SF:financeTools/stock-return-calculator/stockreturn.js
FN:1,StockReturn
FNF:1
FNH:0
FNDA:0,StockReturn
DA:2,0
DA:3,0
DA:4,0
DA:5,0
DA:8,0
DA:9,0
DA:10,0
DA:11,0
DA:14,0
DA:15,0
DA:16,0
DA:17,0
DA:18,0
DA:20,0
DA:21,0
DA:23,0
DA:24,0
LF:17
LH:0
BRF:0
BRH:0
end_of_record
TN:
SF:mathmeticalTools/GCD_HCF_LCM_Calculator/gcd_hcf_lcm_calc.js
FN:1,findGcd
FN:21,findHcf
FN:47,findLcm
FNF:3
FNH:0
FNDA:0,findGcd
FNDA:0,findHcf
FNDA:0,findLcm
DA:2,0
DA:3,0
DA:4,0
DA:5,0
DA:6,0
DA:8,0
DA:9,0
DA:10,0
DA:11,0
DA:12,0
DA:13,0
DA:15,0
DA:16,0
DA:17,0
DA:22,0
DA:23,0
DA:24,0
DA:26,0
DA:27,0
DA:29,0
DA:30,0
DA:31,0
DA:32,0
DA:33,0
DA:36,0
DA:40,0
DA:41,0
DA:42,0
DA:43,0
DA:48,0
DA:50,0
DA:51,0
DA:53,0
DA:54,0
DA:57,0
DA:58,0
DA:60,0
DA:62,0
DA:63,0
DA:64,0
DA:65,0
DA:68,0
DA:69,0
DA:71,0
DA:74,0
DA:77,0
DA:78,0
DA:79,0
LF:48
LH:0
BRDA:5,0,0,0
BRDA:5,0,1,0
BRDA:5,1,0,0
BRDA:5,1,1,0
BRDA:5,1,2,0
BRDA:5,1,3,0
BRDA:26,2,0,0
BRDA:26,2,1,0
BRDA:26,3,0,0
BRDA:26,3,1,0
BRDA:26,3,2,0
BRDA:26,3,3,0
BRDA:32,4,0,0
BRDA:32,4,1,0
BRDA:53,5,0,0
BRDA:53,5,1,0
BRDA:53,6,0,0
BRDA:53,6,1,0
BRDA:53,6,2,0
BRDA:53,6,3,0
BRDA:62,7,0,0
BRDA:62,7,1,0
BRDA:69,8,0,0
BRDA:69,8,1,0
BRF:24
BRH:0
end_of_record
TN:
SF:mathmeticalTools/LinearEquation/linearEquation.js
FN:30,(anonymous_0)
FN:45,(anonymous_1)
FN:60,(anonymous_2)
FN:87,(anonymous_3)
FNF:4
FNH:0
FNDA:0,(anonymous_0)
FNDA:0,(anonymous_1)
FNDA:0,(anonymous_2)
FNDA:0,(anonymous_3)
DA:2,0
DA:3,0
DA:4,0
DA:5,0
DA:6,0
DA:7,0
DA:8,0
DA:9,0
DA:10,0
DA:11,0
DA:12,0
DA:13,0
DA:14,0
DA:15,0
DA:16,0
DA:17,0
DA:18,0
DA:19,0
DA:20,0
DA:21,0
DA:22,0
DA:23,0
DA:24,0
DA:26,0
DA:30,0
DA:31,0
DA:32,0
DA:33,0
DA:34,0
DA:35,0
DA:36,0
DA:37,0
DA:38,0
DA:39,0
DA:41,0
DA:45,0
DA:46,0
DA:47,0
DA:48,0
DA:49,0
DA:50,0
DA:51,0
DA:52,0
DA:53,0
DA:54,0
DA:56,0
DA:60,0
DA:61,0
DA:62,0
DA:63,0
DA:64,0
DA:65,0
DA:66,0
DA:67,0
DA:68,0
DA:70,0
DA:71,0
DA:72,0
DA:73,0
DA:74,0
DA:75,0
DA:76,0
DA:77,0
DA:78,0
DA:79,0
DA:80,0
DA:81,0
DA:82,0
DA:87,0
DA:88,0
DA:89,0
DA:91,0
DA:93,0
LF:73
LH:0
BRDA:61,0,0,0
BRDA:61,0,1,0
BRDA:70,1,0,0
BRDA:70,1,1,0
BRF:4
BRH:0
end_of_record
TN:
SF:mathmeticalTools/decimalToFraction/decimalToFraction.js
FN:12,gcd
FN:16,convertToFraction
FNF:2
FNH:0
FNDA:0,gcd
FNDA:0,convertToFraction
DA:1,0
DA:13,0
DA:17,0
DA:18,0
DA:19,0
DA:20,0
DA:21,0
DA:23,0
DA:24,0
DA:25,0
LF:10
LH:0
BRDA:13,0,0,0
BRDA:13,0,1,0
BRDA:20,1,0,0
BRDA:20,1,1,0
BRF:4
BRH:0
end_of_record
TN:
SF:mathmeticalTools/numberBase/numberBase.js
FN:8,bintoothers
FN:110,makebin
FN:203,clearall
FN:210,convertbase
FN:229,copytext
FNF:5
FNH:0
FNDA:0,bintoothers
FNDA:0,makebin
FNDA:0,clearall
FNDA:0,convertbase
FNDA:0,copytext
DA:1,0
DA:2,0
DA:3,0
DA:4,0
DA:5,0
DA:6,0
DA:10,0
DA:11,0
DA:13,0
DA:15,0
DA:16,0
DA:18,0
DA:20,0
DA:22,0
DA:24,0
DA:26,0
DA:28,0
DA:30,0
DA:32,0
DA:34,0
DA:39,0
DA:41,0
DA:43,0
DA:45,0
DA:50,0
DA:51,0
DA:52,0
DA:56,0
DA:58,0
DA:59,0
DA:60,0
DA:62,0
DA:63,0
DA:65,0
DA:69,0
DA:71,0
DA:73,0
DA:75,0
DA:77,0
DA:79,0
DA:81,0
DA:83,0
DA:88,0
DA:90,0
DA:92,0
DA:94,0
DA:96,0
DA:99,0
DA:104,0
DA:105,0
DA:106,0
DA:108,0
DA:112,0
DA:113,0
DA:114,0
DA:116,0
DA:118,0
DA:119,0
DA:121,0
DA:123,0
DA:124,0
DA:130,0
DA:132,0
DA:133,0
DA:135,0
DA:137,0
DA:138,0
DA:140,0
DA:142,0
DA:145,0
DA:147,0
DA:148,0
DA:150,0
DA:152,0
DA:153,0
DA:157,0
DA:158,0
DA:159,0
DA:160,0
DA:161,0
DA:162,0
DA:163,0
DA:167,0
DA:168,0
DA:169,0
DA:170,0
DA:173,0
DA:175,0
DA:176,0
DA:178,0
DA:179,0
DA:181,0
DA:183,0
DA:187,0
DA:188,0
DA:189,0
DA:191,0
DA:192,0
DA:194,0
DA:196,0
DA:197,0
DA:200,0
DA:205,0
DA:206,0
DA:207,0
DA:208,0
DA:212,0
DA:213,0
DA:214,0
DA:215,0
DA:216,0
DA:218,0
DA:219,0
DA:220,0
DA:224,0
DA:225,0
DA:226,0
DA:231,0
DA:232,0
DA:233,0
LF:120
LH:0
BRDA:10,0,0,0
BRDA:10,0,1,0
BRDA:15,1,0,0
BRDA:15,1,1,0
BRDA:15,2,0,0
BRDA:15,2,1,0
BRDA:20,3,0,0
BRDA:20,3,1,0
BRDA:24,4,0,0
BRDA:24,4,1,0
BRDA:26,5,0,0
BRDA:26,5,1,0
BRDA:28,6,0,0
BRDA:28,6,1,0
BRDA:32,7,0,0
BRDA:32,7,1,0
BRDA:43,8,0,0
BRDA:43,8,1,0
BRDA:56,9,0,0
BRDA:56,9,1,0
BRDA:62,10,0,0
BRDA:62,10,1,0
BRDA:69,11,0,0
BRDA:69,11,1,0
BRDA:71,12,0,0
BRDA:71,12,1,0
BRDA:73,13,0,0
BRDA:73,13,1,0
BRDA:77,14,0,0
BRDA:77,14,1,0
BRDA:81,15,0,0
BRDA:81,15,1,0
BRDA:92,16,0,0
BRDA:92,16,1,0
BRDA:94,17,0,0
BRDA:94,17,1,0
BRDA:116,18,0,0
BRDA:116,18,1,0
BRDA:116,19,0,0
BRDA:116,19,1,0
BRDA:116,19,2,0
BRDA:118,20,0,0
BRDA:118,20,1,0
BRDA:118,21,0,0
BRDA:118,21,1,0
BRDA:118,21,2,0
BRDA:121,22,0,0
BRDA:121,22,1,0
BRDA:123,23,0,0
BRDA:123,23,1,0
BRDA:130,24,0,0
BRDA:130,24,1,0
BRDA:135,25,0,0
BRDA:135,25,1,0
BRDA:145,26,0,0
BRDA:145,26,1,0
BRDA:150,27,0,0
BRDA:150,27,1,0
BRDA:159,28,0,0
BRDA:159,28,1,0
BRDA:161,29,0,0
BRDA:161,29,1,0
BRDA:173,30,0,0
BRDA:173,30,1,0
BRDA:178,31,0,0
BRDA:178,31,1,0
BRDA:191,32,0,0
BRDA:191,32,1,0
BRDA:216,33,0,0
BRDA:216,33,1,0
BRF:70
BRH:0
end_of_record
TN:
SF:mathmeticalTools/numberSeriesGenerator/numberSeriesGenerator.js
FN:1,generateSeries
FN:46,disableInputFactorAndInitialValue
FN:52,enableInputFactorAndInitialValue
FN:58,generateFibonacci
FN:82,generateGeometricProgression
FN:100,generateArithmeticProgression
FN:117,generateHarmonicProgression
FN:134,generatePerfectSquareSeries
FN:148,generateTriangularNumberSeries
FN:165,generatePentagonalNumberSeries
FN:178,generateHexagonalNumberSeries
FNF:11
FNH:0
FNDA:0,generateSeries
FNDA:0,disableInputFactorAndInitialValue
FNDA:0,enableInputFactorAndInitialValue
FNDA:0,generateFibonacci
FNDA:0,generateGeometricProgression
FNDA:0,generateArithmeticProgression
FNDA:0,generateHarmonicProgression
FNDA:0,generatePerfectSquareSeries
FNDA:0,generateTriangularNumberSeries
FNDA:0,generatePentagonalNumberSeries
FNDA:0,generateHexagonalNumberSeries
DA:4,0
DA:5,0
DA:6,0
DA:7,0
DA:11,0
DA:12,0
DA:13,0
DA:16,0
DA:18,0
DA:19,0
DA:21,0
DA:22,0
DA:24,0
DA:25,0
DA:27,0
DA:28,0
DA:30,0
DA:31,0
DA:33,0
DA:34,0
DA:36,0
DA:37,0
DA:39,0
DA:40,0
DA:43,0
DA:47,0
DA:48,0
DA:49,0
DA:53,0
DA:54,0
DA:55,0
DA:62,0
DA:64,0
DA:65,0
DA:66,0
DA:68,0
DA:69,0
DA:72,0
DA:73,0
DA:74,0
DA:75,0
DA:76,0
DA:79,0
DA:86,0
DA:88,0
DA:89,0
DA:91,0
DA:92,0
DA:93,0
DA:94,0
DA:97,0
DA:103,0
DA:105,0
DA:106,0
DA:108,0
DA:109,0
DA:110,0
DA:111,0
DA:114,0
DA:120,0
DA:122,0
DA:123,0
DA:125,0
DA:126,0
DA:127,0
DA:128,0
DA:131,0
DA:139,0
DA:141,0
DA:142,0
DA:145,0
DA:149,0
DA:151,0
DA:153,0
DA:154,0
DA:157,0
DA:158,0
DA:159,0
DA:162,0
DA:166,0
DA:168,0
DA:170,0
DA:171,0
DA:172,0
DA:175,0
DA:179,0
DA:181,0
DA:183,0
DA:184,0
DA:185,0
DA:188,0
LF:91
LH:0
BRDA:6,0,0,0
BRDA:6,0,1,0
BRDA:16,1,0,0
BRDA:16,1,1,0
BRDA:16,1,2,0
BRDA:16,1,3,0
BRDA:16,1,4,0
BRDA:16,1,5,0
BRDA:16,1,6,0
BRDA:16,1,7,0
BRDA:68,2,0,0
BRDA:68,2,1,0
BRDA:153,3,0,0
BRDA:153,3,1,0
BRF:14
BRH:0
end_of_record
TN:
SF:mathmeticalTools/percentageCalculator/percentageCalculator.js
FN:6,op
FN:11,(anonymous_1)
FN:23,findPart
FN:30,findPerc
FN:41,findTot
FN:55,findPercChange
FNF:6
FNH:0
FNDA:0,op
FNDA:0,(anonymous_1)
FNDA:0,findPart
FNDA:0,findPerc
FNDA:0,findTot
FNDA:0,findPercChange
DA:1,0
DA:7,0
DA:9,0
DA:10,0
DA:11,0
DA:12,0
DA:13,0
DA:14,0
DA:15,0
DA:16,0
DA:18,0
DA:24,0
DA:25,0
DA:26,0
DA:27,0
DA:31,0
DA:32,0
DA:33,0
DA:34,0
DA:35,0
DA:36,0
DA:37,0
DA:42,0
DA:43,0
DA:45,0
DA:46,0
DA:48,0
DA:49,0
DA:50,0
DA:51,0
DA:52,0
DA:56,0
DA:57,0
DA:58,0
DA:60,0
DA:61,0
DA:64,0
DA:65,0
DA:66,0
DA:67,0
DA:68,0
DA:70,0
DA:72,0
DA:75,0
DA:77,0
DA:78,0
LF:46
LH:0
BRDA:15,0,0,0
BRDA:15,0,1,0
BRDA:36,1,0,0
BRDA:36,1,1,0
BRDA:45,2,0,0
BRDA:45,2,1,0
BRDA:45,3,0,0
BRDA:45,3,1,0
BRDA:51,4,0,0
BRDA:51,4,1,0
BRDA:51,5,0,0
BRDA:51,5,1,0
BRDA:60,6,0,0
BRDA:60,6,1,0
BRDA:60,7,0,0
BRDA:60,7,1,0
BRDA:66,8,0,0
BRDA:66,8,1,0
BRDA:70,9,0,0
BRDA:70,9,1,0
BRDA:77,10,0,0
BRDA:77,10,1,0
BRDA:77,11,0,0
BRDA:77,11,1,0
BRF:24
BRH:0
end_of_record
TN:
SF:mathmeticalTools/proportions/proportions.js
FN:2,(anonymous_0)
FN:7,inputNum
FN:21,calculate
FNF:3
FNH:0
FNDA:0,(anonymous_0)
FNDA:0,inputNum
FNDA:0,calculate
DA:1,0
DA:2,0
DA:3,0
DA:5,0
DA:6,0
DA:8,0
DA:9,0
DA:10,0
DA:11,0
DA:12,0
DA:14,0
DA:16,0
DA:17,0
DA:19,0
DA:22,0
DA:23,0
DA:24,0
DA:25,0
DA:26,0
DA:27,0
DA:29,0
DA:30,0
DA:32,0
DA:33,0
DA:34,0
DA:35,0
DA:36,0
DA:38,0
LF:28
LH:0
BRDA:9,0,0,0
BRDA:9,0,1,0
BRDA:11,1,0,0
BRDA:11,1,1,0
BRDA:11,2,0,0
BRDA:11,2,1,0
BRDA:16,3,0,0
BRDA:16,3,1,0
BRDA:29,4,0,0
BRDA:29,4,1,0
BRDA:29,5,0,0
BRDA:29,5,1,0
BRDA:29,5,2,0
BRDA:29,5,3,0
BRDA:29,5,4,0
BRDA:35,6,0,0
BRDA:35,6,1,0
BRF:17
BRH:0
end_of_record
TN:
SF:mathmeticalTools/quadratic/quadratic.js
FN:3,quadcalc
FN:19,clearall
FN:30,dshow
FN:46,calculate
FNF:4
FNH:0
FNDA:0,quadcalc
FNDA:0,clearall
FNDA:0,dshow
FNDA:0,calculate
DA:1,0
DA:5,0
DA:6,0
DA:7,0
DA:8,0
DA:9,0
DA:12,0
DA:13,0
DA:15,0
DA:21,0
DA:22,0
DA:23,0
DA:24,0
DA:25,0
DA:26,0
DA:27,0
DA:32,0
DA:34,0
DA:36,0
DA:38,0
DA:40,0
DA:42,0
DA:44,0
DA:48,0
DA:49,0
DA:50,0
DA:52,0
DA:53,0
DA:54,0
DA:55,0
DA:56,0
DA:57,0
DA:58,0
DA:59,0
DA:60,0
DA:61,0
DA:65,0
DA:66,0
DA:67,0
DA:68,0
DA:69,0
DA:70,0
DA:71,0
DA:72,0
DA:74,0
DA:75,0
DA:76,0
DA:78,0
DA:79,0
DA:80,0
DA:81,0
DA:82,0
DA:83,0
DA:85,0
DA:86,0
DA:87,0
LF:56
LH:0
BRDA:8,0,0,0
BRDA:8,0,1,0
BRDA:8,1,0,0
BRDA:8,1,1,0
BRDA:8,1,2,0
BRDA:12,2,0,0
BRDA:12,2,1,0
BRDA:32,3,0,0
BRDA:32,3,1,0
BRDA:36,4,0,0
BRDA:36,4,1,0
BRDA:40,5,0,0
BRDA:40,5,1,0
BRDA:50,6,0,0
BRDA:50,6,1,0
BRDA:54,7,0,0
BRDA:54,7,1,0
BRDA:56,8,0,0
BRDA:56,8,1,0
BRDA:69,9,0,0
BRDA:69,9,1,0
BRDA:71,10,0,0
BRDA:71,10,1,0
BRDA:75,11,0,0
BRDA:75,11,1,0
BRDA:82,12,0,0
BRDA:82,12,1,0
BRF:27
BRH:0
end_of_record
TN:
SF:mathmeticalTools/ratio/ratio.js
FN:3,calculate
FN:21,display_results
FN:44,extract_values
FN:51,gcd_two_numbers
FNF:4
FNH:0
FNDA:0,calculate
FNDA:0,display_results
FNDA:0,extract_values
FNDA:0,gcd_two_numbers
DA:1,0
DA:4,0
DA:5,0
DA:6,0
DA:7,0
DA:8,0
DA:9,0
DA:11,0
DA:12,0
DA:14,0
DA:16,0
DA:17,0
DA:23,0
DA:24,0
DA:25,0
DA:26,0
DA:27,0
DA:29,0
DA:30,0
DA:33,0
DA:34,0
DA:37,0
DA:38,0
DA:40,0
DA:41,0
DA:45,0
DA:46,0
DA:47,0
DA:48,0
DA:52,0
DA:53,0
DA:54,0
DA:55,0
DA:57,0
LF:34
LH:0
BRDA:5,0,0,0
BRDA:5,0,1,0
BRDA:5,1,0,0
BRDA:5,1,1,0
BRDA:7,2,0,0
BRDA:7,2,1,0
BRDA:23,3,0,0
BRDA:23,3,1,0
BRDA:23,4,0,0
BRDA:23,4,1,0
BRDA:24,5,0,0
BRDA:24,5,1,0
BRDA:25,6,0,0
BRDA:25,6,1,0
BRF:14
BRH:0
end_of_record
TN:
SF:mathmeticalTools/romanNumerals/romanNumerals.js
FN:1,toRomanNum
FN:27,(anonymous_1)
FN:30,innerLoop
FN:46,(anonymous_3)
FNF:4
FNH:3
FNDA:4,toRomanNum
FNDA:48,(anonymous_1)
FNDA:8,innerLoop
FNDA:0,(anonymous_3)
DA:2,4
DA:3,4
DA:5,4
DA:6,3
DA:8,4
DA:9,0
DA:12,4
DA:27,48
DA:28,4
DA:31,8
DA:32,60
DA:33,8
DA:34,8
DA:35,8
DA:39,4
DA:40,8
DA:42,4
DA:45,1
DA:46,1
DA:47,0
DA:50,1
LF:21
LH:19
BRDA:5,0,0,3
BRDA:5,0,1,1
BRDA:8,1,0,0
BRDA:8,1,1,4
BRDA:32,2,0,8
BRDA:32,2,1,52
BRF:6
BRH:5
end_of_record
TN:
SF:mathmeticalTools/scientific-calcuator/sci-calc.js
FN:1,addChar
FN:8,cos
FN:12,sin
FN:16,tan
FN:20,sqrt
FN:24,ln
FN:28,exp
FN:32,deleteChar
FN:36,compute
FN:47,percent
FN:52,changeSign
FN:60,square
FN:64,checkNum
FNF:13
FNH:0
FNDA:0,addChar
FNDA:0,cos
FNDA:0,sin
FNDA:0,tan
FNDA:0,sqrt
FNDA:0,ln
FNDA:0,exp
FNDA:0,deleteChar
FNDA:0,compute
FNDA:0,percent
FNDA:0,changeSign
FNDA:0,square
FNDA:0,checkNum
DA:2,0
DA:3,0
DA:5,0
DA:9,0
DA:13,0
DA:17,0
DA:21,0
DA:25,0
DA:29,0
DA:33,0
DA:37,0
DA:38,0
DA:39,0
DA:40,0
DA:41,0
DA:43,0
DA:46,0
DA:48,0
DA:49,0
DA:53,0
DA:54,0
DA:56,0
DA:61,0
DA:65,0
DA:66,0
DA:67,0
DA:68,0
DA:70,0
DA:71,0
DA:75,0
LF:30
LH:0
BRDA:2,0,0,0
BRDA:2,0,1,0
BRDA:2,1,0,0
BRDA:2,1,1,0
BRDA:37,2,0,0
BRDA:37,2,1,0
BRDA:53,3,0,0
BRDA:53,3,1,0
BRDA:67,4,0,0
BRDA:67,4,1,0
BRDA:67,5,0,0
BRDA:67,5,1,0
BRDA:68,6,0,0
BRDA:68,6,1,0
BRDA:68,7,0,0
BRDA:68,7,1,0
BRDA:68,7,2,0
BRDA:68,7,3,0
BRDA:68,7,4,0
BRDA:68,7,5,0
BRDA:68,7,6,0
BRDA:68,7,7,0
BRF:22
BRH:0
end_of_record
TN:
SF:mathmeticalTools/volume/volume.js
FN:2,convertvolume
FN:218,main
FNF:2
FNH:0
FNDA:0,convertvolume
FNDA:0,main
DA:4,0
DA:5,0
DA:7,0
DA:8,0
DA:10,0
DA:12,0
DA:17,0
DA:19,0
DA:21,0
DA:23,0
DA:25,0
DA:27,0
DA:29,0
DA:31,0
DA:33,0
DA:35,0
DA:37,0
DA:39,0
DA:43,0
DA:45,0
DA:47,0
DA:49,0
DA:51,0
DA:53,0
DA:55,0
DA:57,0
DA:59,0
DA:61,0
DA:63,0
DA:65,0
DA:69,0
DA:71,0
DA:73,0
DA:75,0
DA:77,0
DA:79,0
DA:81,0
DA:83,0
DA:85,0
DA:87,0
DA:89,0
DA:91,0
DA:95,0
DA:97,0
DA:99,0
DA:101,0
DA:103,0
DA:105,0
DA:107,0
DA:109,0
DA:111,0
DA:113,0
DA:115,0
DA:117,0
DA:121,0
DA:123,0
DA:125,0
DA:127,0
DA:129,0
DA:131,0
DA:133,0
DA:135,0
DA:137,0
DA:139,0
DA:141,0
DA:143,0
DA:147,0
DA:149,0
DA:151,0
DA:153,0
DA:155,0
DA:157,0
DA:159,0
DA:161,0
DA:163,0
DA:165,0
DA:167,0
DA:169,0
DA:173,0
DA:175,0
DA:177,0
DA:179,0
DA:181,0
DA:183,0
DA:185,0
DA:187,0
DA:189,0
DA:191,0
DA:194,0
DA:196,0
DA:201,0
DA:204,0
DA:206,0
DA:208,0
DA:212,0
DA:219,0
DA:220,0
DA:223,0
LF:98
LH:0
BRDA:17,0,0,0
BRDA:17,0,1,0
BRDA:17,1,0,0
BRDA:17,1,1,0
BRDA:21,2,0,0
BRDA:21,2,1,0
BRDA:21,3,0,0
BRDA:21,3,1,0
BRDA:25,4,0,0
BRDA:25,4,1,0
BRDA:25,5,0,0
BRDA:25,5,1,0
BRDA:29,6,0,0
BRDA:29,6,1,0
BRDA:29,7,0,0
BRDA:29,7,1,0
BRDA:33,8,0,0
BRDA:33,8,1,0
BRDA:33,9,0,0
BRDA:33,9,1,0
BRDA:37,10,0,0
BRDA:37,10,1,0
BRDA:37,11,0,0
BRDA:37,11,1,0
BRDA:43,12,0,0
BRDA:43,12,1,0
BRDA:43,13,0,0
BRDA:43,13,1,0
BRDA:47,14,0,0
BRDA:47,14,1,0
BRDA:47,15,0,0
BRDA:47,15,1,0
BRDA:51,16,0,0
BRDA:51,16,1,0
BRDA:51,17,0,0
BRDA:51,17,1,0
BRDA:55,18,0,0
BRDA:55,18,1,0
BRDA:55,19,0,0
BRDA:55,19,1,0
BRDA:59,20,0,0
BRDA:59,20,1,0
BRDA:59,21,0,0
BRDA:59,21,1,0
BRDA:63,22,0,0
BRDA:63,22,1,0
BRDA:63,23,0,0
BRDA:63,23,1,0
BRDA:69,24,0,0
BRDA:69,24,1,0
BRDA:69,25,0,0
BRDA:69,25,1,0
BRDA:73,26,0,0
BRDA:73,26,1,0
BRDA:73,27,0,0
BRDA:73,27,1,0
BRDA:77,28,0,0
BRDA:77,28,1,0
BRDA:77,29,0,0
BRDA:77,29,1,0
BRDA:81,30,0,0
BRDA:81,30,1,0
BRDA:81,31,0,0
BRDA:81,31,1,0
BRDA:85,32,0,0
BRDA:85,32,1,0
BRDA:85,33,0,0
BRDA:85,33,1,0
BRDA:89,34,0,0
BRDA:89,34,1,0
BRDA:89,35,0,0
BRDA:89,35,1,0
BRDA:95,36,0,0
BRDA:95,36,1,0
BRDA:95,37,0,0
BRDA:95,37,1,0
BRDA:99,38,0,0
BRDA:99,38,1,0
BRDA:99,39,0,0
BRDA:99,39,1,0
BRDA:103,40,0,0
BRDA:103,40,1,0
BRDA:103,41,0,0
BRDA:103,41,1,0
BRDA:107,42,0,0
BRDA:107,42,1,0
BRDA:107,43,0,0
BRDA:107,43,1,0
BRDA:111,44,0,0
BRDA:111,44,1,0
BRDA:111,45,0,0
BRDA:111,45,1,0
BRDA:115,46,0,0
BRDA:115,46,1,0
BRDA:115,47,0,0
BRDA:115,47,1,0
BRDA:121,48,0,0
BRDA:121,48,1,0
BRDA:121,49,0,0
BRDA:121,49,1,0
BRDA:125,50,0,0
BRDA:125,50,1,0
BRDA:125,51,0,0
BRDA:125,51,1,0
BRDA:129,52,0,0
BRDA:129,52,1,0
BRDA:129,53,0,0
BRDA:129,53,1,0
BRDA:133,54,0,0
BRDA:133,54,1,0
BRDA:133,55,0,0
BRDA:133,55,1,0
BRDA:137,56,0,0
BRDA:137,56,1,0
BRDA:137,57,0,0
BRDA:137,57,1,0
BRDA:141,58,0,0
BRDA:141,58,1,0
BRDA:141,59,0,0
BRDA:141,59,1,0
BRDA:147,60,0,0
BRDA:147,60,1,0
BRDA:147,61,0,0
BRDA:147,61,1,0
BRDA:151,62,0,0
BRDA:151,62,1,0
BRDA:151,63,0,0
BRDA:151,63,1,0
BRDA:155,64,0,0
BRDA:155,64,1,0
BRDA:155,65,0,0
BRDA:155,65,1,0
BRDA:159,66,0,0
BRDA:159,66,1,0
BRDA:159,67,0,0
BRDA:159,67,1,0
BRDA:163,68,0,0
BRDA:163,68,1,0
BRDA:163,69,0,0
BRDA:163,69,1,0
BRDA:167,70,0,0
BRDA:167,70,1,0
BRDA:167,71,0,0
BRDA:167,71,1,0
BRDA:173,72,0,0
BRDA:173,72,1,0
BRDA:173,73,0,0
BRDA:173,73,1,0
BRDA:177,74,0,0
BRDA:177,74,1,0
BRDA:177,75,0,0
BRDA:177,75,1,0
BRDA:181,76,0,0
BRDA:181,76,1,0
BRDA:181,77,0,0
BRDA:181,77,1,0
BRDA:185,78,0,0
BRDA:185,78,1,0
BRDA:185,79,0,0
BRDA:185,79,1,0
BRDA:189,80,0,0
BRDA:189,80,1,0
BRDA:189,81,0,0
BRDA:189,81,1,0
BRDA:194,82,0,0
BRDA:194,82,1,0
BRDA:194,83,0,0
BRDA:194,83,1,0
BRDA:206,84,0,0
BRDA:206,84,1,0
BRF:170
BRH:0
end_of_record
